{"logTime": "0713/205300", "correlationVector":"WlxcE5C1ExmhVHX36x+XQj.1","action":"SyncServerConnectionManagerRequest", "result":"SYNC_SERVER_OK", "context":{"environment":"Prod_westus_prod-s01-081-nam-westus", "migrationStage":"NotStarted", "server":"akswtt10600000y"}}
{"logTime": "0713/205300", "correlationVector":"WlxcE5C1ExmhVHX36x+XQj.2","action":"ProcessGetUpdates", "result":"Done", "context":{"dataType":"Encryption Keys", "deleted":"0", "process_failed_to_decrypt":"0", "process_pending_decryption":"0", "process_success":"1", "total":"1"}}
{"logTime": "0713/205300", "correlationVector":"v70N4J4+1VzQiUtgV2gwh2","action":"SyncServerConnectionManagerRequest", "result":"SYNC_SERVER_OK", "context":{"environment":"", "migrationStage":"", "server":""}}
{"logTime": "0713/205300", "correlationVector":"v70N4J4+1VzQiUtgV2gwh2.0","action":"EncryptionKeysFetcher.DownloadKeys:", "result":"Success", "context":Key count: 10, Last key timestamp: 2026-07-03T13:55:35Z}
{"logTime": "0713/205300", "correlationVector":"v70N4J4+1VzQiUtgV2gwh2.1","action":"EncryptionKeysManager::SetEncryptionKeys:", "result":"Success", "context":Key names[10]:[VbrN5/Firx0jgeIhHClOyl+HZXIyLrZw020+K+QxThR+ZELbw3TBAsSgvLC+QyaQmedJm4n0cISVJHmu1SFCYQ==][1skNlUU0ja1XE0uXthpoYkpOeMVYzVHOfNYxfvDvKYuAKBlh5MKKbKx9pcurBh/sIA8YW8oDqchHgVjmBfhrDg==][5z7qP4rQ3cYaFnBLUamKasxxYsmj6cOtFJZ84cq8Ul6BFTaFRlXsqH8USk/EP5EsJSW8nMgpRuSdie22zCNGdQ==][wnguHgPzZVNLqEL/b7+RLsWuvyvvCpf5oYZxEy8EuvwfIYq57rWjKZDWHlaPwwU6NaW8toX1yVIfCh097EQGRA==][OgXFVGMGtEYiyFTf3OVYswrHZDPWrh0FQP8ld+UsMRaDufojLkmEbRiOe2jeVkAb2epO/NcTQWJv0uShsTiroQ==][OqjxAt7Sm9sqb8kShjLZGvdd6R3fw7Vex/SOAB6mbeZMXwDRhZUCAaYlbx0lO+YDf8Nb0siCgEpfVupvdSL+tQ==][Zw+U/UTZZ3Mgph/ttpPGeplqg8mSO86JTORA8Zm6wtlMESsc3YYXDW0KseiK9DJmNFDyWJ7gmM/xvq0/AL3/lA==][MhHHy5UsfRC4NLl08ZzdyiDko9VPdBVclpLutnMFspVbFI+fL7xDyUN5DvjQPJ9AT89cn/nt9HRbv+36p81pUA==][9yl1pcczx+F7qWIlnZl6eznoKvjTK4gUueML1NxtFAK4I4WY9aoW7fNvcCGCuuUOPN5lC9MVksWTHWwDLBmkcA==][lybflhN5e0L4U04H0xUt9oO/b5BjIzHUDowUHhnuCm2ua0dTvf/cmkXYWm7u/eXZ7FVB/J4oOlBs2dw1GLZCIQ==]}
{"logTime": "0713/205300", "correlationVector":"v70N4J4+1VzQiUtgV2gwh2.2","action":"EncryptionKeysManager::SetEncryptionKeysWithTimestamps:", "result":"Success", "context":Key timestamps[10]:[2022-05-31T21:53:02Z][2022-12-05T17:12:02Z][2023-01-04T20:58:20Z][2023-07-06T12:27:25Z][2024-01-03T20:24:05Z][2024-07-01T21:16:44Z][2025-01-03T17:51:19Z][2025-07-02T23:57:57Z][2025-12-31T00:08:50Z][2026-07-03T13:55:35Z]}
{"logTime": "0713/205300", "correlationVector":"WlxcE5C1ExmhVHX36x+XQj","action":"Initial GetUpdates", "result":"", "context":Reason: NEW_CLIENT. cV=WlxcE5C1ExmhVHX36x+XQj}
{"logTime": "0713/205300", "correlationVector":"WlxcE5C1ExmhVHX36x+XQj.3","action":"GetUpdates Response", "result":"Success", "context":Received 1 update(s). cV=WlxcE5C1ExmhVHX36x+XQj.0;server=akswtt10600000y;cloudType=Consumer;environment=Prod_westus_prod-s01-081-nam-westus;migrationStage=NotStarted}
{"logTime": "0713/205300", "correlationVector":"s7N72lYYdZrUuWjUgR0f+N","action":"Initial GetUpdates", "result":"", "context":Reason: NEWLY_SUPPORTED_DATATYPE. cV=s7N72lYYdZrUuWjUgR0f+N}
{"logTime": "0713/205300", "correlationVector":"s7N72lYYdZrUuWjUgR0f+N.1","action":"SyncServerConnectionManagerRequest", "result":"SYNC_SERVER_OK", "context":{"environment":"Prod_westus_prod-s01-081-nam-westus", "migrationStage":"NotStarted", "server":"akswtt10600000g"}}
{"logTime": "0713/205300", "correlationVector":"s7N72lYYdZrUuWjUgR0f+N.2","action":"ProcessGetUpdates", "result":"Done", "context":{"dataType":"Passwords", "deleted":"0", "process_failed_to_decrypt":"0", "process_pending_decryption":"0", "process_success":"228", "total":"228"}}
{"logTime": "0713/205300", "correlationVector":"s7N72lYYdZrUuWjUgR0f+N.3","action":"ProcessGetUpdates", "result":"Done", "context":{"dataType":"Device Info", "deleted":"0", "process_failed_to_decrypt":"0", "process_pending_decryption":"0", "process_success":"22", "total":"22"}}
{"logTime": "0713/205300", "correlationVector":"s7N72lYYdZrUuWjUgR0f+N.4","action":"GetUpdates Response", "result":"Success", "context":Received 250 update(s). cV=s7N72lYYdZrUuWjUgR0f+N.0;server=akswtt10600000g;cloudType=Consumer;environment=Prod_westus_prod-s01-081-nam-westus;migrationStage=NotStarted Some updates remain.}
{"logTime": "0713/205300", "correlationVector":"+DGyXA2ehwo3ZVlRuQP6L5","action":"Initial GetUpdates", "result":"", "context":Reason: NEWLY_SUPPORTED_DATATYPE. cV=+DGyXA2ehwo3ZVlRuQP6L5}
{"logTime": "0713/205301", "correlationVector":"+DGyXA2ehwo3ZVlRuQP6L5.1","action":"SyncServerConnectionManagerRequest", "result":"SYNC_SERVER_OK", "context":{"environment":"Prod_westus_prod-s01-081-nam-westus", "migrationStage":"NotStarted", "server":"akswtt10600001k"}}
{"logTime": "0713/205301", "correlationVector":"+DGyXA2ehwo3ZVlRuQP6L5.2","action":"ProcessGetUpdates", "result":"Done", "context":{"dataType":"Passwords", "deleted":"0", "process_failed_to_decrypt":"0", "process_pending_decryption":"0", "process_success":"250", "total":"250"}}
{"logTime": "0713/205301", "correlationVector":"+DGyXA2ehwo3ZVlRuQP6L5.3","action":"GetUpdates Response", "result":"Success", "context":Received 250 update(s). cV=+DGyXA2ehwo3ZVlRuQP6L5.0;server=akswtt10600001k;cloudType=Consumer;environment=Prod_westus_prod-s01-081-nam-westus;migrationStage=NotStarted Some updates remain.}
{"logTime": "0713/205301", "correlationVector":"qUi55FHUzSDUJc0NGrTMBg","action":"Initial GetUpdates", "result":"", "context":Reason: NEWLY_SUPPORTED_DATATYPE. cV=qUi55FHUzSDUJc0NGrTMBg}
{"logTime": "0713/205301", "correlationVector":"qUi55FHUzSDUJc0NGrTMBg.1","action":"SyncServerConnectionManagerRequest", "result":"SYNC_SERVER_OK", "context":{"environment":"Prod_westus_prod-s01-081-nam-westus", "migrationStage":"NotStarted", "server":"akswtt10600000d"}}
{"logTime": "0713/205301", "correlationVector":"qUi55FHUzSDUJc0NGrTMBg.2","action":"ProcessGetUpdates", "result":"Done", "context":{"dataType":"Passwords", "deleted":"0", "process_failed_to_decrypt":"0", "process_pending_decryption":"0", "process_success":"139", "total":"139"}}
{"logTime": "0713/205301", "correlationVector":"qUi55FHUzSDUJc0NGrTMBg.3","action":"ProcessGetUpdates", "result":"Done", "context":{"dataType":"Device Info", "deleted":"0", "process_failed_to_decrypt":"0", "process_pending_decryption":"0", "process_success":"3", "total":"3"}}
{"logTime": "0713/205301", "correlationVector":"qUi55FHUzSDUJc0NGrTMBg.4","action":"GetUpdates Response", "result":"Success", "context":Received 142 update(s). cV=qUi55FHUzSDUJc0NGrTMBg.0;server=akswtt10600000d;cloudType=Consumer;environment=Prod_westus_prod-s01-081-nam-westus;migrationStage=NotStarted}
{"logTime": "0713/205301", "correlationVector":"9Z8ldWzrTnFHRy74KPUnmT","action":"Initial GetUpdates", "result":"", "context":Reason: NEWLY_SUPPORTED_DATATYPE. cV=9Z8ldWzrTnFHRy74KPUnmT}
{"logTime": "0713/205301", "correlationVector":"9Z8ldWzrTnFHRy74KPUnmT.1","action":"SyncServerConnectionManagerRequest", "result":"SYNC_SERVER_OK", "context":{"environment":"Prod_westus_prod-s01-081-nam-westus", "migrationStage":"NotStarted", "server":"akswtt106000003"}}
{"logTime": "0713/205301", "correlationVector":"9Z8ldWzrTnFHRy74KPUnmT.2","action":"ProcessGetUpdates", "result":"Done", "context":{"dataType":"Bookmarks", "deleted":"0", "process_failed_to_decrypt":"0", "process_pending_decryption":"0", "process_success":"147", "total":"147"}}
{"logTime": "0713/205301", "correlationVector":"9Z8ldWzrTnFHRy74KPUnmT.3","action":"ProcessGetUpdates", "result":"Done", "context":{"dataType":"Preferences", "deleted":"0", "process_failed_to_decrypt":"0", "process_pending_decryption":"0", "process_success":"71", "total":"71"}}
{"logTime": "0713/205301", "correlationVector":"9Z8ldWzrTnFHRy74KPUnmT.4","action":"ProcessGetUpdates", "result":"Done", "context":{"dataType":"Autofill", "deleted":"0", "process_failed_to_decrypt":"0", "process_pending_decryption":"0", "process_success":"30", "total":"30"}}
{"logTime": "0713/205301", "correlationVector":"9Z8ldWzrTnFHRy74KPUnmT.5","action":"ProcessGetUpdates", "result":"Done", "context":{"dataType":"Extensions", "deleted":"0", "process_failed_to_decrypt":"0", "process_pending_decryption":"0", "process_success":"1", "total":"1"}}
{"logTime": "0713/205301", "correlationVector":"9Z8ldWzrTnFHRy74KPUnmT.6","action":"ProcessGetUpdates", "result":"Done", "context":{"dataType":"Extension settings", "deleted":"0", "process_failed_to_decrypt":"0", "process_pending_decryption":"0", "process_success":"1", "total":"1"}}
{"logTime": "0713/205301", "correlationVector":"9Z8ldWzrTnFHRy74KPUnmT.7","action":"GetUpdates Response", "result":"Success", "context":Received 250 update(s). cV=9Z8ldWzrTnFHRy74KPUnmT.0;server=akswtt106000003;cloudType=Consumer;environment=Prod_westus_prod-s01-081-nam-westus;migrationStage=NotStarted Some updates remain.}
{"logTime": "0713/205301", "correlationVector":"vMDAlyQDREn9M4J3lyQW/g","action":"Initial GetUpdates", "result":"", "context":Reason: NEWLY_SUPPORTED_DATATYPE. cV=vMDAlyQDREn9M4J3lyQW/g}
{"logTime": "0713/205302", "correlationVector":"vMDAlyQDREn9M4J3lyQW/g.1","action":"SyncServerConnectionManagerRequest", "result":"SYNC_SERVER_OK", "context":{"environment":"Prod_westus_prod-s01-081-nam-westus", "migrationStage":"NotStarted", "server":"akswtt10600000h"}}
{"logTime": "0713/205302", "correlationVector":"vMDAlyQDREn9M4J3lyQW/g.2","action":"ProcessGetUpdates", "result":"Done", "context":{"dataType":"Autofill", "deleted":"0", "process_failed_to_decrypt":"0", "process_pending_decryption":"0", "process_success":"250", "total":"250"}}
{"logTime": "0713/205302", "correlationVector":"vMDAlyQDREn9M4J3lyQW/g.3","action":"GetUpdates Response", "result":"Success", "context":Received 250 update(s). cV=vMDAlyQDREn9M4J3lyQW/g.0;server=akswtt10600000h;cloudType=Consumer;environment=Prod_westus_prod-s01-081-nam-westus;migrationStage=NotStarted Some updates remain.}
{"logTime": "0713/205302", "correlationVector":"vjYIehFInwPTqZeFq4J9C8","action":"Initial GetUpdates", "result":"", "context":Reason: NEWLY_SUPPORTED_DATATYPE. cV=vjYIehFInwPTqZeFq4J9C8}
{"logTime": "0713/205302", "correlationVector":"vjYIehFInwPTqZeFq4J9C8.1","action":"SyncServerConnectionManagerRequest", "result":"SYNC_SERVER_OK", "context":{"environment":"Prod_westus_prod-s01-081-nam-westus", "migrationStage":"NotStarted", "server":"akswtt10600000b"}}
{"logTime": "0713/205302", "correlationVector":"vjYIehFInwPTqZeFq4J9C8.2","action":"ProcessGetUpdates", "result":"Done", "context":{"dataType":"Autofill", "deleted":"0", "process_failed_to_decrypt":"0", "process_pending_decryption":"0", "process_success":"250", "total":"250"}}
{"logTime": "0713/205302", "correlationVector":"vjYIehFInwPTqZeFq4J9C8.3","action":"GetUpdates Response", "result":"Success", "context":Received 250 update(s). cV=vjYIehFInwPTqZeFq4J9C8.0;server=akswtt10600000b;cloudType=Consumer;environment=Prod_westus_prod-s01-081-nam-westus;migrationStage=NotStarted Some updates remain.}
{"logTime": "0713/205302", "correlationVector":"4FEmjPEiFgLTUMJE5Czg45","action":"Initial GetUpdates", "result":"", "context":Reason: NEWLY_SUPPORTED_DATATYPE. cV=4FEmjPEiFgLTUMJE5Czg45}
{"logTime": "0713/205302", "correlationVector":"4FEmjPEiFgLTUMJE5Czg45.1","action":"SyncServerConnectionManagerRequest", "result":"SYNC_SERVER_OK", "context":{"environment":"Prod_westus_prod-s01-081-nam-westus", "migrationStage":"NotStarted", "server":"akswtt10600001q"}}
{"logTime": "0713/205302", "correlationVector":"4FEmjPEiFgLTUMJE5Czg45.2","action":"ProcessGetUpdates", "result":"Done", "context":{"dataType":"Autofill", "deleted":"0", "process_failed_to_decrypt":"0", "process_pending_decryption":"0", "process_success":"250", "total":"250"}}
{"logTime": "0713/205302", "correlationVector":"4FEmjPEiFgLTUMJE5Czg45.3","action":"GetUpdates Response", "result":"Success", "context":Received 250 update(s). cV=4FEmjPEiFgLTUMJE5Czg45.0;server=akswtt10600001q;cloudType=Consumer;environment=Prod_westus_prod-s01-081-nam-westus;migrationStage=NotStarted Some updates remain.}
{"logTime": "0713/205302", "correlationVector":"CWIULG4/zgW3rLcXRyNxmc","action":"Initial GetUpdates", "result":"", "context":Reason: NEWLY_SUPPORTED_DATATYPE. cV=CWIULG4/zgW3rLcXRyNxmc}
{"logTime": "0713/205303", "correlationVector":"CWIULG4/zgW3rLcXRyNxmc.1","action":"SyncServerConnectionManagerRequest", "result":"SYNC_SERVER_OK", "context":{"environment":"Prod_westus_prod-s01-081-nam-westus", "migrationStage":"NotStarted", "server":"akswtt10600000i"}}
{"logTime": "0713/205303", "correlationVector":"CWIULG4/zgW3rLcXRyNxmc.2","action":"ProcessGetUpdates", "result":"Done", "context":{"dataType":"Autofill", "deleted":"0", "process_failed_to_decrypt":"0", "process_pending_decryption":"0", "process_success":"250", "total":"250"}}
{"logTime": "0713/205303", "correlationVector":"CWIULG4/zgW3rLcXRyNxmc.3","action":"GetUpdates Response", "result":"Success", "context":Received 250 update(s). cV=CWIULG4/zgW3rLcXRyNxmc.0;server=akswtt10600000i;cloudType=Consumer;environment=Prod_westus_prod-s01-081-nam-westus;migrationStage=NotStarted Some updates remain.}
{"logTime": "0713/205303", "correlationVector":"+OcFnvaAUMP/Uyv3EzuRA+","action":"Initial GetUpdates", "result":"", "context":Reason: NEWLY_SUPPORTED_DATATYPE. cV=+OcFnvaAUMP/Uyv3EzuRA+}
{"logTime": "0713/205303", "correlationVector":"+OcFnvaAUMP/Uyv3EzuRA+","action":"SyncServerConnectionManagerRequest", "result":"CONNECTION_UNAVAILABLE", "context":{"error_type":"net_error_code", "error_value":"-3"}}
