2026-06-25 16:29:46 - Starting C:\Program Files\nodejs\node.exe  C:\Users\admin\AppData\Roaming\npm\node_modules\node-windows\lib\wrapper.js --file C:\Users\admin\OneDrive\Desktop\Work\sinister-netsuite-sync\index.js --scriptoptions= --log "Sinister Diesel Sync wrapper" --grow 0.5 --wait 2 --maxrestarts 3 --abortonerror n --stopparentfirst undefined
2026-06-25 16:29:46 - Started 24020
2026-06-25 16:30:54 - Stopping sinisterdieselsync.exe
2026-06-25 16:30:54 - ProcessKill 24020
2026-06-25 16:30:54 - Found child process: 51212 Name: conhost.exe
2026-06-25 16:30:54 - Found child process: 41140 Name: node.exe
2026-06-25 16:30:54 - Stopping process 51212
2026-06-25 16:30:54 - Send SIGINT 51212
2026-06-25 16:30:54 - SIGINT to 51212 failed - Killing as fallback
2026-06-25 16:30:55 - Stopping process 41140
2026-06-25 16:30:55 - Send SIGINT 41140
2026-06-25 16:30:55 - SIGINT to 41140 failed - Killing as fallback
2026-06-25 16:30:55 - Stopping process 24020
2026-06-25 16:30:55 - Send SIGINT 24020
2026-06-25 16:30:55 - SIGINT to 24020 failed - Killing as fallback
2026-06-25 16:30:55 - Finished sinisterdieselsync.exe
2026-06-25 16:30:55 - Starting C:\Program Files\nodejs\node.exe  C:\Users\admin\AppData\Roaming\npm\node_modules\node-windows\lib\wrapper.js --file C:\Users\admin\OneDrive\Desktop\Work\sinister-netsuite-sync\index.js --scriptoptions= --log "Sinister Diesel Sync wrapper" --grow 0.5 --wait 2 --maxrestarts 3 --abortonerror n --stopparentfirst undefined
2026-06-25 16:30:55 - Started 47928
2026-06-25 16:41:01 - Stopping sinisterdieselsync.exe
2026-06-25 16:41:01 - ProcessKill 47928
2026-06-25 16:41:01 - Found child process: 38916 Name: conhost.exe
2026-06-25 16:41:01 - Found child process: 38408 Name: node.exe
2026-06-25 16:41:01 - Stopping process 38916
2026-06-25 16:41:01 - Send SIGINT 38916
2026-06-25 16:41:01 - SIGINT to 38916 failed - Killing as fallback
2026-06-25 16:41:01 - Stopping process 38408
2026-06-25 16:41:01 - Send SIGINT 38408
2026-06-25 16:41:01 - SIGINT to 38408 failed - Killing as fallback
2026-06-25 16:41:01 - Stopping process 47928
2026-06-25 16:41:01 - Send SIGINT 47928
2026-06-25 16:41:01 - SIGINT to 47928 failed - Killing as fallback
2026-06-25 16:41:01 - Finished sinisterdieselsync.exe
2026-06-25 16:41:01 - Starting C:\Program Files\nodejs\node.exe  C:\Users\admin\AppData\Roaming\npm\node_modules\node-windows\lib\wrapper.js --file C:\Users\admin\OneDrive\Desktop\Work\sinister-netsuite-sync\index.js --scriptoptions= --log "Sinister Diesel Sync wrapper" --grow 0.5 --wait 2 --maxrestarts 3 --abortonerror n --stopparentfirst undefined
2026-06-25 16:41:01 - Started 48220
2026-06-25 16:44:13 - Stopping sinisterdieselsync.exe
2026-06-25 16:44:13 - ProcessKill 48220
2026-06-25 16:44:13 - Found child process: 49652 Name: conhost.exe
2026-06-25 16:44:13 - Found child process: 18280 Name: node.exe
2026-06-25 16:44:14 - Stopping process 49652
2026-06-25 16:44:14 - Send SIGINT 49652
2026-06-25 16:44:14 - SIGINT to 49652 failed - Killing as fallback
2026-06-25 16:44:14 - Stopping process 18280
2026-06-25 16:44:14 - Send SIGINT 18280
2026-06-25 16:44:14 - SIGINT to 18280 failed - Killing as fallback
2026-06-25 16:44:14 - Stopping process 48220
2026-06-25 16:44:14 - Send SIGINT 48220
2026-06-25 16:44:14 - SIGINT to 48220 failed - Killing as fallback
2026-06-25 16:44:14 - Finished sinisterdieselsync.exe
2026-06-25 16:44:14 - Starting C:\Program Files\nodejs\node.exe  C:\Users\admin\AppData\Roaming\npm\node_modules\node-windows\lib\wrapper.js --file C:\Users\admin\OneDrive\Desktop\Work\sinister-netsuite-sync\index.js --scriptoptions= --log "Sinister Diesel Sync wrapper" --grow 0.5 --wait 2 --maxrestarts 3 --abortonerror n --stopparentfirst undefined
2026-06-25 16:44:14 - Started 24036
2026-06-26 08:02:36 - Stopping sinisterdieselsync.exe
2026-06-26 08:02:36 - ProcessKill 24036
2026-06-26 08:02:36 - Found child process: 58624 Name: conhost.exe
2026-06-26 08:02:36 - Found child process: 41432 Name: node.exe
2026-06-26 08:02:36 - Stopping process 58624
2026-06-26 08:02:36 - Send SIGINT 58624
2026-06-26 08:02:36 - SIGINT to 58624 failed - Killing as fallback
2026-06-26 08:02:36 - Stopping process 41432
2026-06-26 08:02:36 - Send SIGINT 41432
2026-06-26 08:02:36 - SIGINT to 41432 failed - Killing as fallback
2026-06-26 08:02:36 - Stopping process 24036
2026-06-26 08:02:36 - Send SIGINT 24036
2026-06-26 08:02:36 - SIGINT to 24036 failed - Killing as fallback
2026-06-26 08:02:36 - Finished sinisterdieselsync.exe
2026-06-26 08:02:37 - Starting C:\Program Files\nodejs\node.exe  C:\Users\admin\AppData\Roaming\npm\node_modules\node-windows\lib\wrapper.js --file C:\Users\admin\OneDrive\Desktop\Work\sinister-netsuite-sync\index.js --scriptoptions= --log "Sinister Diesel Sync wrapper" --grow 0.5 --wait 2 --maxrestarts 3 --abortonerror n --stopparentfirst undefined
2026-06-26 08:02:37 - Started 51716
2026-06-26 08:09:19 - Stopping sinisterdieselsync.exe
2026-06-26 08:09:19 - ProcessKill 51716
2026-06-26 08:09:19 - Found child process: 27792 Name: conhost.exe
2026-06-26 08:09:19 - Found child process: 38560 Name: node.exe
2026-06-26 08:09:19 - Stopping process 27792
2026-06-26 08:09:19 - Send SIGINT 27792
2026-06-26 08:09:19 - SIGINT to 27792 failed - Killing as fallback
2026-06-26 08:09:20 - Stopping process 38560
2026-06-26 08:09:20 - Send SIGINT 38560
2026-06-26 08:09:20 - SIGINT to 38560 failed - Killing as fallback
2026-06-26 08:09:20 - Stopping process 51716
2026-06-26 08:09:20 - Send SIGINT 51716
2026-06-26 08:09:20 - SIGINT to 51716 failed - Killing as fallback
2026-06-26 08:09:20 - Finished sinisterdieselsync.exe
2026-06-26 08:11:33 - Starting C:\Program Files\nodejs\node.exe  C:\Users\admin\AppData\Roaming\npm\node_modules\node-windows\lib\wrapper.js --file C:\Users\admin\OneDrive\Desktop\Work\sinister-netsuite-sync\index.js --scriptoptions= --log "Sinister Diesel Sync wrapper" --grow 0.5 --wait 2 --maxrestarts 3 --abortonerror n --stopparentfirst undefined
2026-06-26 08:11:33 - Started 18236
2026-06-26 10:27:55 - Stopping sinisterdieselsync.exe
2026-06-26 10:27:55 - ProcessKill 18236
2026-06-26 10:27:55 - Found child process: 15020 Name: conhost.exe
2026-06-26 10:27:55 - Found child process: 46632 Name: node.exe
2026-06-26 10:27:55 - Stopping process 15020
2026-06-26 10:27:55 - Send SIGINT 15020
2026-06-26 10:27:55 - SIGINT to 15020 failed - Killing as fallback
2026-06-26 10:27:56 - Stopping process 46632
2026-06-26 10:27:56 - Send SIGINT 46632
2026-06-26 10:27:56 - SIGINT to 46632 failed - Killing as fallback
2026-06-26 10:27:56 - Stopping process 18236
2026-06-26 10:27:56 - Send SIGINT 18236
2026-06-26 10:27:56 - SIGINT to 18236 failed - Killing as fallback
2026-06-26 10:27:56 - Finished sinisterdieselsync.exe
2026-06-26 10:27:56 - Starting C:\Program Files\nodejs\node.exe  C:\Users\admin\AppData\Roaming\npm\node_modules\node-windows\lib\wrapper.js --file C:\Users\admin\OneDrive\Desktop\Work\sinister-netsuite-sync\index.js --scriptoptions= --log "Sinister Diesel Sync wrapper" --grow 0.5 --wait 2 --maxrestarts 3 --abortonerror n --stopparentfirst undefined
2026-06-26 10:27:56 - Started 28264
2026-06-26 10:35:15 - Stopping sinisterdieselsync.exe
2026-06-26 10:35:15 - ProcessKill 28264
2026-06-26 10:35:15 - Found child process: 38920 Name: conhost.exe
2026-06-26 10:35:15 - Found child process: 44724 Name: node.exe
2026-06-26 10:35:15 - Stopping process 38920
2026-06-26 10:35:15 - Send SIGINT 38920
2026-06-26 10:35:15 - SIGINT to 38920 failed - Killing as fallback
2026-06-26 10:35:15 - Stopping process 44724
2026-06-26 10:35:15 - Send SIGINT 44724
2026-06-26 10:35:15 - SIGINT to 44724 failed - Killing as fallback
2026-06-26 10:35:15 - Stopping process 28264
2026-06-26 10:35:15 - Send SIGINT 28264
2026-06-26 10:35:15 - SIGINT to 28264 failed - Killing as fallback
2026-06-26 10:35:15 - Finished sinisterdieselsync.exe
2026-06-26 10:35:16 - Starting C:\Program Files\nodejs\node.exe  C:\Users\admin\AppData\Roaming\npm\node_modules\node-windows\lib\wrapper.js --file C:\Users\admin\OneDrive\Desktop\Work\sinister-netsuite-sync\index.js --scriptoptions= --log "Sinister Diesel Sync wrapper" --grow 0.5 --wait 2 --maxrestarts 3 --abortonerror n --stopparentfirst undefined
2026-06-26 10:35:16 - Started 38452
2026-06-26 10:36:30 - Stopping sinisterdieselsync.exe
2026-06-26 10:36:30 - ProcessKill 38452
2026-06-26 10:36:31 - Found child process: 22676 Name: conhost.exe
2026-06-26 10:36:31 - Found child process: 31452 Name: node.exe
2026-06-26 10:36:31 - Stopping process 22676
2026-06-26 10:36:31 - Send SIGINT 22676
2026-06-26 10:36:31 - SIGINT to 22676 failed - Killing as fallback
2026-06-26 10:36:31 - Stopping process 31452
2026-06-26 10:36:31 - Send SIGINT 31452
2026-06-26 10:36:31 - SIGINT to 31452 failed - Killing as fallback
2026-06-26 10:36:31 - Stopping process 38452
2026-06-26 10:36:31 - Send SIGINT 38452
2026-06-26 10:36:31 - SIGINT to 38452 failed - Killing as fallback
2026-06-26 10:36:31 - Finished sinisterdieselsync.exe
2026-06-26 10:36:31 - Starting C:\Program Files\nodejs\node.exe  C:\Users\admin\AppData\Roaming\npm\node_modules\node-windows\lib\wrapper.js --file C:\Users\admin\OneDrive\Desktop\Work\sinister-netsuite-sync\index.js --scriptoptions= --log "Sinister Diesel Sync wrapper" --grow 0.5 --wait 2 --maxrestarts 3 --abortonerror n --stopparentfirst undefined
2026-06-26 10:36:31 - Started 45464
2026-06-26 11:03:50 - Stopping sinisterdieselsync.exe
2026-06-26 11:03:50 - ProcessKill 45464
2026-06-26 11:03:50 - Found child process: 46308 Name: conhost.exe
2026-06-26 11:03:50 - Found child process: 40696 Name: node.exe
2026-06-26 11:03:50 - Stopping process 46308
2026-06-26 11:03:50 - Send SIGINT 46308
2026-06-26 11:03:50 - SIGINT to 46308 failed - Killing as fallback
2026-06-26 11:03:50 - Stopping process 40696
2026-06-26 11:03:50 - Send SIGINT 40696
2026-06-26 11:03:50 - SIGINT to 40696 failed - Killing as fallback
2026-06-26 11:03:50 - Stopping process 45464
2026-06-26 11:03:50 - Send SIGINT 45464
2026-06-26 11:03:50 - SIGINT to 45464 failed - Killing as fallback
2026-06-26 11:03:50 - Finished sinisterdieselsync.exe
2026-06-26 11:03:50 - Starting C:\Program Files\nodejs\node.exe  C:\Users\admin\AppData\Roaming\npm\node_modules\node-windows\lib\wrapper.js --file C:\Users\admin\OneDrive\Desktop\Work\sinister-netsuite-sync\index.js --scriptoptions= --log "Sinister Diesel Sync wrapper" --grow 0.5 --wait 2 --maxrestarts 3 --abortonerror n --stopparentfirst undefined
2026-06-26 11:03:50 - Started 42332
2026-06-26 11:07:20 - Stopping sinisterdieselsync.exe
2026-06-26 11:07:20 - ProcessKill 42332
2026-06-26 11:07:20 - Found child process: 17420 Name: conhost.exe
2026-06-26 11:07:20 - Found child process: 55004 Name: node.exe
2026-06-26 11:07:21 - Stopping process 17420
2026-06-26 11:07:21 - Send SIGINT 17420
2026-06-26 11:07:21 - SIGINT to 17420 failed - Killing as fallback
2026-06-26 11:07:21 - Stopping process 55004
2026-06-26 11:07:21 - Send SIGINT 55004
2026-06-26 11:07:21 - SIGINT to 55004 failed - Killing as fallback
2026-06-26 11:07:21 - Stopping process 42332
2026-06-26 11:07:21 - Send SIGINT 42332
2026-06-26 11:07:21 - SIGINT to 42332 failed - Killing as fallback
2026-06-26 11:07:21 - Finished sinisterdieselsync.exe
2026-06-26 11:07:21 - Starting C:\Program Files\nodejs\node.exe  C:\Users\admin\AppData\Roaming\npm\node_modules\node-windows\lib\wrapper.js --file C:\Users\admin\OneDrive\Desktop\Work\sinister-netsuite-sync\index.js --scriptoptions= --log "Sinister Diesel Sync wrapper" --grow 0.5 --wait 2 --maxrestarts 3 --abortonerror n --stopparentfirst undefined
2026-06-26 11:07:21 - Started 37524
2026-06-26 11:12:38 - Stopping sinisterdieselsync.exe
2026-06-26 11:12:38 - ProcessKill 37524
2026-06-26 11:12:38 - Found child process: 18328 Name: conhost.exe
2026-06-26 11:12:38 - Found child process: 27688 Name: node.exe
2026-06-26 11:12:38 - Stopping process 18328
2026-06-26 11:12:38 - Send SIGINT 18328
2026-06-26 11:12:38 - SIGINT to 18328 failed - Killing as fallback
2026-06-26 11:12:38 - Stopping process 27688
2026-06-26 11:12:38 - Send SIGINT 27688
2026-06-26 11:12:38 - SIGINT to 27688 failed - Killing as fallback
2026-06-26 11:12:38 - Stopping process 37524
2026-06-26 11:12:38 - Send SIGINT 37524
2026-06-26 11:12:38 - SIGINT to 37524 failed - Killing as fallback
2026-06-26 11:12:38 - Finished sinisterdieselsync.exe
2026-06-26 11:12:39 - Starting C:\Program Files\nodejs\node.exe  C:\Users\admin\AppData\Roaming\npm\node_modules\node-windows\lib\wrapper.js --file C:\Users\admin\OneDrive\Desktop\Work\sinister-netsuite-sync\index.js --scriptoptions= --log "Sinister Diesel Sync wrapper" --grow 0.5 --wait 2 --maxrestarts 3 --abortonerror n --stopparentfirst undefined
2026-06-26 11:12:39 - Started 27320
2026-06-26 11:15:57 - Stopping sinisterdieselsync.exe
2026-06-26 11:15:57 - ProcessKill 27320
2026-06-26 11:15:57 - Found child process: 45952 Name: conhost.exe
2026-06-26 11:15:57 - Found child process: 56800 Name: node.exe
2026-06-26 11:15:57 - Stopping process 45952
2026-06-26 11:15:57 - Send SIGINT 45952
2026-06-26 11:15:57 - SIGINT to 45952 failed - Killing as fallback
2026-06-26 11:15:57 - Stopping process 56800
2026-06-26 11:15:57 - Send SIGINT 56800
2026-06-26 11:15:57 - SIGINT to 56800 failed - Killing as fallback
2026-06-26 11:15:57 - Stopping process 27320
2026-06-26 11:15:57 - Send SIGINT 27320
2026-06-26 11:15:57 - SIGINT to 27320 failed - Killing as fallback
2026-06-26 11:15:57 - Finished sinisterdieselsync.exe
2026-06-26 11:15:58 - Starting C:\Program Files\nodejs\node.exe  C:\Users\admin\AppData\Roaming\npm\node_modules\node-windows\lib\wrapper.js --file C:\Users\admin\OneDrive\Desktop\Work\sinister-netsuite-sync\index.js --scriptoptions= --log "Sinister Diesel Sync wrapper" --grow 0.5 --wait 2 --maxrestarts 3 --abortonerror n --stopparentfirst undefined
2026-06-26 11:15:58 - Started 22916
2026-06-26 11:17:36 - Stopping sinisterdieselsync.exe
2026-06-26 11:17:36 - ProcessKill 22916
2026-06-26 11:17:36 - Found child process: 18924 Name: conhost.exe
2026-06-26 11:17:36 - Found child process: 36272 Name: node.exe
2026-06-26 11:17:36 - Stopping process 18924
2026-06-26 11:17:36 - Send SIGINT 18924
2026-06-26 11:17:36 - SIGINT to 18924 failed - Killing as fallback
2026-06-26 11:17:36 - Stopping process 36272
2026-06-26 11:17:36 - Send SIGINT 36272
2026-06-26 11:17:36 - SIGINT to 36272 failed - Killing as fallback
2026-06-26 11:17:36 - Stopping process 22916
2026-06-26 11:17:36 - Send SIGINT 22916
2026-06-26 11:17:36 - SIGINT to 22916 failed - Killing as fallback
2026-06-26 11:17:36 - Finished sinisterdieselsync.exe
2026-06-26 11:17:36 - Starting C:\Program Files\nodejs\node.exe  C:\Users\admin\AppData\Roaming\npm\node_modules\node-windows\lib\wrapper.js --file C:\Users\admin\OneDrive\Desktop\Work\sinister-netsuite-sync\index.js --scriptoptions= --log "Sinister Diesel Sync wrapper" --grow 0.5 --wait 2 --maxrestarts 3 --abortonerror n --stopparentfirst undefined
2026-06-26 11:17:36 - Started 16572
2026-06-26 11:18:52 - Stopping sinisterdieselsync.exe
2026-06-26 11:18:52 - ProcessKill 16572
2026-06-26 11:18:53 - Found child process: 20200 Name: conhost.exe
2026-06-26 11:18:53 - Found child process: 1544 Name: node.exe
2026-06-26 11:18:53 - Stopping process 20200
2026-06-26 11:18:53 - Send SIGINT 20200
2026-06-26 11:18:53 - SIGINT to 20200 failed - Killing as fallback
2026-06-26 11:18:53 - Stopping process 1544
2026-06-26 11:18:53 - Send SIGINT 1544
2026-06-26 11:18:53 - SIGINT to 1544 failed - Killing as fallback
2026-06-26 11:18:53 - Stopping process 16572
2026-06-26 11:18:53 - Send SIGINT 16572
2026-06-26 11:18:53 - SIGINT to 16572 failed - Killing as fallback
2026-06-26 11:18:53 - Finished sinisterdieselsync.exe
2026-06-26 11:18:53 - Starting C:\Program Files\nodejs\node.exe  C:\Users\admin\AppData\Roaming\npm\node_modules\node-windows\lib\wrapper.js --file C:\Users\admin\OneDrive\Desktop\Work\sinister-netsuite-sync\index.js --scriptoptions= --log "Sinister Diesel Sync wrapper" --grow 0.5 --wait 2 --maxrestarts 3 --abortonerror n --stopparentfirst undefined
2026-06-26 11:18:53 - Started 9432
2026-06-26 11:20:08 - Stopping sinisterdieselsync.exe
2026-06-26 11:20:08 - ProcessKill 9432
2026-06-26 11:20:09 - Found child process: 45008 Name: conhost.exe
2026-06-26 11:20:09 - Found child process: 44136 Name: node.exe
2026-06-26 11:20:09 - Stopping process 45008
2026-06-26 11:20:09 - Send SIGINT 45008
2026-06-26 11:20:09 - SIGINT to 45008 failed - Killing as fallback
2026-06-26 11:20:09 - Stopping process 44136
2026-06-26 11:20:09 - Send SIGINT 44136
2026-06-26 11:20:09 - SIGINT to 44136 failed - Killing as fallback
2026-06-26 11:20:09 - Stopping process 9432
2026-06-26 11:20:09 - Send SIGINT 9432
2026-06-26 11:20:09 - SIGINT to 9432 failed - Killing as fallback
2026-06-26 11:20:09 - Finished sinisterdieselsync.exe
2026-06-26 11:20:09 - Starting C:\Program Files\nodejs\node.exe  C:\Users\admin\AppData\Roaming\npm\node_modules\node-windows\lib\wrapper.js --file C:\Users\admin\OneDrive\Desktop\Work\sinister-netsuite-sync\index.js --scriptoptions= --log "Sinister Diesel Sync wrapper" --grow 0.5 --wait 2 --maxrestarts 3 --abortonerror n --stopparentfirst undefined
2026-06-26 11:20:09 - Started 50848
2026-06-26 11:27:20 - Stopping sinisterdieselsync.exe
2026-06-26 11:27:20 - ProcessKill 50848
2026-06-26 11:27:20 - Found child process: 52136 Name: conhost.exe
2026-06-26 11:27:20 - Found child process: 45216 Name: node.exe
2026-06-26 11:27:20 - Stopping process 52136
2026-06-26 11:27:20 - Send SIGINT 52136
2026-06-26 11:27:20 - SIGINT to 52136 failed - Killing as fallback
2026-06-26 11:27:20 - Stopping process 45216
2026-06-26 11:27:20 - Send SIGINT 45216
2026-06-26 11:27:20 - SIGINT to 45216 failed - Killing as fallback
2026-06-26 11:27:20 - Stopping process 50848
2026-06-26 11:27:20 - Send SIGINT 50848
2026-06-26 11:27:20 - SIGINT to 50848 failed - Killing as fallback
2026-06-26 11:27:20 - Finished sinisterdieselsync.exe
2026-06-26 11:27:20 - Starting C:\Program Files\nodejs\node.exe  C:\Users\admin\AppData\Roaming\npm\node_modules\node-windows\lib\wrapper.js --file C:\Users\admin\OneDrive\Desktop\Work\sinister-netsuite-sync\index.js --scriptoptions= --log "Sinister Diesel Sync wrapper" --grow 0.5 --wait 2 --maxrestarts 3 --abortonerror n --stopparentfirst undefined
2026-06-26 11:27:20 - Started 48848
2026-06-26 11:48:07 - Stopping sinisterdieselsync.exe
2026-06-26 11:48:07 - ProcessKill 48848
2026-06-26 11:48:08 - Found child process: 40676 Name: conhost.exe
2026-06-26 11:48:08 - Found child process: 37680 Name: node.exe
2026-06-26 11:48:08 - Stopping process 40676
2026-06-26 11:48:08 - Send SIGINT 40676
2026-06-26 11:48:08 - SIGINT to 40676 failed - Killing as fallback
2026-06-26 11:48:08 - Stopping process 37680
2026-06-26 11:48:08 - Send SIGINT 37680
2026-06-26 11:48:08 - SIGINT to 37680 failed - Killing as fallback
2026-06-26 11:48:08 - Stopping process 48848
2026-06-26 11:48:08 - Send SIGINT 48848
2026-06-26 11:48:08 - SIGINT to 48848 failed - Killing as fallback
2026-06-26 11:48:08 - Finished sinisterdieselsync.exe
2026-06-26 11:48:08 - Starting C:\Program Files\nodejs\node.exe  C:\Users\admin\AppData\Roaming\npm\node_modules\node-windows\lib\wrapper.js --file C:\Users\admin\OneDrive\Desktop\Work\sinister-netsuite-sync\index.js --scriptoptions= --log "Sinister Diesel Sync wrapper" --grow 0.5 --wait 2 --maxrestarts 3 --abortonerror n --stopparentfirst undefined
2026-06-26 11:48:08 - Started 22124
2026-06-26 11:48:26 - Stopping sinisterdieselsync.exe
2026-06-26 11:48:26 - ProcessKill 22124
2026-06-26 11:48:26 - Found child process: 41616 Name: conhost.exe
2026-06-26 11:48:26 - Found child process: 22168 Name: node.exe
2026-06-26 11:48:26 - Stopping process 41616
2026-06-26 11:48:26 - Send SIGINT 41616
2026-06-26 11:48:26 - SIGINT to 41616 failed - Killing as fallback
2026-06-26 11:48:26 - Stopping process 22168
2026-06-26 11:48:26 - Send SIGINT 22168
2026-06-26 11:48:26 - SIGINT to 22168 failed - Killing as fallback
2026-06-26 11:48:26 - Stopping process 22124
2026-06-26 11:48:26 - Send SIGINT 22124
2026-06-26 11:48:26 - SIGINT to 22124 failed - Killing as fallback
2026-06-26 11:48:26 - Finished sinisterdieselsync.exe
2026-06-26 11:48:27 - Starting C:\Program Files\nodejs\node.exe  C:\Users\admin\AppData\Roaming\npm\node_modules\node-windows\lib\wrapper.js --file C:\Users\admin\OneDrive\Desktop\Work\sinister-netsuite-sync\index.js --scriptoptions= --log "Sinister Diesel Sync wrapper" --grow 0.5 --wait 2 --maxrestarts 3 --abortonerror n --stopparentfirst undefined
2026-06-26 11:48:27 - Started 46488
2026-06-26 11:55:14 - Stopping sinisterdieselsync.exe
2026-06-26 11:55:14 - ProcessKill 46488
2026-06-26 11:55:15 - Found child process: 47292 Name: conhost.exe
2026-06-26 11:55:15 - Found child process: 55188 Name: node.exe
2026-06-26 11:55:15 - Stopping process 47292
2026-06-26 11:55:15 - Send SIGINT 47292
2026-06-26 11:55:15 - SIGINT to 47292 failed - Killing as fallback
2026-06-26 11:55:15 - Stopping process 55188
2026-06-26 11:55:15 - Send SIGINT 55188
2026-06-26 11:55:15 - SIGINT to 55188 failed - Killing as fallback
2026-06-26 11:55:15 - Stopping process 46488
2026-06-26 11:55:15 - Send SIGINT 46488
2026-06-26 11:55:15 - SIGINT to 46488 failed - Killing as fallback
2026-06-26 11:55:15 - Finished sinisterdieselsync.exe
2026-06-26 11:55:15 - Starting C:\Program Files\nodejs\node.exe  C:\Users\admin\AppData\Roaming\npm\node_modules\node-windows\lib\wrapper.js --file C:\Users\admin\OneDrive\Desktop\Work\sinister-netsuite-sync\index.js --scriptoptions= --log "Sinister Diesel Sync wrapper" --grow 0.5 --wait 2 --maxrestarts 3 --abortonerror n --stopparentfirst undefined
2026-06-26 11:55:15 - Started 51220
2026-06-26 12:02:22 - Stopping sinisterdieselsync.exe
2026-06-26 12:02:22 - ProcessKill 51220
2026-06-26 12:02:22 - Found child process: 59304 Name: conhost.exe
2026-06-26 12:02:22 - Found child process: 43412 Name: node.exe
2026-06-26 12:02:22 - Stopping process 59304
2026-06-26 12:02:22 - Send SIGINT 59304
2026-06-26 12:02:22 - SIGINT to 59304 failed - Killing as fallback
2026-06-26 12:02:23 - Stopping process 43412
2026-06-26 12:02:23 - Send SIGINT 43412
2026-06-26 12:02:23 - SIGINT to 43412 failed - Killing as fallback
2026-06-26 12:02:23 - Stopping process 51220
2026-06-26 12:02:23 - Send SIGINT 51220
2026-06-26 12:02:23 - SIGINT to 51220 failed - Killing as fallback
2026-06-26 12:02:23 - Finished sinisterdieselsync.exe
2026-06-26 12:02:23 - Starting C:\Program Files\nodejs\node.exe  C:\Users\admin\AppData\Roaming\npm\node_modules\node-windows\lib\wrapper.js --file C:\Users\admin\OneDrive\Desktop\Work\sinister-netsuite-sync\index.js --scriptoptions= --log "Sinister Diesel Sync wrapper" --grow 0.5 --wait 2 --maxrestarts 3 --abortonerror n --stopparentfirst undefined
2026-06-26 12:02:23 - Started 44280
2026-06-26 12:06:54 - Stopping sinisterdieselsync.exe
2026-06-26 12:06:54 - ProcessKill 44280
2026-06-26 12:06:54 - Found child process: 24056 Name: conhost.exe
2026-06-26 12:06:54 - Found child process: 54292 Name: node.exe
2026-06-26 12:06:54 - Stopping process 24056
2026-06-26 12:06:54 - Send SIGINT 24056
2026-06-26 12:06:54 - SIGINT to 24056 failed - Killing as fallback
2026-06-26 12:06:54 - Stopping process 54292
2026-06-26 12:06:54 - Send SIGINT 54292
2026-06-26 12:06:54 - SIGINT to 54292 failed - Killing as fallback
2026-06-26 12:06:54 - Stopping process 44280
2026-06-26 12:06:54 - Send SIGINT 44280
2026-06-26 12:06:54 - SIGINT to 44280 failed - Killing as fallback
2026-06-26 12:06:54 - Finished sinisterdieselsync.exe
2026-06-26 12:06:54 - Starting C:\Program Files\nodejs\node.exe  C:\Users\admin\AppData\Roaming\npm\node_modules\node-windows\lib\wrapper.js --file C:\Users\admin\OneDrive\Desktop\Work\sinister-netsuite-sync\index.js --scriptoptions= --log "Sinister Diesel Sync wrapper" --grow 0.5 --wait 2 --maxrestarts 3 --abortonerror n --stopparentfirst undefined
2026-06-26 12:06:54 - Started 14236
2026-06-26 12:11:28 - Stopping sinisterdieselsync.exe
2026-06-26 12:11:28 - ProcessKill 14236
2026-06-26 12:11:29 - Found child process: 37344 Name: conhost.exe
2026-06-26 12:11:29 - Found child process: 35624 Name: node.exe
2026-06-26 12:11:29 - Stopping process 37344
2026-06-26 12:11:29 - Send SIGINT 37344
2026-06-26 12:11:29 - SIGINT to 37344 failed - Killing as fallback
2026-06-26 12:11:29 - Stopping process 35624
2026-06-26 12:11:29 - Send SIGINT 35624
2026-06-26 12:11:29 - SIGINT to 35624 failed - Killing as fallback
2026-06-26 12:11:29 - Stopping process 14236
2026-06-26 12:11:29 - Send SIGINT 14236
2026-06-26 12:11:29 - SIGINT to 14236 failed - Killing as fallback
2026-06-26 12:11:29 - Finished sinisterdieselsync.exe
2026-06-26 12:11:29 - Starting C:\Program Files\nodejs\node.exe  C:\Users\admin\AppData\Roaming\npm\node_modules\node-windows\lib\wrapper.js --file C:\Users\admin\OneDrive\Desktop\Work\sinister-netsuite-sync\index.js --scriptoptions= --log "Sinister Diesel Sync wrapper" --grow 0.5 --wait 2 --maxrestarts 3 --abortonerror n --stopparentfirst undefined
2026-06-26 12:11:29 - Started 32048
2026-06-26 12:13:06 - Stopping sinisterdieselsync.exe
2026-06-26 12:13:06 - ProcessKill 32048
2026-06-26 12:13:07 - Found child process: 47404 Name: conhost.exe
2026-06-26 12:13:07 - Found child process: 20168 Name: node.exe
2026-06-26 12:13:07 - Stopping process 47404
2026-06-26 12:13:07 - Send SIGINT 47404
2026-06-26 12:13:07 - SIGINT to 47404 failed - Killing as fallback
2026-06-26 12:13:07 - Stopping process 20168
2026-06-26 12:13:07 - Send SIGINT 20168
2026-06-26 12:13:07 - SIGINT to 20168 failed - Killing as fallback
2026-06-26 12:13:07 - Stopping process 32048
2026-06-26 12:13:07 - Send SIGINT 32048
2026-06-26 12:13:07 - SIGINT to 32048 failed - Killing as fallback
2026-06-26 12:13:07 - Finished sinisterdieselsync.exe
2026-06-26 12:13:07 - Starting C:\Program Files\nodejs\node.exe  C:\Users\admin\AppData\Roaming\npm\node_modules\node-windows\lib\wrapper.js --file C:\Users\admin\OneDrive\Desktop\Work\sinister-netsuite-sync\index.js --scriptoptions= --log "Sinister Diesel Sync wrapper" --grow 0.5 --wait 2 --maxrestarts 3 --abortonerror n --stopparentfirst undefined
2026-06-26 12:13:07 - Started 26656
2026-06-26 12:16:29 - Stopping sinisterdieselsync.exe
2026-06-26 12:16:29 - ProcessKill 26656
2026-06-26 12:16:29 - Found child process: 58744 Name: conhost.exe
2026-06-26 12:16:29 - Found child process: 28256 Name: node.exe
2026-06-26 12:16:29 - Stopping process 58744
2026-06-26 12:16:29 - Send SIGINT 58744
2026-06-26 12:16:29 - SIGINT to 58744 failed - Killing as fallback
2026-06-26 12:16:29 - Stopping process 28256
2026-06-26 12:16:29 - Send SIGINT 28256
2026-06-26 12:16:29 - SIGINT to 28256 failed - Killing as fallback
2026-06-26 12:16:29 - Stopping process 26656
2026-06-26 12:16:29 - Send SIGINT 26656
2026-06-26 12:16:29 - SIGINT to 26656 failed - Killing as fallback
2026-06-26 12:16:29 - Finished sinisterdieselsync.exe
2026-06-26 12:16:30 - Starting C:\Program Files\nodejs\node.exe  C:\Users\admin\AppData\Roaming\npm\node_modules\node-windows\lib\wrapper.js --file C:\Users\admin\OneDrive\Desktop\Work\sinister-netsuite-sync\index.js --scriptoptions= --log "Sinister Diesel Sync wrapper" --grow 0.5 --wait 2 --maxrestarts 3 --abortonerror n --stopparentfirst undefined
2026-06-26 12:16:30 - Started 30196
2026-06-26 12:31:37 - Stopping sinisterdieselsync.exe
2026-06-26 12:31:37 - ProcessKill 30196
2026-06-26 12:31:38 - Found child process: 53800 Name: conhost.exe
2026-06-26 12:31:38 - Found child process: 31400 Name: node.exe
2026-06-26 12:31:38 - Stopping process 53800
2026-06-26 12:31:38 - Send SIGINT 53800
2026-06-26 12:31:38 - SIGINT to 53800 failed - Killing as fallback
2026-06-26 12:31:38 - Stopping process 31400
2026-06-26 12:31:38 - Send SIGINT 31400
2026-06-26 12:31:38 - SIGINT to 31400 failed - Killing as fallback
2026-06-26 12:31:38 - Stopping process 30196
2026-06-26 12:31:38 - Send SIGINT 30196
2026-06-26 12:31:38 - SIGINT to 30196 failed - Killing as fallback
2026-06-26 12:31:38 - Finished sinisterdieselsync.exe
2026-06-26 12:31:38 - Starting C:\Program Files\nodejs\node.exe  C:\Users\admin\AppData\Roaming\npm\node_modules\node-windows\lib\wrapper.js --file C:\Users\admin\OneDrive\Desktop\Work\sinister-netsuite-sync\index.js --scriptoptions= --log "Sinister Diesel Sync wrapper" --grow 0.5 --wait 2 --maxrestarts 3 --abortonerror n --stopparentfirst undefined
2026-06-26 12:31:38 - Started 33408
2026-06-26 12:33:38 - Stopping sinisterdieselsync.exe
2026-06-26 12:33:38 - ProcessKill 33408
2026-06-26 12:33:39 - Found child process: 22232 Name: conhost.exe
2026-06-26 12:33:39 - Found child process: 55636 Name: node.exe
2026-06-26 12:33:39 - Stopping process 22232
2026-06-26 12:33:39 - Send SIGINT 22232
2026-06-26 12:33:39 - SIGINT to 22232 failed - Killing as fallback
2026-06-26 12:33:39 - Stopping process 55636
2026-06-26 12:33:39 - Send SIGINT 55636
2026-06-26 12:33:39 - SIGINT to 55636 failed - Killing as fallback
2026-06-26 12:33:39 - Stopping process 33408
2026-06-26 12:33:39 - Send SIGINT 33408
2026-06-26 12:33:39 - SIGINT to 33408 failed - Killing as fallback
2026-06-26 12:33:39 - Finished sinisterdieselsync.exe
2026-06-26 12:33:39 - Starting C:\Program Files\nodejs\node.exe  C:\Users\admin\AppData\Roaming\npm\node_modules\node-windows\lib\wrapper.js --file C:\Users\admin\OneDrive\Desktop\Work\sinister-netsuite-sync\index.js --scriptoptions= --log "Sinister Diesel Sync wrapper" --grow 0.5 --wait 2 --maxrestarts 3 --abortonerror n --stopparentfirst undefined
2026-06-26 12:33:39 - Started 37128
2026-06-26 12:37:26 - Stopping sinisterdieselsync.exe
2026-06-26 12:37:26 - ProcessKill 37128
2026-06-26 12:37:27 - Found child process: 12864 Name: conhost.exe
2026-06-26 12:37:27 - Found child process: 55072 Name: node.exe
2026-06-26 12:37:27 - Stopping process 12864
2026-06-26 12:37:27 - Send SIGINT 12864
2026-06-26 12:37:27 - SIGINT to 12864 failed - Killing as fallback
2026-06-26 12:37:27 - Stopping process 55072
2026-06-26 12:37:27 - Send SIGINT 55072
2026-06-26 12:37:27 - SIGINT to 55072 failed - Killing as fallback
2026-06-26 12:37:27 - Stopping process 37128
2026-06-26 12:37:27 - Send SIGINT 37128
2026-06-26 12:37:27 - SIGINT to 37128 failed - Killing as fallback
2026-06-26 12:37:27 - Finished sinisterdieselsync.exe
2026-06-26 12:37:27 - Starting C:\Program Files\nodejs\node.exe  C:\Users\admin\AppData\Roaming\npm\node_modules\node-windows\lib\wrapper.js --file C:\Users\admin\OneDrive\Desktop\Work\sinister-netsuite-sync\index.js --scriptoptions= --log "Sinister Diesel Sync wrapper" --grow 0.5 --wait 2 --maxrestarts 3 --abortonerror n --stopparentfirst undefined
2026-06-26 12:37:27 - Started 29524
2026-06-26 12:41:20 - Stopping sinisterdieselsync.exe
2026-06-26 12:41:20 - ProcessKill 29524
2026-06-26 12:41:20 - Found child process: 22576 Name: conhost.exe
2026-06-26 12:41:20 - Found child process: 21552 Name: node.exe
2026-06-26 12:41:21 - Stopping process 22576
2026-06-26 12:41:21 - Send SIGINT 22576
2026-06-26 12:41:21 - SIGINT to 22576 failed - Killing as fallback
2026-06-26 12:41:21 - Stopping process 21552
2026-06-26 12:41:21 - Send SIGINT 21552
2026-06-26 12:41:21 - SIGINT to 21552 failed - Killing as fallback
2026-06-26 12:41:21 - Stopping process 29524
2026-06-26 12:41:21 - Send SIGINT 29524
2026-06-26 12:41:21 - SIGINT to 29524 failed - Killing as fallback
2026-06-26 12:41:21 - Finished sinisterdieselsync.exe
2026-06-26 12:41:21 - Starting C:\Program Files\nodejs\node.exe  C:\Users\admin\AppData\Roaming\npm\node_modules\node-windows\lib\wrapper.js --file C:\Users\admin\OneDrive\Desktop\Work\sinister-netsuite-sync\index.js --scriptoptions= --log "Sinister Diesel Sync wrapper" --grow 0.5 --wait 2 --maxrestarts 3 --abortonerror n --stopparentfirst undefined
2026-06-26 12:41:21 - Started 42872
2026-06-26 12:47:19 - Stopping sinisterdieselsync.exe
2026-06-26 12:47:19 - ProcessKill 42872
2026-06-26 12:47:19 - Found child process: 57372 Name: conhost.exe
2026-06-26 12:47:19 - Found child process: 51664 Name: node.exe
2026-06-26 12:47:19 - Stopping process 57372
2026-06-26 12:47:19 - Send SIGINT 57372
2026-06-26 12:47:19 - SIGINT to 57372 failed - Killing as fallback
2026-06-26 12:47:19 - Stopping process 51664
2026-06-26 12:47:19 - Send SIGINT 51664
2026-06-26 12:47:19 - SIGINT to 51664 failed - Killing as fallback
2026-06-26 12:47:19 - Stopping process 42872
2026-06-26 12:47:19 - Send SIGINT 42872
2026-06-26 12:47:19 - SIGINT to 42872 failed - Killing as fallback
2026-06-26 12:47:19 - Finished sinisterdieselsync.exe
2026-06-26 12:47:20 - Starting C:\Program Files\nodejs\node.exe  C:\Users\admin\AppData\Roaming\npm\node_modules\node-windows\lib\wrapper.js --file C:\Users\admin\OneDrive\Desktop\Work\sinister-netsuite-sync\index.js --scriptoptions= --log "Sinister Diesel Sync wrapper" --grow 0.5 --wait 2 --maxrestarts 3 --abortonerror n --stopparentfirst undefined
2026-06-26 12:47:20 - Started 50848
2026-06-26 15:47:14 - Stopping sinisterdieselsync.exe
2026-06-26 15:47:14 - ProcessKill 50848
2026-06-26 15:47:14 - Found child process: 15696 Name: conhost.exe
2026-06-26 15:47:14 - Found child process: 37988 Name: node.exe
2026-06-26 15:47:14 - Stopping process 15696
2026-06-26 15:47:14 - Send SIGINT 15696
2026-06-26 15:47:14 - SIGINT to 15696 failed - Killing as fallback
2026-06-26 15:47:14 - Stopping process 37988
2026-06-26 15:47:14 - Send SIGINT 37988
2026-06-26 15:47:14 - SIGINT to 37988 failed - Killing as fallback
2026-06-26 15:47:14 - Stopping process 50848
2026-06-26 15:47:14 - Send SIGINT 50848
2026-06-26 15:47:14 - SIGINT to 50848 failed - Killing as fallback
2026-06-26 15:47:14 - Finished sinisterdieselsync.exe
2026-06-26 15:47:19 - Starting C:\Program Files\nodejs\node.exe  C:\Users\admin\AppData\Roaming\npm\node_modules\node-windows\lib\wrapper.js --file C:\Users\admin\OneDrive\Desktop\Work\sinister-netsuite-sync\index.js --scriptoptions= --log "Sinister Diesel Sync wrapper" --grow 0.5 --wait 2 --maxrestarts 3 --abortonerror n --stopparentfirst undefined
2026-06-26 15:47:19 - Started 53720
2026-06-26 16:00:42 - Stopping sinisterdieselsync.exe
2026-06-26 16:00:42 - ProcessKill 53720
2026-06-26 16:00:43 - Found child process: 35916 Name: conhost.exe
2026-06-26 16:00:43 - Found child process: 50864 Name: node.exe
2026-06-26 16:00:43 - Stopping process 35916
2026-06-26 16:00:43 - Send SIGINT 35916
2026-06-26 16:00:43 - SIGINT to 35916 failed - Killing as fallback
2026-06-26 16:00:43 - Stopping process 50864
2026-06-26 16:00:43 - Send SIGINT 50864
2026-06-26 16:00:43 - SIGINT to 50864 failed - Killing as fallback
2026-06-26 16:00:43 - Stopping process 53720
2026-06-26 16:00:43 - Send SIGINT 53720
2026-06-26 16:00:43 - SIGINT to 53720 failed - Killing as fallback
2026-06-26 16:00:43 - Finished sinisterdieselsync.exe
2026-06-26 16:00:47 - Starting C:\Program Files\nodejs\node.exe  C:\Users\admin\AppData\Roaming\npm\node_modules\node-windows\lib\wrapper.js --file C:\Users\admin\OneDrive\Desktop\Work\sinister-netsuite-sync\index.js --scriptoptions= --log "Sinister Diesel Sync wrapper" --grow 0.5 --wait 2 --maxrestarts 3 --abortonerror n --stopparentfirst undefined
2026-06-26 16:00:47 - Started 45696
2026-06-26 16:01:48 - Stopping sinisterdieselsync.exe
2026-06-26 16:01:48 - ProcessKill 45696
2026-06-26 16:01:48 - Found child process: 29444 Name: conhost.exe
2026-06-26 16:01:48 - Found child process: 42584 Name: node.exe
2026-06-26 16:01:48 - Stopping process 29444
2026-06-26 16:01:48 - Send SIGINT 29444
2026-06-26 16:01:48 - SIGINT to 29444 failed - Killing as fallback
2026-06-26 16:01:48 - Stopping process 42584
2026-06-26 16:01:48 - Send SIGINT 42584
2026-06-26 16:01:48 - SIGINT to 42584 failed - Killing as fallback
2026-06-26 16:01:48 - Stopping process 45696
2026-06-26 16:01:48 - Send SIGINT 45696
2026-06-26 16:01:48 - SIGINT to 45696 failed - Killing as fallback
2026-06-26 16:01:48 - Finished sinisterdieselsync.exe
2026-06-26 16:01:53 - Starting C:\Program Files\nodejs\node.exe  C:\Users\admin\AppData\Roaming\npm\node_modules\node-windows\lib\wrapper.js --file C:\Users\admin\OneDrive\Desktop\Work\sinister-netsuite-sync\index.js --scriptoptions= --log "Sinister Diesel Sync wrapper" --grow 0.5 --wait 2 --maxrestarts 3 --abortonerror n --stopparentfirst undefined
2026-06-26 16:01:53 - Started 57780
2026-06-26 16:03:49 - Stopping sinisterdieselsync.exe
2026-06-26 16:03:49 - ProcessKill 57780
2026-06-26 16:03:49 - Found child process: 21356 Name: conhost.exe
2026-06-26 16:03:49 - Found child process: 43716 Name: node.exe
2026-06-26 16:03:49 - Stopping process 21356
2026-06-26 16:03:49 - Send SIGINT 21356
2026-06-26 16:03:49 - SIGINT to 21356 failed - Killing as fallback
2026-06-26 16:03:50 - Stopping process 43716
2026-06-26 16:03:50 - Send SIGINT 43716
2026-06-26 16:03:50 - SIGINT to 43716 failed - Killing as fallback
2026-06-26 16:03:50 - Stopping process 57780
2026-06-26 16:03:50 - Send SIGINT 57780
2026-06-26 16:03:50 - SIGINT to 57780 failed - Killing as fallback
2026-06-26 16:03:50 - Finished sinisterdieselsync.exe
2026-06-26 16:03:55 - Starting C:\Program Files\nodejs\node.exe  C:\Users\admin\AppData\Roaming\npm\node_modules\node-windows\lib\wrapper.js --file C:\Users\admin\OneDrive\Desktop\Work\sinister-netsuite-sync\index.js --scriptoptions= --log "Sinister Diesel Sync wrapper" --grow 0.5 --wait 2 --maxrestarts 3 --abortonerror n --stopparentfirst undefined
2026-06-26 16:03:55 - Started 33628
2026-06-26 16:07:46 - Stopping sinisterdieselsync.exe
2026-06-26 16:07:46 - ProcessKill 33628
2026-06-26 16:07:46 - Found child process: 54772 Name: conhost.exe
2026-06-26 16:07:46 - Found child process: 52332 Name: node.exe
2026-06-26 16:07:46 - Stopping process 54772
2026-06-26 16:07:46 - Send SIGINT 54772
2026-06-26 16:07:46 - SIGINT to 54772 failed - Killing as fallback
2026-06-26 16:07:46 - Stopping process 52332
2026-06-26 16:07:46 - Send SIGINT 52332
2026-06-26 16:07:46 - SIGINT to 52332 failed - Killing as fallback
2026-06-26 16:07:46 - Stopping process 33628
2026-06-26 16:07:46 - Send SIGINT 33628
2026-06-26 16:07:46 - SIGINT to 33628 failed - Killing as fallback
2026-06-26 16:07:46 - Finished sinisterdieselsync.exe
2026-06-26 16:07:51 - Starting C:\Program Files\nodejs\node.exe  C:\Users\admin\AppData\Roaming\npm\node_modules\node-windows\lib\wrapper.js --file C:\Users\admin\OneDrive\Desktop\Work\sinister-netsuite-sync\index.js --scriptoptions= --log "Sinister Diesel Sync wrapper" --grow 0.5 --wait 2 --maxrestarts 3 --abortonerror n --stopparentfirst undefined
2026-06-26 16:07:51 - Started 19496
2026-06-26 16:21:41 - Stopping sinisterdieselsync.exe
2026-06-26 16:21:41 - ProcessKill 19496
2026-06-26 16:21:41 - Found child process: 26232 Name: conhost.exe
2026-06-26 16:21:41 - Found child process: 31628 Name: node.exe
2026-06-26 16:21:41 - Stopping process 26232
2026-06-26 16:21:41 - Send SIGINT 26232
2026-06-26 16:21:41 - SIGINT to 26232 failed - Killing as fallback
2026-06-26 16:21:41 - Stopping process 31628
2026-06-26 16:21:41 - Send SIGINT 31628
2026-06-26 16:21:41 - SIGINT to 31628 failed - Killing as fallback
2026-06-26 16:21:41 - Stopping process 19496
2026-06-26 16:21:42 - Send SIGINT 19496
2026-06-26 16:21:42 - SIGINT to 19496 failed - Killing as fallback
2026-06-26 16:21:42 - Finished sinisterdieselsync.exe
2026-06-26 16:21:48 - Starting C:\Program Files\nodejs\node.exe  C:\Users\admin\AppData\Roaming\npm\node_modules\node-windows\lib\wrapper.js --file C:\Users\admin\OneDrive\Desktop\Work\sinister-netsuite-sync\index.js --scriptoptions= --log "Sinister Diesel Sync wrapper" --grow 0.5 --wait 2 --maxrestarts 3 --abortonerror n --stopparentfirst undefined
2026-06-26 16:21:48 - Started 50948
2026-06-29 08:02:26 - Stopping sinisterdieselsync.exe
2026-06-29 08:02:26 - ProcessKill 50948
2026-06-29 08:02:26 - Found child process: 36568 Name: conhost.exe
2026-06-29 08:02:26 - Found child process: 55332 Name: node.exe
2026-06-29 08:02:26 - Stopping process 36568
2026-06-29 08:02:27 - Send SIGINT 36568
2026-06-29 08:02:27 - SIGINT to 36568 failed - Killing as fallback
2026-06-29 08:02:27 - Stopping process 55332
2026-06-29 08:02:27 - Send SIGINT 55332
2026-06-29 08:02:27 - SIGINT to 55332 failed - Killing as fallback
2026-06-29 08:02:27 - Stopping process 50948
2026-06-29 08:02:27 - Send SIGINT 50948
2026-06-29 08:02:27 - SIGINT to 50948 failed - Killing as fallback
2026-06-29 08:02:27 - Finished sinisterdieselsync.exe
2026-06-29 08:02:31 - Starting C:\Program Files\nodejs\node.exe  C:\Users\admin\AppData\Roaming\npm\node_modules\node-windows\lib\wrapper.js --file C:\Users\admin\OneDrive\Desktop\Work\sinister-netsuite-sync\index.js --scriptoptions= --log "Sinister Diesel Sync wrapper" --grow 0.5 --wait 2 --maxrestarts 3 --abortonerror n --stopparentfirst undefined
2026-06-29 08:02:31 - Started 19376
2026-06-29 08:11:40 - Stopping sinisterdieselsync.exe
2026-06-29 08:11:40 - ProcessKill 19376
2026-06-29 08:11:41 - Found child process: 15072 Name: conhost.exe
2026-06-29 08:11:41 - Found child process: 30940 Name: node.exe
2026-06-29 08:11:41 - Stopping process 15072
2026-06-29 08:11:41 - Send SIGINT 15072
2026-06-29 08:11:41 - SIGINT to 15072 failed - Killing as fallback
2026-06-29 08:11:41 - Stopping process 30940
2026-06-29 08:11:41 - Send SIGINT 30940
2026-06-29 08:11:41 - SIGINT to 30940 failed - Killing as fallback
2026-06-29 08:11:41 - Stopping process 19376
2026-06-29 08:11:41 - Send SIGINT 19376
2026-06-29 08:11:41 - SIGINT to 19376 failed - Killing as fallback
2026-06-29 08:11:41 - Finished sinisterdieselsync.exe
2026-06-29 08:11:47 - Starting C:\Program Files\nodejs\node.exe  C:\Users\admin\AppData\Roaming\npm\node_modules\node-windows\lib\wrapper.js --file C:\Users\admin\OneDrive\Desktop\Work\sinister-netsuite-sync\index.js --scriptoptions= --log "Sinister Diesel Sync wrapper" --grow 0.5 --wait 2 --maxrestarts 3 --abortonerror n --stopparentfirst undefined
2026-06-29 08:11:47 - Started 44416
2026-06-29 08:38:18 - Stopping sinisterdieselsync.exe
2026-06-29 08:38:18 - ProcessKill 44416
2026-06-29 08:38:18 - Found child process: 20520 Name: conhost.exe
2026-06-29 08:38:18 - Found child process: 13328 Name: node.exe
2026-06-29 08:38:18 - Stopping process 20520
2026-06-29 08:38:18 - Send SIGINT 20520
2026-06-29 08:38:18 - SIGINT to 20520 failed - Killing as fallback
2026-06-29 08:38:18 - Stopping process 13328
2026-06-29 08:38:18 - Send SIGINT 13328
2026-06-29 08:38:18 - SIGINT to 13328 failed - Killing as fallback
2026-06-29 08:38:18 - Stopping process 44416
2026-06-29 08:38:18 - Send SIGINT 44416
2026-06-29 08:38:18 - SIGINT to 44416 failed - Killing as fallback
2026-06-29 08:38:18 - Finished sinisterdieselsync.exe
2026-06-29 08:38:23 - Starting C:\Program Files\nodejs\node.exe  C:\Users\admin\AppData\Roaming\npm\node_modules\node-windows\lib\wrapper.js --file C:\Users\admin\OneDrive\Desktop\Work\sinister-netsuite-sync\index.js --scriptoptions= --log "Sinister Diesel Sync wrapper" --grow 0.5 --wait 2 --maxrestarts 3 --abortonerror n --stopparentfirst undefined
2026-06-29 08:38:23 - Started 33360
2026-06-29 08:44:41 - Stopping sinisterdieselsync.exe
2026-06-29 08:44:41 - ProcessKill 33360
2026-06-29 08:44:41 - Found child process: 25896 Name: conhost.exe
2026-06-29 08:44:41 - Found child process: 37696 Name: node.exe
2026-06-29 08:44:41 - Stopping process 25896
2026-06-29 08:44:41 - Send SIGINT 25896
2026-06-29 08:44:42 - SIGINT to 25896 failed - Killing as fallback
2026-06-29 08:44:42 - Stopping process 37696
2026-06-29 08:44:42 - Send SIGINT 37696
2026-06-29 08:44:42 - SIGINT to 37696 failed - Killing as fallback
2026-06-29 08:44:42 - Stopping process 33360
2026-06-29 08:44:42 - Send SIGINT 33360
2026-06-29 08:44:42 - SIGINT to 33360 failed - Killing as fallback
2026-06-29 08:44:42 - Finished sinisterdieselsync.exe
2026-06-29 08:44:46 - Starting C:\Program Files\nodejs\node.exe  C:\Users\admin\AppData\Roaming\npm\node_modules\node-windows\lib\wrapper.js --file C:\Users\admin\OneDrive\Desktop\Work\sinister-netsuite-sync\index.js --scriptoptions= --log "Sinister Diesel Sync wrapper" --grow 0.5 --wait 2 --maxrestarts 3 --abortonerror n --stopparentfirst undefined
2026-06-29 08:44:46 - Started 27240
2026-06-29 08:47:53 - Stopping sinisterdieselsync.exe
2026-06-29 08:47:53 - ProcessKill 27240
2026-06-29 08:47:53 - Found child process: 44052 Name: conhost.exe
2026-06-29 08:47:53 - Found child process: 24468 Name: node.exe
2026-06-29 08:47:53 - Stopping process 44052
2026-06-29 08:47:53 - Send SIGINT 44052
2026-06-29 08:47:53 - SIGINT to 44052 failed - Killing as fallback
2026-06-29 08:47:53 - Stopping process 24468
2026-06-29 08:47:53 - Send SIGINT 24468
2026-06-29 08:47:53 - SIGINT to 24468 failed - Killing as fallback
2026-06-29 08:47:53 - Stopping process 27240
2026-06-29 08:47:53 - Send SIGINT 27240
2026-06-29 08:47:53 - SIGINT to 27240 failed - Killing as fallback
2026-06-29 08:47:53 - Finished sinisterdieselsync.exe
2026-06-29 08:47:59 - Starting C:\Program Files\nodejs\node.exe  C:\Users\admin\AppData\Roaming\npm\node_modules\node-windows\lib\wrapper.js --file C:\Users\admin\OneDrive\Desktop\Work\sinister-netsuite-sync\index.js --scriptoptions= --log "Sinister Diesel Sync wrapper" --grow 0.5 --wait 2 --maxrestarts 3 --abortonerror n --stopparentfirst undefined
2026-06-29 08:47:59 - Started 32512
2026-06-29 09:00:01 - Stopping sinisterdieselsync.exe
2026-06-29 09:00:01 - ProcessKill 32512
2026-06-29 09:00:01 - Found child process: 48396 Name: conhost.exe
2026-06-29 09:00:01 - Found child process: 50956 Name: node.exe
2026-06-29 09:00:01 - Stopping process 48396
2026-06-29 09:00:01 - Send SIGINT 48396
2026-06-29 09:00:01 - SIGINT to 48396 failed - Killing as fallback
2026-06-29 09:00:02 - Stopping process 50956
2026-06-29 09:00:02 - Send SIGINT 50956
2026-06-29 09:00:02 - SIGINT to 50956 failed - Killing as fallback
2026-06-29 09:00:02 - Stopping process 32512
2026-06-29 09:00:02 - Send SIGINT 32512
2026-06-29 09:00:02 - SIGINT to 32512 failed - Killing as fallback
2026-06-29 09:00:02 - Finished sinisterdieselsync.exe
2026-06-29 09:00:09 - Starting C:\Program Files\nodejs\node.exe  C:\Users\admin\AppData\Roaming\npm\node_modules\node-windows\lib\wrapper.js --file C:\Users\admin\OneDrive\Desktop\Work\sinister-netsuite-sync\index.js --scriptoptions= --log "Sinister Diesel Sync wrapper" --grow 0.5 --wait 2 --maxrestarts 3 --abortonerror n --stopparentfirst undefined
2026-06-29 09:00:09 - Started 36404
2026-06-29 09:10:09 - Stopping sinisterdieselsync.exe
2026-06-29 09:10:09 - ProcessKill 36404
2026-06-29 09:10:09 - Found child process: 54120 Name: conhost.exe
2026-06-29 09:10:09 - Found child process: 19636 Name: node.exe
2026-06-29 09:10:10 - Stopping process 54120
2026-06-29 09:10:10 - Send SIGINT 54120
2026-06-29 09:10:10 - SIGINT to 54120 failed - Killing as fallback
2026-06-29 09:10:10 - Stopping process 19636
2026-06-29 09:10:10 - Send SIGINT 19636
2026-06-29 09:10:10 - SIGINT to 19636 failed - Killing as fallback
2026-06-29 09:10:10 - Stopping process 36404
2026-06-29 09:10:10 - Send SIGINT 36404
2026-06-29 09:10:10 - SIGINT to 36404 failed - Killing as fallback
2026-06-29 09:10:10 - Finished sinisterdieselsync.exe
2026-06-29 09:10:10 - Starting C:\Program Files\nodejs\node.exe  C:\Users\admin\AppData\Roaming\npm\node_modules\node-windows\lib\wrapper.js --file C:\Users\admin\OneDrive\Desktop\Work\sinister-netsuite-sync\index.js --scriptoptions= --log "Sinister Diesel Sync wrapper" --grow 0.5 --wait 2 --maxrestarts 3 --abortonerror n --stopparentfirst undefined
2026-06-29 09:10:10 - Started 17356
2026-06-29 09:18:19 - Stopping sinisterdieselsync.exe
2026-06-29 09:18:19 - ProcessKill 17356
2026-06-29 09:18:19 - Found child process: 40144 Name: conhost.exe
2026-06-29 09:18:19 - Found child process: 23116 Name: node.exe
2026-06-29 09:18:19 - Stopping process 40144
2026-06-29 09:18:19 - Send SIGINT 40144
2026-06-29 09:18:19 - SIGINT to 40144 failed - Killing as fallback
2026-06-29 09:18:19 - Stopping process 23116
2026-06-29 09:18:19 - Send SIGINT 23116
2026-06-29 09:18:19 - SIGINT to 23116 failed - Killing as fallback
2026-06-29 09:18:19 - Stopping process 17356
2026-06-29 09:18:19 - Send SIGINT 17356
2026-06-29 09:18:19 - SIGINT to 17356 failed - Killing as fallback
2026-06-29 09:18:19 - Finished sinisterdieselsync.exe
2026-06-29 09:18:20 - Starting C:\Program Files\nodejs\node.exe  C:\Users\admin\AppData\Roaming\npm\node_modules\node-windows\lib\wrapper.js --file C:\Users\admin\OneDrive\Desktop\Work\sinister-netsuite-sync\index.js --scriptoptions= --log "Sinister Diesel Sync wrapper" --grow 0.5 --wait 2 --maxrestarts 3 --abortonerror n --stopparentfirst undefined
2026-06-29 09:18:20 - Started 35744
2026-06-29 09:19:20 - Stopping sinisterdieselsync.exe
2026-06-29 09:19:20 - ProcessKill 35744
2026-06-29 09:19:21 - Found child process: 19656 Name: conhost.exe
2026-06-29 09:19:21 - Found child process: 56780 Name: node.exe
2026-06-29 09:19:21 - Stopping process 19656
2026-06-29 09:19:21 - Send SIGINT 19656
2026-06-29 09:19:21 - SIGINT to 19656 failed - Killing as fallback
2026-06-29 09:19:21 - Stopping process 56780
2026-06-29 09:19:21 - Send SIGINT 56780
2026-06-29 09:19:21 - SIGINT to 56780 failed - Killing as fallback
2026-06-29 09:19:21 - Stopping process 35744
2026-06-29 09:19:21 - Send SIGINT 35744
2026-06-29 09:19:21 - SIGINT to 35744 failed - Killing as fallback
2026-06-29 09:19:21 - Finished sinisterdieselsync.exe
2026-06-29 09:19:21 - Starting C:\Program Files\nodejs\node.exe  C:\Users\admin\AppData\Roaming\npm\node_modules\node-windows\lib\wrapper.js --file C:\Users\admin\OneDrive\Desktop\Work\sinister-netsuite-sync\index.js --scriptoptions= --log "Sinister Diesel Sync wrapper" --grow 0.5 --wait 2 --maxrestarts 3 --abortonerror n --stopparentfirst undefined
2026-06-29 09:19:22 - Started 2884
2026-06-29 09:21:59 - Stopping sinisterdieselsync.exe
2026-06-29 09:21:59 - ProcessKill 2884
2026-06-29 09:22:00 - Found child process: 39036 Name: conhost.exe
2026-06-29 09:22:00 - Found child process: 29112 Name: node.exe
2026-06-29 09:22:00 - Stopping process 39036
2026-06-29 09:22:00 - Send SIGINT 39036
2026-06-29 09:22:00 - SIGINT to 39036 failed - Killing as fallback
2026-06-29 09:22:00 - Stopping process 29112
2026-06-29 09:22:00 - Send SIGINT 29112
2026-06-29 09:22:00 - SIGINT to 29112 failed - Killing as fallback
2026-06-29 09:22:00 - Stopping process 2884
2026-06-29 09:22:00 - Send SIGINT 2884
2026-06-29 09:22:00 - SIGINT to 2884 failed - Killing as fallback
2026-06-29 09:22:00 - Finished sinisterdieselsync.exe
2026-06-29 09:22:00 - Starting C:\Program Files\nodejs\node.exe  C:\Users\admin\AppData\Roaming\npm\node_modules\node-windows\lib\wrapper.js --file C:\Users\admin\OneDrive\Desktop\Work\sinister-netsuite-sync\index.js --scriptoptions= --log "Sinister Diesel Sync wrapper" --grow 0.5 --wait 2 --maxrestarts 3 --abortonerror n --stopparentfirst undefined
2026-06-29 09:22:00 - Started 41620
2026-06-29 09:29:36 - Stopping sinisterdieselsync.exe
2026-06-29 09:29:36 - ProcessKill 41620
2026-06-29 09:29:36 - Found child process: 52776 Name: conhost.exe
2026-06-29 09:29:36 - Found child process: 50512 Name: node.exe
2026-06-29 09:29:36 - Stopping process 52776
2026-06-29 09:29:36 - Send SIGINT 52776
2026-06-29 09:29:36 - SIGINT to 52776 failed - Killing as fallback
2026-06-29 09:29:36 - Stopping process 50512
2026-06-29 09:29:36 - Send SIGINT 50512
2026-06-29 09:29:36 - SIGINT to 50512 failed - Killing as fallback
2026-06-29 09:29:36 - Stopping process 41620
2026-06-29 09:29:36 - Send SIGINT 41620
2026-06-29 09:29:36 - SIGINT to 41620 failed - Killing as fallback
2026-06-29 09:29:36 - Finished sinisterdieselsync.exe
2026-06-29 09:30:29 - Starting C:\Program Files\nodejs\node.exe  C:\Users\admin\AppData\Roaming\npm\node_modules\node-windows\lib\wrapper.js --file C:\Users\admin\OneDrive\Desktop\Work\sinister-netsuite-sync\index.js --scriptoptions= --log "Sinister Diesel Sync wrapper" --grow 0.5 --wait 2 --maxrestarts 3 --abortonerror n --stopparentfirst undefined
2026-06-29 09:30:29 - Started 57900
2026-06-29 09:31:14 - Stopping sinisterdieselsync.exe
2026-06-29 09:31:14 - ProcessKill 57900
2026-06-29 09:31:14 - Found child process: 47980 Name: conhost.exe
2026-06-29 09:31:14 - Found child process: 28924 Name: node.exe
2026-06-29 09:31:15 - Stopping process 47980
2026-06-29 09:31:15 - Send SIGINT 47980
2026-06-29 09:31:15 - SIGINT to 47980 failed - Killing as fallback
2026-06-29 09:31:15 - Stopping process 28924
2026-06-29 09:31:15 - Send SIGINT 28924
2026-06-29 09:31:15 - SIGINT to 28924 failed - Killing as fallback
2026-06-29 09:31:15 - Stopping process 57900
2026-06-29 09:31:15 - Send SIGINT 57900
2026-06-29 09:31:15 - SIGINT to 57900 failed - Killing as fallback
2026-06-29 09:31:15 - Finished sinisterdieselsync.exe
2026-06-29 09:31:15 - Starting C:\Program Files\nodejs\node.exe  C:\Users\admin\AppData\Roaming\npm\node_modules\node-windows\lib\wrapper.js --file C:\Users\admin\OneDrive\Desktop\Work\sinister-netsuite-sync\index.js --scriptoptions= --log "Sinister Diesel Sync wrapper" --grow 0.5 --wait 2 --maxrestarts 3 --abortonerror n --stopparentfirst undefined
2026-06-29 09:31:15 - Started 38324
2026-06-29 09:41:16 - Stopping sinisterdieselsync.exe
2026-06-29 09:41:16 - ProcessKill 38324
2026-06-29 09:41:17 - Found child process: 35452 Name: conhost.exe
2026-06-29 09:41:17 - Found child process: 15008 Name: node.exe
2026-06-29 09:41:17 - Stopping process 35452
2026-06-29 09:41:17 - Send SIGINT 35452
2026-06-29 09:41:17 - SIGINT to 35452 failed - Killing as fallback
2026-06-29 09:41:17 - Stopping process 15008
2026-06-29 09:41:17 - Send SIGINT 15008
2026-06-29 09:41:17 - SIGINT to 15008 failed - Killing as fallback
2026-06-29 09:41:17 - Stopping process 38324
2026-06-29 09:41:17 - Send SIGINT 38324
2026-06-29 09:41:17 - SIGINT to 38324 failed - Killing as fallback
2026-06-29 09:41:17 - Finished sinisterdieselsync.exe
2026-06-29 09:41:17 - Starting C:\Program Files\nodejs\node.exe  C:\Users\admin\AppData\Roaming\npm\node_modules\node-windows\lib\wrapper.js --file C:\Users\admin\OneDrive\Desktop\Work\sinister-netsuite-sync\index.js --scriptoptions= --log "Sinister Diesel Sync wrapper" --grow 0.5 --wait 2 --maxrestarts 3 --abortonerror n --stopparentfirst undefined
2026-06-29 09:41:17 - Started 38032
2026-06-29 09:47:47 - Stopping sinisterdieselsync.exe
2026-06-29 09:47:47 - ProcessKill 38032
2026-06-29 09:47:48 - Found child process: 23332 Name: conhost.exe
2026-06-29 09:47:48 - Found child process: 29532 Name: node.exe
2026-06-29 09:47:48 - Stopping process 23332
2026-06-29 09:47:48 - Send SIGINT 23332
2026-06-29 09:47:48 - SIGINT to 23332 failed - Killing as fallback
2026-06-29 09:47:48 - Stopping process 29532
2026-06-29 09:47:48 - Send SIGINT 29532
2026-06-29 09:47:48 - SIGINT to 29532 failed - Killing as fallback
2026-06-29 09:47:48 - Stopping process 38032
2026-06-29 09:47:48 - Send SIGINT 38032
2026-06-29 09:47:48 - SIGINT to 38032 failed - Killing as fallback
2026-06-29 09:47:48 - Finished sinisterdieselsync.exe
2026-06-29 09:47:48 - Starting C:\Program Files\nodejs\node.exe  C:\Users\admin\AppData\Roaming\npm\node_modules\node-windows\lib\wrapper.js --file C:\Users\admin\OneDrive\Desktop\Work\sinister-netsuite-sync\index.js --scriptoptions= --log "Sinister Diesel Sync wrapper" --grow 0.5 --wait 2 --maxrestarts 3 --abortonerror n --stopparentfirst undefined
2026-06-29 09:47:48 - Started 50912
2026-06-29 09:50:35 - Stopping sinisterdieselsync.exe
2026-06-29 09:50:35 - ProcessKill 50912
2026-06-29 09:50:36 - Found child process: 28192 Name: conhost.exe
2026-06-29 09:50:36 - Found child process: 12316 Name: node.exe
2026-06-29 09:50:36 - Stopping process 28192
2026-06-29 09:50:36 - Send SIGINT 28192
2026-06-29 09:50:36 - SIGINT to 28192 failed - Killing as fallback
2026-06-29 09:50:36 - Stopping process 12316
2026-06-29 09:50:36 - Send SIGINT 12316
2026-06-29 09:50:36 - SIGINT to 12316 failed - Killing as fallback
2026-06-29 09:50:36 - Stopping process 50912
2026-06-29 09:50:36 - Send SIGINT 50912
2026-06-29 09:50:36 - SIGINT to 50912 failed - Killing as fallback
2026-06-29 09:50:36 - Finished sinisterdieselsync.exe
2026-06-29 09:50:36 - Starting C:\Program Files\nodejs\node.exe  C:\Users\admin\AppData\Roaming\npm\node_modules\node-windows\lib\wrapper.js --file C:\Users\admin\OneDrive\Desktop\Work\sinister-netsuite-sync\index.js --scriptoptions= --log "Sinister Diesel Sync wrapper" --grow 0.5 --wait 2 --maxrestarts 3 --abortonerror n --stopparentfirst undefined
2026-06-29 09:50:36 - Started 53820
2026-06-29 09:52:28 - Stopping sinisterdieselsync.exe
2026-06-29 09:52:28 - ProcessKill 53820
2026-06-29 09:52:28 - Found child process: 56404 Name: conhost.exe
2026-06-29 09:52:28 - Found child process: 33132 Name: node.exe
2026-06-29 09:52:28 - Stopping process 56404
2026-06-29 09:52:28 - Send SIGINT 56404
2026-06-29 09:52:28 - SIGINT to 56404 failed - Killing as fallback
2026-06-29 09:52:28 - Stopping process 33132
2026-06-29 09:52:28 - Send SIGINT 33132
2026-06-29 09:52:28 - SIGINT to 33132 failed - Killing as fallback
2026-06-29 09:52:28 - Stopping process 53820
2026-06-29 09:52:28 - Send SIGINT 53820
2026-06-29 09:52:28 - SIGINT to 53820 failed - Killing as fallback
2026-06-29 09:52:28 - Finished sinisterdieselsync.exe
2026-06-29 09:52:29 - Starting C:\Program Files\nodejs\node.exe  C:\Users\admin\AppData\Roaming\npm\node_modules\node-windows\lib\wrapper.js --file C:\Users\admin\OneDrive\Desktop\Work\sinister-netsuite-sync\index.js --scriptoptions= --log "Sinister Diesel Sync wrapper" --grow 0.5 --wait 2 --maxrestarts 3 --abortonerror n --stopparentfirst undefined
2026-06-29 09:52:29 - Started 21792
2026-06-29 09:57:03 - Stopping sinisterdieselsync.exe
2026-06-29 09:57:03 - ProcessKill 21792
2026-06-29 09:57:03 - Found child process: 18708 Name: conhost.exe
2026-06-29 09:57:03 - Found child process: 40144 Name: node.exe
2026-06-29 09:57:03 - Stopping process 18708
2026-06-29 09:57:03 - Send SIGINT 18708
2026-06-29 09:57:03 - SIGINT to 18708 failed - Killing as fallback
2026-06-29 09:57:03 - Stopping process 40144
2026-06-29 09:57:03 - Send SIGINT 40144
2026-06-29 09:57:03 - SIGINT to 40144 failed - Killing as fallback
2026-06-29 09:57:03 - Stopping process 21792
2026-06-29 09:57:03 - Send SIGINT 21792
2026-06-29 09:57:03 - SIGINT to 21792 failed - Killing as fallback
2026-06-29 09:57:03 - Finished sinisterdieselsync.exe
2026-06-29 09:57:04 - Starting C:\Program Files\nodejs\node.exe  C:\Users\admin\AppData\Roaming\npm\node_modules\node-windows\lib\wrapper.js --file C:\Users\admin\OneDrive\Desktop\Work\sinister-netsuite-sync\index.js --scriptoptions= --log "Sinister Diesel Sync wrapper" --grow 0.5 --wait 2 --maxrestarts 3 --abortonerror n --stopparentfirst undefined
2026-06-29 09:57:04 - Started 42316
2026-06-29 10:02:41 - Stopping sinisterdieselsync.exe
2026-06-29 10:02:41 - ProcessKill 42316
2026-06-29 10:02:41 - Found child process: 25464 Name: conhost.exe
2026-06-29 10:02:41 - Found child process: 44924 Name: node.exe
2026-06-29 10:02:41 - Stopping process 25464
2026-06-29 10:02:41 - Send SIGINT 25464
2026-06-29 10:02:41 - SIGINT to 25464 failed - Killing as fallback
2026-06-29 10:02:41 - Stopping process 44924
2026-06-29 10:02:41 - Send SIGINT 44924
2026-06-29 10:02:41 - SIGINT to 44924 failed - Killing as fallback
2026-06-29 10:02:41 - Stopping process 42316
2026-06-29 10:02:41 - Send SIGINT 42316
2026-06-29 10:02:41 - SIGINT to 42316 failed - Killing as fallback
2026-06-29 10:02:41 - Finished sinisterdieselsync.exe
2026-06-29 10:02:41 - Starting C:\Program Files\nodejs\node.exe  C:\Users\admin\AppData\Roaming\npm\node_modules\node-windows\lib\wrapper.js --file C:\Users\admin\OneDrive\Desktop\Work\sinister-netsuite-sync\index.js --scriptoptions= --log "Sinister Diesel Sync wrapper" --grow 0.5 --wait 2 --maxrestarts 3 --abortonerror n --stopparentfirst undefined
2026-06-29 10:02:41 - Started 41784
2026-06-29 10:10:01 - Stopping sinisterdieselsync.exe
2026-06-29 10:10:01 - ProcessKill 41784
2026-06-29 10:10:01 - Found child process: 35664 Name: conhost.exe
2026-06-29 10:10:01 - Found child process: 37712 Name: node.exe
2026-06-29 10:10:01 - Stopping process 35664
2026-06-29 10:10:01 - Send SIGINT 35664
2026-06-29 10:10:01 - SIGINT to 35664 failed - Killing as fallback
2026-06-29 10:10:02 - Stopping process 37712
2026-06-29 10:10:02 - Send SIGINT 37712
2026-06-29 10:10:02 - SIGINT to 37712 failed - Killing as fallback
2026-06-29 10:10:02 - Stopping process 41784
2026-06-29 10:10:02 - Send SIGINT 41784
2026-06-29 10:10:02 - SIGINT to 41784 failed - Killing as fallback
2026-06-29 10:10:02 - Finished sinisterdieselsync.exe
2026-06-29 10:12:17 - Starting C:\Program Files\nodejs\node.exe  C:\Users\admin\AppData\Roaming\npm\node_modules\node-windows\lib\wrapper.js --file C:\Users\admin\OneDrive\Desktop\Work\sinister-netsuite-sync\index.js --scriptoptions= --log "Sinister Diesel Sync wrapper" --grow 0.5 --wait 2 --maxrestarts 3 --abortonerror n --stopparentfirst undefined
2026-06-29 10:12:17 - Started 19500
2026-06-29 10:13:23 - Stopping sinisterdieselsync.exe
2026-06-29 10:13:23 - ProcessKill 19500
2026-06-29 10:13:23 - Found child process: 50584 Name: conhost.exe
2026-06-29 10:13:23 - Found child process: 53448 Name: node.exe
2026-06-29 10:13:23 - Stopping process 50584
2026-06-29 10:13:23 - Send SIGINT 50584
2026-06-29 10:13:23 - SIGINT to 50584 failed - Killing as fallback
2026-06-29 10:13:23 - Stopping process 53448
2026-06-29 10:13:23 - Send SIGINT 53448
2026-06-29 10:13:23 - SIGINT to 53448 failed - Killing as fallback
2026-06-29 10:13:23 - Stopping process 19500
2026-06-29 10:13:23 - Send SIGINT 19500
2026-06-29 10:13:23 - SIGINT to 19500 failed - Killing as fallback
2026-06-29 10:13:23 - Finished sinisterdieselsync.exe
2026-06-29 10:13:28 - Starting C:\Program Files\nodejs\node.exe  C:\Users\admin\AppData\Roaming\npm\node_modules\node-windows\lib\wrapper.js --file C:\Users\admin\OneDrive\Desktop\Work\sinister-netsuite-sync\index.js --scriptoptions= --log "Sinister Diesel Sync wrapper" --grow 0.5 --wait 2 --maxrestarts 3 --abortonerror n --stopparentfirst undefined
2026-06-29 10:13:28 - Started 51624
2026-06-29 10:16:13 - Stopping sinisterdieselsync.exe
2026-06-29 10:16:13 - ProcessKill 51624
2026-06-29 10:16:13 - Found child process: 25424 Name: conhost.exe
2026-06-29 10:16:13 - Found child process: 38168 Name: node.exe
2026-06-29 10:16:14 - Stopping process 25424
2026-06-29 10:16:14 - Send SIGINT 25424
2026-06-29 10:16:14 - SIGINT to 25424 failed - Killing as fallback
2026-06-29 10:16:14 - Stopping process 38168
2026-06-29 10:16:14 - Send SIGINT 38168
2026-06-29 10:16:14 - SIGINT to 38168 failed - Killing as fallback
2026-06-29 10:16:14 - Stopping process 51624
2026-06-29 10:16:14 - Send SIGINT 51624
2026-06-29 10:16:14 - SIGINT to 51624 failed - Killing as fallback
2026-06-29 10:16:14 - Finished sinisterdieselsync.exe
2026-06-29 10:16:17 - Starting C:\Program Files\nodejs\node.exe  C:\Users\admin\AppData\Roaming\npm\node_modules\node-windows\lib\wrapper.js --file C:\Users\admin\OneDrive\Desktop\Work\sinister-netsuite-sync\index.js --scriptoptions= --log "Sinister Diesel Sync wrapper" --grow 0.5 --wait 2 --maxrestarts 3 --abortonerror n --stopparentfirst undefined
2026-06-29 10:16:18 - Started 37788
2026-06-29 10:19:06 - Stopping sinisterdieselsync.exe
2026-06-29 10:19:06 - ProcessKill 37788
2026-06-29 10:19:06 - Found child process: 53348 Name: conhost.exe
2026-06-29 10:19:06 - Found child process: 14620 Name: node.exe
2026-06-29 10:19:06 - Stopping process 53348
2026-06-29 10:19:06 - Send SIGINT 53348
2026-06-29 10:19:06 - SIGINT to 53348 failed - Killing as fallback
2026-06-29 10:19:06 - Stopping process 14620
2026-06-29 10:19:06 - Send SIGINT 14620
2026-06-29 10:19:06 - SIGINT to 14620 failed - Killing as fallback
2026-06-29 10:19:06 - Stopping process 37788
2026-06-29 10:19:06 - Send SIGINT 37788
2026-06-29 10:19:06 - SIGINT to 37788 failed - Killing as fallback
2026-06-29 10:19:06 - Finished sinisterdieselsync.exe
2026-06-29 10:19:10 - Starting C:\Program Files\nodejs\node.exe  C:\Users\admin\AppData\Roaming\npm\node_modules\node-windows\lib\wrapper.js --file C:\Users\admin\OneDrive\Desktop\Work\sinister-netsuite-sync\index.js --scriptoptions= --log "Sinister Diesel Sync wrapper" --grow 0.5 --wait 2 --maxrestarts 3 --abortonerror n --stopparentfirst undefined
2026-06-29 10:19:10 - Started 38208
2026-06-29 10:28:14 - Stopping sinisterdieselsync.exe
2026-06-29 10:28:14 - ProcessKill 38208
2026-06-29 10:28:14 - Found child process: 55812 Name: conhost.exe
2026-06-29 10:28:14 - Found child process: 32120 Name: node.exe
2026-06-29 10:28:14 - Stopping process 55812
2026-06-29 10:28:14 - Send SIGINT 55812
2026-06-29 10:28:14 - SIGINT to 55812 failed - Killing as fallback
2026-06-29 10:28:14 - Stopping process 32120
2026-06-29 10:28:14 - Send SIGINT 32120
2026-06-29 10:28:14 - SIGINT to 32120 failed - Killing as fallback
2026-06-29 10:28:14 - Stopping process 38208
2026-06-29 10:28:14 - Send SIGINT 38208
2026-06-29 10:28:14 - SIGINT to 38208 failed - Killing as fallback
2026-06-29 10:28:14 - Finished sinisterdieselsync.exe
2026-06-29 10:28:19 - Starting C:\Program Files\nodejs\node.exe  C:\Users\admin\AppData\Roaming\npm\node_modules\node-windows\lib\wrapper.js --file C:\Users\admin\OneDrive\Desktop\Work\sinister-netsuite-sync\index.js --scriptoptions= --log "Sinister Diesel Sync wrapper" --grow 0.5 --wait 2 --maxrestarts 3 --abortonerror n --stopparentfirst undefined
2026-06-29 10:28:19 - Started 39612
2026-06-29 10:41:11 - Stopping sinisterdieselsync.exe
2026-06-29 10:41:11 - ProcessKill 39612
2026-06-29 10:41:11 - Found child process: 59048 Name: conhost.exe
2026-06-29 10:41:11 - Found child process: 23268 Name: node.exe
2026-06-29 10:41:12 - Stopping process 59048
2026-06-29 10:41:12 - Send SIGINT 59048
2026-06-29 10:41:12 - SIGINT to 59048 failed - Killing as fallback
2026-06-29 10:41:12 - Stopping process 23268
2026-06-29 10:41:12 - Send SIGINT 23268
2026-06-29 10:41:12 - SIGINT to 23268 failed - Killing as fallback
2026-06-29 10:41:12 - Stopping process 39612
2026-06-29 10:41:12 - Send SIGINT 39612
2026-06-29 10:41:12 - SIGINT to 39612 failed - Killing as fallback
2026-06-29 10:41:12 - Finished sinisterdieselsync.exe
2026-06-29 10:41:30 - Starting C:\Program Files\nodejs\node.exe  C:\Users\admin\AppData\Roaming\npm\node_modules\node-windows\lib\wrapper.js --file C:\Users\admin\OneDrive\Desktop\Work\sinister-netsuite-sync\index.js --scriptoptions= --log "Sinister Diesel Sync wrapper" --grow 0.5 --wait 2 --maxrestarts 3 --abortonerror n --stopparentfirst undefined
2026-06-29 10:41:30 - Started 20804
2026-06-29 10:45:47 - Stopping sinisterdieselsync.exe
2026-06-29 10:45:47 - ProcessKill 20804
2026-06-29 10:45:47 - Found child process: 59224 Name: conhost.exe
2026-06-29 10:45:47 - Found child process: 50004 Name: node.exe
2026-06-29 10:45:47 - Stopping process 59224
2026-06-29 10:45:47 - Send SIGINT 59224
2026-06-29 10:45:47 - SIGINT to 59224 failed - Killing as fallback
2026-06-29 10:45:48 - Stopping process 50004
2026-06-29 10:45:48 - Send SIGINT 50004
2026-06-29 10:45:48 - SIGINT to 50004 failed - Killing as fallback
2026-06-29 10:45:48 - Stopping process 20804
2026-06-29 10:45:48 - Send SIGINT 20804
2026-06-29 10:45:48 - SIGINT to 20804 failed - Killing as fallback
2026-06-29 10:45:48 - Finished sinisterdieselsync.exe
2026-06-29 10:45:53 - Starting C:\Program Files\nodejs\node.exe  C:\Users\admin\AppData\Roaming\npm\node_modules\node-windows\lib\wrapper.js --file C:\Users\admin\OneDrive\Desktop\Work\sinister-netsuite-sync\index.js --scriptoptions= --log "Sinister Diesel Sync wrapper" --grow 0.5 --wait 2 --maxrestarts 3 --abortonerror n --stopparentfirst undefined
2026-06-29 10:45:53 - Started 20632
2026-06-29 11:31:35 - Stopping sinisterdieselsync.exe
2026-06-29 11:31:35 - ProcessKill 20632
2026-06-29 11:31:35 - Found child process: 44856 Name: conhost.exe
2026-06-29 11:31:35 - Found child process: 22292 Name: node.exe
2026-06-29 11:31:35 - Stopping process 44856
2026-06-29 11:31:35 - Send SIGINT 44856
2026-06-29 11:31:35 - SIGINT to 44856 failed - Killing as fallback
2026-06-29 11:31:35 - Stopping process 22292
2026-06-29 11:31:35 - Send SIGINT 22292
2026-06-29 11:31:35 - SIGINT to 22292 failed - Killing as fallback
2026-06-29 11:31:35 - Stopping process 20632
2026-06-29 11:31:35 - Send SIGINT 20632
2026-06-29 11:31:35 - SIGINT to 20632 failed - Killing as fallback
2026-06-29 11:31:35 - Finished sinisterdieselsync.exe
2026-06-29 11:31:39 - Starting C:\Program Files\nodejs\node.exe  C:\Users\admin\AppData\Roaming\npm\node_modules\node-windows\lib\wrapper.js --file C:\Users\admin\OneDrive\Desktop\Work\sinister-netsuite-sync\index.js --scriptoptions= --log "Sinister Diesel Sync wrapper" --grow 0.5 --wait 2 --maxrestarts 3 --abortonerror n --stopparentfirst undefined
2026-06-29 11:31:39 - Started 30144
2026-06-29 11:34:15 - Stopping sinisterdieselsync.exe
2026-06-29 11:34:15 - ProcessKill 30144
2026-06-29 11:34:15 - Found child process: 19648 Name: conhost.exe
2026-06-29 11:34:15 - Found child process: 23352 Name: node.exe
2026-06-29 11:34:15 - Stopping process 19648
2026-06-29 11:34:15 - Send SIGINT 19648
2026-06-29 11:34:15 - SIGINT to 19648 failed - Killing as fallback
2026-06-29 11:34:15 - Stopping process 23352
2026-06-29 11:34:15 - Send SIGINT 23352
2026-06-29 11:34:15 - SIGINT to 23352 failed - Killing as fallback
2026-06-29 11:34:15 - Stopping process 30144
2026-06-29 11:34:15 - Send SIGINT 30144
2026-06-29 11:34:15 - SIGINT to 30144 failed - Killing as fallback
2026-06-29 11:34:15 - Finished sinisterdieselsync.exe
2026-06-29 11:34:25 - Starting C:\Program Files\nodejs\node.exe  C:\Users\admin\AppData\Roaming\npm\node_modules\node-windows\lib\wrapper.js --file C:\Users\admin\OneDrive\Desktop\Work\sinister-netsuite-sync\index.js --scriptoptions= --log "Sinister Diesel Sync wrapper" --grow 0.5 --wait 2 --maxrestarts 3 --abortonerror n --stopparentfirst undefined
2026-06-29 11:34:25 - Started 11696
