{"logTime": "0713/204621", "correlationVector":"IXYPl8On1smaC0DfZFQ3VZ.1","action":"SyncServerConnectionManagerRequest", "result":"SYNC_SERVER_OK", "context":{"environment":"Prod_westus_prod-s01-081-nam-westus", "migrationStage":"NotStarted", "server":"akswtt10600001t"}}
{"logTime": "0713/204621", "correlationVector":"IXYPl8On1smaC0DfZFQ3VZ.2","action":"ProcessGetUpdates", "result":"Done", "context":{"dataType":"Encryption Keys", "deleted":"0", "process_failed_to_decrypt":"0", "process_pending_decryption":"0", "process_success":"1", "total":"1"}}
{"logTime": "0713/204621", "correlationVector":"KtqRF3lmXQFyvU/WWFMNc2","action":"SyncServerConnectionManagerRequest", "result":"SYNC_SERVER_OK", "context":{"environment":"", "migrationStage":"", "server":""}}
{"logTime": "0713/204621", "correlationVector":"KtqRF3lmXQFyvU/WWFMNc2.0","action":"EncryptionKeysFetcher.DownloadKeys:", "result":"Success", "context":Key count: 10, Last key timestamp: 2026-07-03T13:55:35Z}
{"logTime": "0713/204621", "correlationVector":"KtqRF3lmXQFyvU/WWFMNc2.1","action":"EncryptionKeysManager::SetEncryptionKeys:", "result":"Success", "context":Key names[10]:[VbrN5/Firx0jgeIhHClOyl+HZXIyLrZw020+K+QxThR+ZELbw3TBAsSgvLC+QyaQmedJm4n0cISVJHmu1SFCYQ==][1skNlUU0ja1XE0uXthpoYkpOeMVYzVHOfNYxfvDvKYuAKBlh5MKKbKx9pcurBh/sIA8YW8oDqchHgVjmBfhrDg==][5z7qP4rQ3cYaFnBLUamKasxxYsmj6cOtFJZ84cq8Ul6BFTaFRlXsqH8USk/EP5EsJSW8nMgpRuSdie22zCNGdQ==][wnguHgPzZVNLqEL/b7+RLsWuvyvvCpf5oYZxEy8EuvwfIYq57rWjKZDWHlaPwwU6NaW8toX1yVIfCh097EQGRA==][OgXFVGMGtEYiyFTf3OVYswrHZDPWrh0FQP8ld+UsMRaDufojLkmEbRiOe2jeVkAb2epO/NcTQWJv0uShsTiroQ==][OqjxAt7Sm9sqb8kShjLZGvdd6R3fw7Vex/SOAB6mbeZMXwDRhZUCAaYlbx0lO+YDf8Nb0siCgEpfVupvdSL+tQ==][Zw+U/UTZZ3Mgph/ttpPGeplqg8mSO86JTORA8Zm6wtlMESsc3YYXDW0KseiK9DJmNFDyWJ7gmM/xvq0/AL3/lA==][MhHHy5UsfRC4NLl08ZzdyiDko9VPdBVclpLutnMFspVbFI+fL7xDyUN5DvjQPJ9AT89cn/nt9HRbv+36p81pUA==][9yl1pcczx+F7qWIlnZl6eznoKvjTK4gUueML1NxtFAK4I4WY9aoW7fNvcCGCuuUOPN5lC9MVksWTHWwDLBmkcA==][lybflhN5e0L4U04H0xUt9oO/b5BjIzHUDowUHhnuCm2ua0dTvf/cmkXYWm7u/eXZ7FVB/J4oOlBs2dw1GLZCIQ==]}
{"logTime": "0713/204621", "correlationVector":"KtqRF3lmXQFyvU/WWFMNc2.2","action":"EncryptionKeysManager::SetEncryptionKeysWithTimestamps:", "result":"Success", "context":Key timestamps[10]:[2022-05-31T21:53:02Z][2022-12-05T17:12:02Z][2023-01-04T20:58:20Z][2023-07-06T12:27:25Z][2024-01-03T20:24:05Z][2024-07-01T21:16:44Z][2025-01-03T17:51:19Z][2025-07-02T23:57:57Z][2025-12-31T00:08:50Z][2026-07-03T13:55:35Z]}
{"logTime": "0713/204621", "correlationVector":"IXYPl8On1smaC0DfZFQ3VZ","action":"Initial GetUpdates", "result":"", "context":Reason: NEW_CLIENT. cV=IXYPl8On1smaC0DfZFQ3VZ}
{"logTime": "0713/204621", "correlationVector":"IXYPl8On1smaC0DfZFQ3VZ.3","action":"GetUpdates Response", "result":"Success", "context":Received 1 update(s). cV=IXYPl8On1smaC0DfZFQ3VZ.0;server=akswtt10600001t;cloudType=Consumer;environment=Prod_westus_prod-s01-081-nam-westus;migrationStage=NotStarted}
{"logTime": "0713/204621", "correlationVector":"jE8SrPXovxKmoTkJDEcwUx","action":"Initial GetUpdates", "result":"", "context":Reason: NEWLY_SUPPORTED_DATATYPE. cV=jE8SrPXovxKmoTkJDEcwUx}
{"logTime": "0713/204621", "correlationVector":"jE8SrPXovxKmoTkJDEcwUx.1","action":"SyncServerConnectionManagerRequest", "result":"SYNC_SERVER_OK", "context":{"environment":"Prod_westus_prod-s01-081-nam-westus", "migrationStage":"NotStarted", "server":"akswtt106000018"}}
{"logTime": "0713/204621", "correlationVector":"jE8SrPXovxKmoTkJDEcwUx.2","action":"ProcessGetUpdates", "result":"Done", "context":{"dataType":"Passwords", "deleted":"0", "process_failed_to_decrypt":"0", "process_pending_decryption":"0", "process_success":"228", "total":"228"}}
{"logTime": "0713/204621", "correlationVector":"jE8SrPXovxKmoTkJDEcwUx.3","action":"ProcessGetUpdates", "result":"Done", "context":{"dataType":"Device Info", "deleted":"0", "process_failed_to_decrypt":"0", "process_pending_decryption":"0", "process_success":"22", "total":"22"}}
{"logTime": "0713/204621", "correlationVector":"jE8SrPXovxKmoTkJDEcwUx.4","action":"GetUpdates Response", "result":"Success", "context":Received 250 update(s). cV=jE8SrPXovxKmoTkJDEcwUx.0;server=akswtt106000018;cloudType=Consumer;environment=Prod_westus_prod-s01-081-nam-westus;migrationStage=NotStarted Some updates remain.}
{"logTime": "0713/204621", "correlationVector":"Eu4+5Q+YN5cX6InSEBGsqO","action":"Initial GetUpdates", "result":"", "context":Reason: NEWLY_SUPPORTED_DATATYPE. cV=Eu4+5Q+YN5cX6InSEBGsqO}
{"logTime": "0713/204622", "correlationVector":"Eu4+5Q+YN5cX6InSEBGsqO.1","action":"SyncServerConnectionManagerRequest", "result":"SYNC_SERVER_OK", "context":{"environment":"Prod_westus_prod-s01-081-nam-westus", "migrationStage":"NotStarted", "server":"akswtt10600000q"}}
{"logTime": "0713/204622", "correlationVector":"Eu4+5Q+YN5cX6InSEBGsqO.2","action":"ProcessGetUpdates", "result":"Done", "context":{"dataType":"Passwords", "deleted":"0", "process_failed_to_decrypt":"0", "process_pending_decryption":"0", "process_success":"250", "total":"250"}}
{"logTime": "0713/204622", "correlationVector":"Eu4+5Q+YN5cX6InSEBGsqO.3","action":"GetUpdates Response", "result":"Success", "context":Received 250 update(s). cV=Eu4+5Q+YN5cX6InSEBGsqO.0;server=akswtt10600000q;cloudType=Consumer;environment=Prod_westus_prod-s01-081-nam-westus;migrationStage=NotStarted Some updates remain.}
{"logTime": "0713/204622", "correlationVector":"loNdpS0rt6krDGl69ib+s2","action":"Initial GetUpdates", "result":"", "context":Reason: NEWLY_SUPPORTED_DATATYPE. cV=loNdpS0rt6krDGl69ib+s2}
{"logTime": "0713/204622", "correlationVector":"loNdpS0rt6krDGl69ib+s2.1","action":"SyncServerConnectionManagerRequest", "result":"SYNC_SERVER_OK", "context":{"environment":"Prod_westus_prod-s01-081-nam-westus", "migrationStage":"NotStarted", "server":"akswtt10600001v"}}
{"logTime": "0713/204622", "correlationVector":"loNdpS0rt6krDGl69ib+s2.2","action":"ProcessGetUpdates", "result":"Done", "context":{"dataType":"Passwords", "deleted":"0", "process_failed_to_decrypt":"0", "process_pending_decryption":"0", "process_success":"139", "total":"139"}}
{"logTime": "0713/204622", "correlationVector":"loNdpS0rt6krDGl69ib+s2.3","action":"ProcessGetUpdates", "result":"Done", "context":{"dataType":"Device Info", "deleted":"0", "process_failed_to_decrypt":"0", "process_pending_decryption":"0", "process_success":"3", "total":"3"}}
{"logTime": "0713/204622", "correlationVector":"loNdpS0rt6krDGl69ib+s2.4","action":"GetUpdates Response", "result":"Success", "context":Received 142 update(s). cV=loNdpS0rt6krDGl69ib+s2.0;server=akswtt10600001v;cloudType=Consumer;environment=Prod_westus_prod-s01-081-nam-westus;migrationStage=NotStarted}
{"logTime": "0713/204622", "correlationVector":"f6hNT2qu8JHThZV2t0ut4W","action":"Initial GetUpdates", "result":"", "context":Reason: NEWLY_SUPPORTED_DATATYPE. cV=f6hNT2qu8JHThZV2t0ut4W}
{"logTime": "0713/204622", "correlationVector":"f6hNT2qu8JHThZV2t0ut4W.1","action":"SyncServerConnectionManagerRequest", "result":"SYNC_SERVER_OK", "context":{"environment":"Prod_westus_prod-s01-081-nam-westus", "migrationStage":"NotStarted", "server":"akswtt10600000h"}}
{"logTime": "0713/204622", "correlationVector":"f6hNT2qu8JHThZV2t0ut4W.2","action":"ProcessGetUpdates", "result":"Done", "context":{"dataType":"Bookmarks", "deleted":"0", "process_failed_to_decrypt":"0", "process_pending_decryption":"0", "process_success":"147", "total":"147"}}
{"logTime": "0713/204622", "correlationVector":"f6hNT2qu8JHThZV2t0ut4W.3","action":"ProcessGetUpdates", "result":"Done", "context":{"dataType":"Preferences", "deleted":"0", "process_failed_to_decrypt":"0", "process_pending_decryption":"0", "process_success":"71", "total":"71"}}
{"logTime": "0713/204622", "correlationVector":"f6hNT2qu8JHThZV2t0ut4W.4","action":"ProcessGetUpdates", "result":"Done", "context":{"dataType":"Autofill", "deleted":"0", "process_failed_to_decrypt":"0", "process_pending_decryption":"0", "process_success":"30", "total":"30"}}
{"logTime": "0713/204622", "correlationVector":"f6hNT2qu8JHThZV2t0ut4W.5","action":"ProcessGetUpdates", "result":"Done", "context":{"dataType":"Extensions", "deleted":"0", "process_failed_to_decrypt":"0", "process_pending_decryption":"0", "process_success":"1", "total":"1"}}
{"logTime": "0713/204622", "correlationVector":"f6hNT2qu8JHThZV2t0ut4W.6","action":"ProcessGetUpdates", "result":"Done", "context":{"dataType":"Extension settings", "deleted":"0", "process_failed_to_decrypt":"0", "process_pending_decryption":"0", "process_success":"1", "total":"1"}}
{"logTime": "0713/204622", "correlationVector":"f6hNT2qu8JHThZV2t0ut4W.7","action":"GetUpdates Response", "result":"Success", "context":Received 250 update(s). cV=f6hNT2qu8JHThZV2t0ut4W.0;server=akswtt10600000h;cloudType=Consumer;environment=Prod_westus_prod-s01-081-nam-westus;migrationStage=NotStarted Some updates remain.}
{"logTime": "0713/204622", "correlationVector":"PXWaJFTZZQM+x5QO/GjqPB","action":"Initial GetUpdates", "result":"", "context":Reason: NEWLY_SUPPORTED_DATATYPE. cV=PXWaJFTZZQM+x5QO/GjqPB}
{"logTime": "0713/204623", "correlationVector":"PXWaJFTZZQM+x5QO/GjqPB.1","action":"SyncServerConnectionManagerRequest", "result":"SYNC_SERVER_OK", "context":{"environment":"Prod_westus_prod-s01-081-nam-westus", "migrationStage":"NotStarted", "server":"akswtt10600000c"}}
{"logTime": "0713/204623", "correlationVector":"PXWaJFTZZQM+x5QO/GjqPB.2","action":"ProcessGetUpdates", "result":"Done", "context":{"dataType":"Autofill", "deleted":"0", "process_failed_to_decrypt":"0", "process_pending_decryption":"0", "process_success":"250", "total":"250"}}
{"logTime": "0713/204623", "correlationVector":"PXWaJFTZZQM+x5QO/GjqPB.3","action":"GetUpdates Response", "result":"Success", "context":Received 250 update(s). cV=PXWaJFTZZQM+x5QO/GjqPB.0;server=akswtt10600000c;cloudType=Consumer;environment=Prod_westus_prod-s01-081-nam-westus;migrationStage=NotStarted Some updates remain.}
{"logTime": "0713/204623", "correlationVector":"yqX+10tY/ApqLkfFeUkX92","action":"Initial GetUpdates", "result":"", "context":Reason: NEWLY_SUPPORTED_DATATYPE. cV=yqX+10tY/ApqLkfFeUkX92}
{"logTime": "0713/204623", "correlationVector":"yqX+10tY/ApqLkfFeUkX92","action":"SyncServerConnectionManagerRequest", "result":"CONNECTION_UNAVAILABLE", "context":{"error_type":"net_error_code", "error_value":"-3"}}
