2026-07-13 20:47:31.007: [INFO] OnDoneLoading sync enabled: 0
2026-07-13 20:47:31.024: [INFO] RecordSyncInitDuration has_sync_been_enabled: 0 state: 0
2026-07-13 20:47:31.205: [INFO] VisibilityChanged: 0
2026-07-13 20:47:31.477: [INFO] RecordSyncInitDuration has_sync_been_enabled: 0 state: 0
2026-07-13 20:47:31.480: [INFO] RecordSyncInitDuration has_sync_been_enabled: 0 state: 3
2026-07-13 20:47:31.482: [INFO] Primary account changed.
2026-07-13 20:47:31.482: [INFO] OnPrimaryAccountChanged PrimaryAccountChangeEvent::Type::kSet
2026-07-13 20:47:31.487: [INFO] RecordSyncInitDuration has_sync_been_enabled: 0 state: 3
2026-07-13 20:47:31.511: [INFO] RecordSyncInitDuration has_sync_been_enabled: 0 state: 3
2026-07-13 20:47:33.299: [INFO] BookmarkNodeAdded, ABU: 0
2026-07-13 20:47:33.300: [INFO] BookmarkNodeAdded, ABU: 0
2026-07-13 20:47:33.302: [INFO] BookmarkNodeAdded, ABU: 0
2026-07-13 20:47:33.303: [INFO] BookmarkNodeAdded, ABU: 0
2026-07-13 20:47:33.304: [INFO] BookmarkNodeAdded, ABU: 0
2026-07-13 20:47:33.306: [INFO] BookmarkNodeAdded, ABU: 0
2026-07-13 20:47:33.307: [INFO] BookmarkNodeAdded, ABU: 0
2026-07-13 20:47:33.308: [INFO] BookmarkNodeAdded, ABU: 0
2026-07-13 20:47:33.309: [INFO] BookmarkNodeAdded, ABU: 0
2026-07-13 20:47:33.310: [INFO] BookmarkNodeAdded, ABU: 0
2026-07-13 20:47:33.311: [INFO] BookmarkNodeAdded, ABU: 0
2026-07-13 20:47:33.313: [INFO] BookmarkNodeAdded, ABU: 0
2026-07-13 20:47:33.314: [INFO] BookmarkNodeAdded, ABU: 0
2026-07-13 20:47:33.315: [INFO] BookmarkNodeAdded, ABU: 0
2026-07-13 20:47:33.317: [INFO] BookmarkNodeAdded, ABU: 0
2026-07-13 20:47:33.318: [INFO] BookmarkNodeAdded, ABU: 0
2026-07-13 20:47:33.319: [INFO] BookmarkNodeAdded, ABU: 0
2026-07-13 20:47:33.320: [INFO] BookmarkNodeAdded, ABU: 0
2026-07-13 20:47:33.322: [INFO] BookmarkNodeAdded, ABU: 0
2026-07-13 20:47:33.323: [INFO] BookmarkNodeAdded, ABU: 0
2026-07-13 20:47:33.324: [INFO] BookmarkNodeAdded, ABU: 0
2026-07-13 20:47:33.325: [INFO] BookmarkNodeAdded, ABU: 0
2026-07-13 20:47:33.326: [INFO] BookmarkNodeAdded, ABU: 0
2026-07-13 20:47:33.328: [INFO] BookmarkNodeAdded, ABU: 0
2026-07-13 20:47:33.330: [INFO] BookmarkNodeAdded, ABU: 0
2026-07-13 20:47:33.331: [INFO] BookmarkNodeAdded, ABU: 0
2026-07-13 20:47:33.333: [INFO] BookmarkNodeAdded, ABU: 0
2026-07-13 20:47:33.334: [INFO] BookmarkNodeAdded, ABU: 0
2026-07-13 20:47:33.335: [INFO] BookmarkNodeAdded, ABU: 0
2026-07-13 20:47:33.336: [INFO] BookmarkNodeAdded, ABU: 0
2026-07-13 20:47:33.337: [INFO] BookmarkNodeAdded, ABU: 0
2026-07-13 20:47:33.338: [INFO] BookmarkNodeAdded, ABU: 0
2026-07-13 20:47:33.339: [INFO] BookmarkNodeAdded, ABU: 0
2026-07-13 20:47:33.340: [INFO] BookmarkNodeAdded, ABU: 0
2026-07-13 20:47:33.342: [INFO] BookmarkNodeAdded, ABU: 0
2026-07-13 20:47:33.343: [INFO] BookmarkNodeAdded, ABU: 0
2026-07-13 20:47:33.345: [INFO] BookmarkNodeAdded, ABU: 0
2026-07-13 20:47:33.346: [INFO] BookmarkNodeAdded, ABU: 0
2026-07-13 20:47:33.347: [INFO] BookmarkNodeAdded, ABU: 0
2026-07-13 20:47:33.349: [INFO] BookmarkNodeAdded, ABU: 0
2026-07-13 20:47:33.350: [INFO] BookmarkNodeAdded, ABU: 0
2026-07-13 20:47:33.351: [INFO] BookmarkNodeAdded, ABU: 0
2026-07-13 20:47:33.353: [INFO] BookmarkNodeAdded, ABU: 0
2026-07-13 20:47:33.355: [INFO] BookmarkNodeAdded, ABU: 0
2026-07-13 20:47:33.357: [INFO] BookmarkNodeAdded, ABU: 0
2026-07-13 20:47:33.358: [INFO] BookmarkNodeAdded, ABU: 0
2026-07-13 20:47:33.360: [INFO] BookmarkNodeAdded, ABU: 0
2026-07-13 20:47:33.361: [INFO] BookmarkNodeAdded, ABU: 0
2026-07-13 20:47:33.362: [INFO] BookmarkNodeAdded, ABU: 0
2026-07-13 20:47:33.363: [INFO] BookmarkNodeAdded, ABU: 0
2026-07-13 20:47:33.364: [INFO] BookmarkNodeAdded, ABU: 0
2026-07-13 20:47:33.365: [INFO] BookmarkNodeAdded, ABU: 0
2026-07-13 20:47:33.367: [INFO] BookmarkNodeAdded, ABU: 0
2026-07-13 20:47:33.368: [INFO] BookmarkNodeAdded, ABU: 0
2026-07-13 20:47:33.369: [INFO] BookmarkNodeAdded, ABU: 0
2026-07-13 20:47:33.371: [INFO] BookmarkNodeAdded, ABU: 0
2026-07-13 20:47:33.372: [INFO] BookmarkNodeAdded, ABU: 0
2026-07-13 20:47:33.373: [INFO] BookmarkNodeAdded, ABU: 0
2026-07-13 20:47:33.374: [INFO] BookmarkNodeAdded, ABU: 0
2026-07-13 20:47:33.376: [INFO] BookmarkNodeAdded, ABU: 0
2026-07-13 20:47:33.378: [INFO] BookmarkNodeAdded, ABU: 0
2026-07-13 20:47:33.379: [INFO] BookmarkNodeAdded, ABU: 0
2026-07-13 20:47:33.381: [INFO] BookmarkNodeAdded, ABU: 0
2026-07-13 20:47:33.383: [INFO] BookmarkNodeAdded, ABU: 0
2026-07-13 20:47:33.384: [INFO] BookmarkNodeAdded, ABU: 0
2026-07-13 20:47:33.385: [INFO] BookmarkNodeAdded, ABU: 0
2026-07-13 20:47:33.387: [INFO] BookmarkNodeAdded, ABU: 0
2026-07-13 20:47:33.388: [INFO] BookmarkNodeAdded, ABU: 0
2026-07-13 20:47:33.389: [INFO] BookmarkNodeAdded, ABU: 0
2026-07-13 20:47:33.390: [INFO] BookmarkNodeAdded, ABU: 0
2026-07-13 20:47:33.391: [INFO] BookmarkNodeAdded, ABU: 0
2026-07-13 20:47:33.392: [INFO] BookmarkNodeAdded, ABU: 0
2026-07-13 20:47:33.393: [INFO] BookmarkNodeAdded, ABU: 0
2026-07-13 20:47:33.395: [INFO] BookmarkNodeAdded, ABU: 0
2026-07-13 20:47:33.396: [INFO] BookmarkNodeAdded, ABU: 0
2026-07-13 20:47:33.396: [INFO] BookmarkNodeAdded, ABU: 0
2026-07-13 20:47:33.398: [INFO] BookmarkNodeAdded, ABU: 0
2026-07-13 20:47:33.399: [INFO] BookmarkNodeAdded, ABU: 0
2026-07-13 20:47:33.400: [INFO] BookmarkNodeAdded, ABU: 0
2026-07-13 20:47:33.401: [INFO] BookmarkNodeAdded, ABU: 0
2026-07-13 20:47:33.401: [INFO] BookmarkNodeAdded, ABU: 0
2026-07-13 20:47:33.402: [INFO] BookmarkNodeAdded, ABU: 0
2026-07-13 20:47:33.402: [INFO] BookmarkNodeAdded, ABU: 0
2026-07-13 20:47:33.403: [INFO] BookmarkNodeAdded, ABU: 0
2026-07-13 20:47:33.404: [INFO] BookmarkNodeAdded, ABU: 0
2026-07-13 20:47:33.404: [INFO] BookmarkNodeAdded, ABU: 0
2026-07-13 20:47:33.405: [INFO] BookmarkNodeAdded, ABU: 0
2026-07-13 20:47:33.405: [INFO] BookmarkNodeAdded, ABU: 0
2026-07-13 20:47:33.406: [INFO] BookmarkNodeAdded, ABU: 0
2026-07-13 20:47:33.407: [INFO] BookmarkNodeAdded, ABU: 0
2026-07-13 20:47:33.407: [INFO] BookmarkNodeAdded, ABU: 0
2026-07-13 20:47:33.409: [INFO] BookmarkNodeAdded, ABU: 0
2026-07-13 20:47:33.410: [INFO] BookmarkNodeAdded, ABU: 0
2026-07-13 20:47:33.411: [INFO] BookmarkNodeAdded, ABU: 0
2026-07-13 20:47:33.412: [INFO] BookmarkNodeAdded, ABU: 0
2026-07-13 20:47:33.413: [INFO] BookmarkNodeAdded, ABU: 0
2026-07-13 20:47:33.414: [INFO] BookmarkNodeAdded, ABU: 0
2026-07-13 20:47:33.415: [INFO] BookmarkNodeAdded, ABU: 0
2026-07-13 20:47:33.415: [INFO] BookmarkNodeAdded, ABU: 0
2026-07-13 20:47:33.416: [INFO] BookmarkNodeAdded, ABU: 0
2026-07-13 20:47:33.417: [INFO] BookmarkNodeAdded, ABU: 0
2026-07-13 20:47:33.418: [INFO] BookmarkNodeAdded, ABU: 0
2026-07-13 20:47:33.419: [INFO] BookmarkNodeAdded, ABU: 0
2026-07-13 20:47:33.421: [INFO] BookmarkNodeAdded, ABU: 0
2026-07-13 20:47:33.422: [INFO] BookmarkNodeAdded, ABU: 0
2026-07-13 20:47:33.423: [INFO] BookmarkNodeAdded, ABU: 0
2026-07-13 20:47:33.424: [INFO] BookmarkNodeAdded, ABU: 0
2026-07-13 20:47:33.425: [INFO] BookmarkNodeAdded, ABU: 0
2026-07-13 20:47:33.427: [INFO] BookmarkNodeAdded, ABU: 0
2026-07-13 20:47:33.428: [INFO] BookmarkNodeAdded, ABU: 0
2026-07-13 20:47:33.429: [INFO] BookmarkNodeAdded, ABU: 0
2026-07-13 20:47:33.430: [INFO] BookmarkNodeAdded, ABU: 0
2026-07-13 20:47:33.431: [INFO] BookmarkNodeAdded, ABU: 0
2026-07-13 20:47:33.433: [INFO] BookmarkNodeAdded, ABU: 0
2026-07-13 20:47:33.433: [INFO] BookmarkNodeAdded, ABU: 0
2026-07-13 20:47:33.434: [INFO] BookmarkNodeAdded, ABU: 0
2026-07-13 20:47:33.435: [INFO] BookmarkNodeAdded, ABU: 0
2026-07-13 20:47:33.437: [INFO] BookmarkNodeAdded, ABU: 0
2026-07-13 20:47:33.438: [INFO] BookmarkNodeAdded, ABU: 0
2026-07-13 20:47:33.438: [INFO] BookmarkNodeAdded, ABU: 0
2026-07-13 20:47:33.439: [INFO] BookmarkNodeAdded, ABU: 0
2026-07-13 20:47:33.440: [INFO] BookmarkNodeAdded, ABU: 0
2026-07-13 20:47:33.441: [INFO] BookmarkNodeAdded, ABU: 0
2026-07-13 20:47:33.443: [INFO] BookmarkNodeAdded, ABU: 0
2026-07-13 20:47:33.444: [INFO] BookmarkNodeAdded, ABU: 0
2026-07-13 20:47:33.445: [INFO] BookmarkNodeAdded, ABU: 0
2026-07-13 20:47:33.446: [INFO] BookmarkNodeAdded, ABU: 0
2026-07-13 20:47:33.447: [INFO] BookmarkNodeAdded, ABU: 0
2026-07-13 20:47:33.448: [INFO] BookmarkNodeAdded, ABU: 0
2026-07-13 20:47:33.448: [INFO] BookmarkNodeAdded, ABU: 0
2026-07-13 20:47:33.449: [INFO] BookmarkNodeAdded, ABU: 0
2026-07-13 20:47:33.450: [INFO] BookmarkNodeAdded, ABU: 0
2026-07-13 20:47:33.450: [INFO] BookmarkNodeAdded, ABU: 0
2026-07-13 20:47:33.451: [INFO] BookmarkNodeAdded, ABU: 0
2026-07-13 20:47:33.452: [INFO] BookmarkNodeAdded, ABU: 0
2026-07-13 20:47:33.452: [INFO] BookmarkNodeAdded, ABU: 0
2026-07-13 20:47:33.453: [INFO] BookmarkNodeAdded, ABU: 0
2026-07-13 20:47:33.454: [INFO] BookmarkNodeAdded, ABU: 0
2026-07-13 20:47:33.454: [INFO] BookmarkNodeAdded, ABU: 0
2026-07-13 20:47:33.455: [INFO] BookmarkNodeAdded, ABU: 0
2026-07-13 20:47:33.456: [INFO] BookmarkNodeAdded, ABU: 0
2026-07-13 20:47:33.456: [INFO] BookmarkNodeAdded, ABU: 0
2026-07-13 20:47:33.457: [INFO] BookmarkNodeAdded, ABU: 0
2026-07-13 20:47:33.458: [INFO] BookmarkNodeAdded, ABU: 0
2026-07-13 20:47:33.459: [INFO] BookmarkNodeAdded, ABU: 0
2026-07-13 20:47:33.460: [INFO] BookmarkNodeAdded, ABU: 0
2026-07-13 20:47:33.461: [INFO] BookmarkNodeAdded, ABU: 0
2026-07-13 20:47:33.462: [INFO] BookmarkNodeAdded, ABU: 0
2026-07-13 20:47:33.464: [INFO] BookmarkNodeAdded, ABU: 0
2026-07-13 20:47:33.465: [INFO] BookmarkNodeAdded, ABU: 0
2026-07-13 20:47:33.466: [INFO] BookmarkNodeAdded, ABU: 0
2026-07-13 20:47:33.467: [INFO] BookmarkNodeAdded, ABU: 0
2026-07-13 20:47:33.468: [INFO] BookmarkNodeAdded, ABU: 0
2026-07-13 20:47:33.469: [INFO] BookmarkNodeAdded, ABU: 0
2026-07-13 20:47:33.469: [INFO] BookmarkNodeAdded, ABU: 0
2026-07-13 20:47:33.470: [INFO] BookmarkNodeAdded, ABU: 0
2026-07-13 20:47:33.471: [INFO] BookmarkNodeAdded, ABU: 0
2026-07-13 20:47:33.472: [INFO] BookmarkNodeAdded, ABU: 0
2026-07-13 20:47:33.473: [INFO] BookmarkNodeAdded, ABU: 0
