{"logTime": "0713/204717", "correlationVector":"88wrtZ4yuaYrIxmrNJnBRL.1","action":"SyncServerConnectionManagerRequest", "result":"SYNC_SERVER_OK", "context":{"environment":"Prod_westus_prod-s01-081-nam-westus", "migrationStage":"NotStarted", "server":"akswtt106000001"}}
{"logTime": "0713/204717", "correlationVector":"88wrtZ4yuaYrIxmrNJnBRL.2","action":"ProcessGetUpdates", "result":"Done", "context":{"dataType":"Encryption Keys", "deleted":"0", "process_failed_to_decrypt":"0", "process_pending_decryption":"0", "process_success":"1", "total":"1"}}
{"logTime": "0713/204718", "correlationVector":"uLQOq6d/SupQ8g1SzhuRVT","action":"SyncServerConnectionManagerRequest", "result":"SYNC_SERVER_ERROR", "context":{"environment":"", "error_type":"http_status_code", "error_value":"400", "migrationStage":"", "server":""}}
{"logTime": "0713/204718", "correlationVector":"88wrtZ4yuaYrIxmrNJnBRL","action":"Initial GetUpdates", "result":"", "context":Reason: NEW_CLIENT. cV=88wrtZ4yuaYrIxmrNJnBRL}
{"logTime": "0713/204718", "correlationVector":"88wrtZ4yuaYrIxmrNJnBRL.3","action":"GetUpdates Response", "result":"Success", "context":Received 1 update(s). cV=88wrtZ4yuaYrIxmrNJnBRL.0;server=akswtt106000001;cloudType=Consumer;environment=Prod_westus_prod-s01-081-nam-westus;migrationStage=NotStarted}
{"logTime": "0713/204718", "correlationVector":"SIVYgzq8naoo6eU7dDN68x","action":"Initial GetUpdates", "result":"", "context":Reason: NEW_CLIENT. cV=SIVYgzq8naoo6eU7dDN68x}
{"logTime": "0713/204718", "correlationVector":"SIVYgzq8naoo6eU7dDN68x.1","action":"SyncServerConnectionManagerRequest", "result":"SYNC_SERVER_OK", "context":{"environment":"Prod_westus_prod-s01-081-nam-westus", "migrationStage":"NotStarted", "server":"akswtt10600001g"}}
{"logTime": "0713/204718", "correlationVector":"SIVYgzq8naoo6eU7dDN68x.2","action":"ProcessGetUpdates", "result":"Done", "context":{"dataType":"Device Info", "deleted":"0", "process_failed_to_decrypt":"0", "process_pending_decryption":"0", "process_success":"25", "total":"25"}}
{"logTime": "0713/204718", "correlationVector":"SIVYgzq8naoo6eU7dDN68x.3","action":"GetUpdates Response", "result":"Success", "context":Received 25 update(s). cV=SIVYgzq8naoo6eU7dDN68x.0;server=akswtt10600001g;cloudType=Consumer;environment=Prod_westus_prod-s01-081-nam-westus;migrationStage=NotStarted}
{"logTime": "0713/204718", "correlationVector":"wGmc5wTvpucwoAPnIxNQDP","action":"SyncServerConnectionManagerRequest", "result":"SYNC_SERVER_ERROR", "context":{"environment":"", "error_type":"http_status_code", "error_value":"400", "migrationStage":"", "server":""}}
{"logTime": "0713/204718", "correlationVector":"31lR1/6bjKTlg0wtimwftx","action":"Initial GetUpdates", "result":"", "context":Reason: NEW_CLIENT. cV=31lR1/6bjKTlg0wtimwftx}
{"logTime": "0713/204719", "correlationVector":"31lR1/6bjKTlg0wtimwftx.1","action":"SyncServerConnectionManagerRequest", "result":"SYNC_SERVER_OK", "context":{"environment":"Prod_westus_prod-s01-081-nam-westus", "migrationStage":"NotStarted", "server":"akswtt10600000c"}}
{"logTime": "0713/204719", "correlationVector":"31lR1/6bjKTlg0wtimwftx.2","action":"ProcessGetUpdates", "result":"Done", "context":{"dataType":"Bookmarks", "deleted":"0", "process_failed_to_decrypt":"0", "process_pending_decryption":"0", "process_success":"154", "total":"154"}}
{"logTime": "0713/204719", "correlationVector":"31lR1/6bjKTlg0wtimwftx.3","action":"ProcessGetUpdates", "result":"Done", "context":{"dataType":"Preferences", "deleted":"0", "process_failed_to_decrypt":"0", "process_pending_decryption":"0", "process_success":"78", "total":"78"}}
{"logTime": "0713/204719", "correlationVector":"31lR1/6bjKTlg0wtimwftx.4","action":"ProcessGetUpdates", "result":"Done", "context":{"dataType":"Extensions", "deleted":"0", "process_failed_to_decrypt":"0", "process_pending_decryption":"0", "process_success":"1", "total":"1"}}
{"logTime": "0713/204719", "correlationVector":"31lR1/6bjKTlg0wtimwftx.5","action":"ProcessGetUpdates", "result":"Done", "context":{"dataType":"Extension settings", "deleted":"0", "process_failed_to_decrypt":"0", "process_pending_decryption":"0", "process_success":"1", "total":"1"}}
{"logTime": "0713/204719", "correlationVector":"31lR1/6bjKTlg0wtimwftx.6","action":"ProcessGetUpdates", "result":"Done", "context":{"dataType":"Edge Hub App Usage", "deleted":"0", "process_failed_to_decrypt":"0", "process_pending_decryption":"0", "process_success":"1", "total":"1"}}
{"logTime": "0713/204719", "correlationVector":"31lR1/6bjKTlg0wtimwftx.7","action":"GetUpdates Response", "result":"Success", "context":Received 235 update(s). cV=31lR1/6bjKTlg0wtimwftx.0;server=akswtt10600000c;cloudType=Consumer;environment=Prod_westus_prod-s01-081-nam-westus;migrationStage=NotStarted Some updates remain.}
{"logTime": "0713/204719", "correlationVector":"XP15XyZTw7hN6jj9+QIz9J","action":"Initial GetUpdates", "result":"", "context":Reason: NEW_CLIENT. cV=XP15XyZTw7hN6jj9+QIz9J}
{"logTime": "0713/204720", "correlationVector":"XP15XyZTw7hN6jj9+QIz9J","action":"SyncServerConnectionManagerRequest", "result":"CONNECTION_UNAVAILABLE", "context":{"error_type":"net_error_code", "error_value":"-3"}}
