{"logTime": "0713/204625", "correlationVector":"pvXTtABID/KWKKzOAirBbL.1","action":"SyncServerConnectionManagerRequest", "result":"SYNC_SERVER_OK", "context":{"environment":"Prod_westus_prod-s01-081-nam-westus", "migrationStage":"NotStarted", "server":"akswtt106000016"}}
{"logTime": "0713/204625", "correlationVector":"pvXTtABID/KWKKzOAirBbL.2","action":"ProcessGetUpdates", "result":"Done", "context":{"dataType":"Encryption Keys", "deleted":"0", "process_failed_to_decrypt":"0", "process_pending_decryption":"0", "process_success":"1", "total":"1"}}
{"logTime": "0713/204626", "correlationVector":"LTdBofqsfhHHldx8zJvYnj","action":"SyncServerConnectionManagerRequest", "result":"SYNC_SERVER_OK", "context":{"environment":"", "migrationStage":"", "server":""}}
{"logTime": "0713/204626", "correlationVector":"LTdBofqsfhHHldx8zJvYnj.0","action":"EncryptionKeysFetcher.DownloadKeys:", "result":"Success", "context":Key count: 10, Last key timestamp: 2026-07-03T13:55:35Z}
{"logTime": "0713/204626", "correlationVector":"LTdBofqsfhHHldx8zJvYnj.1","action":"EncryptionKeysManager::SetEncryptionKeys:", "result":"Success", "context":Key names[10]:[VbrN5/Firx0jgeIhHClOyl+HZXIyLrZw020+K+QxThR+ZELbw3TBAsSgvLC+QyaQmedJm4n0cISVJHmu1SFCYQ==][1skNlUU0ja1XE0uXthpoYkpOeMVYzVHOfNYxfvDvKYuAKBlh5MKKbKx9pcurBh/sIA8YW8oDqchHgVjmBfhrDg==][5z7qP4rQ3cYaFnBLUamKasxxYsmj6cOtFJZ84cq8Ul6BFTaFRlXsqH8USk/EP5EsJSW8nMgpRuSdie22zCNGdQ==][wnguHgPzZVNLqEL/b7+RLsWuvyvvCpf5oYZxEy8EuvwfIYq57rWjKZDWHlaPwwU6NaW8toX1yVIfCh097EQGRA==][OgXFVGMGtEYiyFTf3OVYswrHZDPWrh0FQP8ld+UsMRaDufojLkmEbRiOe2jeVkAb2epO/NcTQWJv0uShsTiroQ==][OqjxAt7Sm9sqb8kShjLZGvdd6R3fw7Vex/SOAB6mbeZMXwDRhZUCAaYlbx0lO+YDf8Nb0siCgEpfVupvdSL+tQ==][Zw+U/UTZZ3Mgph/ttpPGeplqg8mSO86JTORA8Zm6wtlMESsc3YYXDW0KseiK9DJmNFDyWJ7gmM/xvq0/AL3/lA==][MhHHy5UsfRC4NLl08ZzdyiDko9VPdBVclpLutnMFspVbFI+fL7xDyUN5DvjQPJ9AT89cn/nt9HRbv+36p81pUA==][9yl1pcczx+F7qWIlnZl6eznoKvjTK4gUueML1NxtFAK4I4WY9aoW7fNvcCGCuuUOPN5lC9MVksWTHWwDLBmkcA==][lybflhN5e0L4U04H0xUt9oO/b5BjIzHUDowUHhnuCm2ua0dTvf/cmkXYWm7u/eXZ7FVB/J4oOlBs2dw1GLZCIQ==]}
{"logTime": "0713/204626", "correlationVector":"LTdBofqsfhHHldx8zJvYnj.2","action":"EncryptionKeysManager::SetEncryptionKeysWithTimestamps:", "result":"Success", "context":Key timestamps[10]:[2022-05-31T21:53:02Z][2022-12-05T17:12:02Z][2023-01-04T20:58:20Z][2023-07-06T12:27:25Z][2024-01-03T20:24:05Z][2024-07-01T21:16:44Z][2025-01-03T17:51:19Z][2025-07-02T23:57:57Z][2025-12-31T00:08:50Z][2026-07-03T13:55:35Z]}
{"logTime": "0713/204626", "correlationVector":"pvXTtABID/KWKKzOAirBbL","action":"Initial GetUpdates", "result":"", "context":Reason: NEW_CLIENT. cV=pvXTtABID/KWKKzOAirBbL}
{"logTime": "0713/204626", "correlationVector":"pvXTtABID/KWKKzOAirBbL.3","action":"GetUpdates Response", "result":"Success", "context":Received 1 update(s). cV=pvXTtABID/KWKKzOAirBbL.0;server=akswtt106000016;cloudType=Consumer;environment=Prod_westus_prod-s01-081-nam-westus;migrationStage=NotStarted}
{"logTime": "0713/204626", "correlationVector":"XYOXH3u/yqxPgNgwknJKlZ","action":"Initial GetUpdates", "result":"", "context":Reason: NEWLY_SUPPORTED_DATATYPE. cV=XYOXH3u/yqxPgNgwknJKlZ}
{"logTime": "0713/204626", "correlationVector":"XYOXH3u/yqxPgNgwknJKlZ.1","action":"SyncServerConnectionManagerRequest", "result":"SYNC_SERVER_OK", "context":{"environment":"Prod_westus_prod-s01-081-nam-westus", "migrationStage":"NotStarted", "server":"akswtt10600000z"}}
{"logTime": "0713/204627", "correlationVector":"XYOXH3u/yqxPgNgwknJKlZ.2","action":"ProcessGetUpdates", "result":"Done", "context":{"dataType":"Passwords", "deleted":"0", "process_failed_to_decrypt":"0", "process_pending_decryption":"0", "process_success":"228", "total":"228"}}
{"logTime": "0713/204627", "correlationVector":"XYOXH3u/yqxPgNgwknJKlZ.3","action":"ProcessGetUpdates", "result":"Done", "context":{"dataType":"Device Info", "deleted":"0", "process_failed_to_decrypt":"0", "process_pending_decryption":"0", "process_success":"22", "total":"22"}}
{"logTime": "0713/204627", "correlationVector":"XYOXH3u/yqxPgNgwknJKlZ.4","action":"GetUpdates Response", "result":"Success", "context":Received 250 update(s). cV=XYOXH3u/yqxPgNgwknJKlZ.0;server=akswtt10600000z;cloudType=Consumer;environment=Prod_westus_prod-s01-081-nam-westus;migrationStage=NotStarted Some updates remain.}
{"logTime": "0713/204627", "correlationVector":"habzxjfv44LkyQ1wWD7kp8","action":"Initial GetUpdates", "result":"", "context":Reason: NEWLY_SUPPORTED_DATATYPE. cV=habzxjfv44LkyQ1wWD7kp8}
{"logTime": "0713/204627", "correlationVector":"habzxjfv44LkyQ1wWD7kp8.1","action":"SyncServerConnectionManagerRequest", "result":"SYNC_SERVER_OK", "context":{"environment":"Prod_westus_prod-s01-081-nam-westus", "migrationStage":"NotStarted", "server":"akswtt10600000e"}}
{"logTime": "0713/204627", "correlationVector":"habzxjfv44LkyQ1wWD7kp8.2","action":"ProcessGetUpdates", "result":"Done", "context":{"dataType":"Passwords", "deleted":"0", "process_failed_to_decrypt":"0", "process_pending_decryption":"0", "process_success":"250", "total":"250"}}
{"logTime": "0713/204627", "correlationVector":"habzxjfv44LkyQ1wWD7kp8.3","action":"GetUpdates Response", "result":"Success", "context":Received 250 update(s). cV=habzxjfv44LkyQ1wWD7kp8.0;server=akswtt10600000e;cloudType=Consumer;environment=Prod_westus_prod-s01-081-nam-westus;migrationStage=NotStarted Some updates remain.}
{"logTime": "0713/204627", "correlationVector":"Ri8qeqCfMfEDpb+FLiREYx","action":"Initial GetUpdates", "result":"", "context":Reason: NEWLY_SUPPORTED_DATATYPE. cV=Ri8qeqCfMfEDpb+FLiREYx}
{"logTime": "0713/204627", "correlationVector":"Ri8qeqCfMfEDpb+FLiREYx.1","action":"SyncServerConnectionManagerRequest", "result":"SYNC_SERVER_OK", "context":{"environment":"Prod_westus_prod-s01-081-nam-westus", "migrationStage":"NotStarted", "server":"akswtt10600001o"}}
{"logTime": "0713/204627", "correlationVector":"Ri8qeqCfMfEDpb+FLiREYx.2","action":"ProcessGetUpdates", "result":"Done", "context":{"dataType":"Passwords", "deleted":"0", "process_failed_to_decrypt":"0", "process_pending_decryption":"0", "process_success":"139", "total":"139"}}
{"logTime": "0713/204627", "correlationVector":"Ri8qeqCfMfEDpb+FLiREYx.3","action":"ProcessGetUpdates", "result":"Done", "context":{"dataType":"Device Info", "deleted":"0", "process_failed_to_decrypt":"0", "process_pending_decryption":"0", "process_success":"3", "total":"3"}}
{"logTime": "0713/204627", "correlationVector":"Ri8qeqCfMfEDpb+FLiREYx.4","action":"GetUpdates Response", "result":"Success", "context":Received 142 update(s). cV=Ri8qeqCfMfEDpb+FLiREYx.0;server=akswtt10600001o;cloudType=Consumer;environment=Prod_westus_prod-s01-081-nam-westus;migrationStage=NotStarted}
{"logTime": "0713/204627", "correlationVector":"4DNw7j3ZvHvD9NXHskear2","action":"Initial GetUpdates", "result":"", "context":Reason: NEWLY_SUPPORTED_DATATYPE. cV=4DNw7j3ZvHvD9NXHskear2}
{"logTime": "0713/204627", "correlationVector":"4DNw7j3ZvHvD9NXHskear2.1","action":"SyncServerConnectionManagerRequest", "result":"SYNC_SERVER_OK", "context":{"environment":"Prod_westus_prod-s01-081-nam-westus", "migrationStage":"NotStarted", "server":"akswtt10600000k"}}
{"logTime": "0713/204627", "correlationVector":"4DNw7j3ZvHvD9NXHskear2.2","action":"ProcessGetUpdates", "result":"Done", "context":{"dataType":"Bookmarks", "deleted":"0", "process_failed_to_decrypt":"0", "process_pending_decryption":"0", "process_success":"147", "total":"147"}}
{"logTime": "0713/204627", "correlationVector":"4DNw7j3ZvHvD9NXHskear2.3","action":"ProcessGetUpdates", "result":"Done", "context":{"dataType":"Preferences", "deleted":"0", "process_failed_to_decrypt":"0", "process_pending_decryption":"0", "process_success":"71", "total":"71"}}
{"logTime": "0713/204627", "correlationVector":"4DNw7j3ZvHvD9NXHskear2.4","action":"ProcessGetUpdates", "result":"Done", "context":{"dataType":"Autofill", "deleted":"0", "process_failed_to_decrypt":"0", "process_pending_decryption":"0", "process_success":"30", "total":"30"}}
{"logTime": "0713/204627", "correlationVector":"4DNw7j3ZvHvD9NXHskear2.5","action":"ProcessGetUpdates", "result":"Done", "context":{"dataType":"Extensions", "deleted":"0", "process_failed_to_decrypt":"0", "process_pending_decryption":"0", "process_success":"1", "total":"1"}}
{"logTime": "0713/204627", "correlationVector":"4DNw7j3ZvHvD9NXHskear2.6","action":"ProcessGetUpdates", "result":"Done", "context":{"dataType":"Extension settings", "deleted":"0", "process_failed_to_decrypt":"0", "process_pending_decryption":"0", "process_success":"1", "total":"1"}}
{"logTime": "0713/204627", "correlationVector":"4DNw7j3ZvHvD9NXHskear2.7","action":"GetUpdates Response", "result":"Success", "context":Received 250 update(s). cV=4DNw7j3ZvHvD9NXHskear2.0;server=akswtt10600000k;cloudType=Consumer;environment=Prod_westus_prod-s01-081-nam-westus;migrationStage=NotStarted Some updates remain.}
{"logTime": "0713/204627", "correlationVector":"U0tSZtBr/THLS5XBkCXZiY","action":"Initial GetUpdates", "result":"", "context":Reason: NEWLY_SUPPORTED_DATATYPE. cV=U0tSZtBr/THLS5XBkCXZiY}
{"logTime": "0713/204628", "correlationVector":"U0tSZtBr/THLS5XBkCXZiY.1","action":"SyncServerConnectionManagerRequest", "result":"SYNC_SERVER_OK", "context":{"environment":"Prod_westus_prod-s01-081-nam-westus", "migrationStage":"NotStarted", "server":"akswtt10600000k"}}
{"logTime": "0713/204628", "correlationVector":"U0tSZtBr/THLS5XBkCXZiY.2","action":"ProcessGetUpdates", "result":"Done", "context":{"dataType":"Autofill", "deleted":"0", "process_failed_to_decrypt":"0", "process_pending_decryption":"0", "process_success":"250", "total":"250"}}
{"logTime": "0713/204628", "correlationVector":"U0tSZtBr/THLS5XBkCXZiY.3","action":"GetUpdates Response", "result":"Success", "context":Received 250 update(s). cV=U0tSZtBr/THLS5XBkCXZiY.0;server=akswtt10600000k;cloudType=Consumer;environment=Prod_westus_prod-s01-081-nam-westus;migrationStage=NotStarted Some updates remain.}
{"logTime": "0713/204628", "correlationVector":"r1vhQcYbHLiscITSnkgHJf","action":"Initial GetUpdates", "result":"", "context":Reason: NEWLY_SUPPORTED_DATATYPE. cV=r1vhQcYbHLiscITSnkgHJf}
{"logTime": "0713/204628", "correlationVector":"r1vhQcYbHLiscITSnkgHJf.1","action":"SyncServerConnectionManagerRequest", "result":"SYNC_SERVER_OK", "context":{"environment":"Prod_westus_prod-s01-081-nam-westus", "migrationStage":"NotStarted", "server":"akswtt106000007"}}
{"logTime": "0713/204628", "correlationVector":"r1vhQcYbHLiscITSnkgHJf.2","action":"ProcessGetUpdates", "result":"Done", "context":{"dataType":"Autofill", "deleted":"0", "process_failed_to_decrypt":"0", "process_pending_decryption":"0", "process_success":"250", "total":"250"}}
{"logTime": "0713/204628", "correlationVector":"r1vhQcYbHLiscITSnkgHJf.3","action":"GetUpdates Response", "result":"Success", "context":Received 250 update(s). cV=r1vhQcYbHLiscITSnkgHJf.0;server=akswtt106000007;cloudType=Consumer;environment=Prod_westus_prod-s01-081-nam-westus;migrationStage=NotStarted Some updates remain.}
{"logTime": "0713/204628", "correlationVector":"ytenWhOGKXlCyKKaW4I5af","action":"Initial GetUpdates", "result":"", "context":Reason: NEWLY_SUPPORTED_DATATYPE. cV=ytenWhOGKXlCyKKaW4I5af}
{"logTime": "0713/204628", "correlationVector":"ytenWhOGKXlCyKKaW4I5af.1","action":"SyncServerConnectionManagerRequest", "result":"SYNC_SERVER_OK", "context":{"environment":"Prod_westus_prod-s01-081-nam-westus", "migrationStage":"NotStarted", "server":"akswtt10600000d"}}
{"logTime": "0713/204628", "correlationVector":"ytenWhOGKXlCyKKaW4I5af.2","action":"ProcessGetUpdates", "result":"Done", "context":{"dataType":"Autofill", "deleted":"0", "process_failed_to_decrypt":"0", "process_pending_decryption":"0", "process_success":"250", "total":"250"}}
