2026-07-13 20:47:25.956: [INFO] OnDoneLoading sync enabled: 0
2026-07-13 20:47:25.962: [INFO] RecordSyncInitDuration has_sync_been_enabled: 0 state: 0
2026-07-13 20:47:26.153: [INFO] VisibilityChanged: 0
2026-07-13 20:47:26.506: [INFO] RecordSyncInitDuration has_sync_been_enabled: 0 state: 0
2026-07-13 20:47:26.510: [INFO] RecordSyncInitDuration has_sync_been_enabled: 0 state: 3
2026-07-13 20:47:26.512: [INFO] Primary account changed.
2026-07-13 20:47:26.512: [INFO] OnPrimaryAccountChanged PrimaryAccountChangeEvent::Type::kSet
2026-07-13 20:47:26.520: [INFO] RecordSyncInitDuration has_sync_been_enabled: 0 state: 3
2026-07-13 20:47:26.536: [INFO] RecordSyncInitDuration has_sync_been_enabled: 0 state: 3
2026-07-13 20:47:28.735: [INFO] BookmarkNodeAdded, ABU: 0
2026-07-13 20:47:28.737: [INFO] BookmarkNodeAdded, ABU: 0
2026-07-13 20:47:28.739: [INFO] BookmarkNodeAdded, ABU: 0
2026-07-13 20:47:28.740: [INFO] BookmarkNodeAdded, ABU: 0
2026-07-13 20:47:28.742: [INFO] BookmarkNodeAdded, ABU: 0
2026-07-13 20:47:28.743: [INFO] BookmarkNodeAdded, ABU: 0
2026-07-13 20:47:28.745: [INFO] BookmarkNodeAdded, ABU: 0
2026-07-13 20:47:28.746: [INFO] BookmarkNodeAdded, ABU: 0
2026-07-13 20:47:28.748: [INFO] BookmarkNodeAdded, ABU: 0
2026-07-13 20:47:28.749: [INFO] BookmarkNodeAdded, ABU: 0
2026-07-13 20:47:28.750: [INFO] BookmarkNodeAdded, ABU: 0
2026-07-13 20:47:28.751: [INFO] BookmarkNodeAdded, ABU: 0
2026-07-13 20:47:28.752: [INFO] BookmarkNodeAdded, ABU: 0
2026-07-13 20:47:28.755: [INFO] BookmarkNodeAdded, ABU: 0
2026-07-13 20:47:28.756: [INFO] BookmarkNodeAdded, ABU: 0
2026-07-13 20:47:28.758: [INFO] BookmarkNodeAdded, ABU: 0
2026-07-13 20:47:28.760: [INFO] BookmarkNodeAdded, ABU: 0
2026-07-13 20:47:28.761: [INFO] BookmarkNodeAdded, ABU: 0
2026-07-13 20:47:28.763: [INFO] BookmarkNodeAdded, ABU: 0
2026-07-13 20:47:28.764: [INFO] BookmarkNodeAdded, ABU: 0
2026-07-13 20:47:28.766: [INFO] BookmarkNodeAdded, ABU: 0
2026-07-13 20:47:28.767: [INFO] BookmarkNodeAdded, ABU: 0
2026-07-13 20:47:28.769: [INFO] BookmarkNodeAdded, ABU: 0
2026-07-13 20:47:28.770: [INFO] BookmarkNodeAdded, ABU: 0
2026-07-13 20:47:28.771: [INFO] BookmarkNodeAdded, ABU: 0
2026-07-13 20:47:28.772: [INFO] BookmarkNodeAdded, ABU: 0
2026-07-13 20:47:28.773: [INFO] BookmarkNodeAdded, ABU: 0
2026-07-13 20:47:28.775: [INFO] BookmarkNodeAdded, ABU: 0
2026-07-13 20:47:28.776: [INFO] BookmarkNodeAdded, ABU: 0
2026-07-13 20:47:28.778: [INFO] BookmarkNodeAdded, ABU: 0
2026-07-13 20:47:28.779: [INFO] BookmarkNodeAdded, ABU: 0
2026-07-13 20:47:28.780: [INFO] BookmarkNodeAdded, ABU: 0
2026-07-13 20:47:28.781: [INFO] BookmarkNodeAdded, ABU: 0
2026-07-13 20:47:28.782: [INFO] BookmarkNodeAdded, ABU: 0
2026-07-13 20:47:28.783: [INFO] BookmarkNodeAdded, ABU: 0
2026-07-13 20:47:28.784: [INFO] BookmarkNodeAdded, ABU: 0
2026-07-13 20:47:28.785: [INFO] BookmarkNodeAdded, ABU: 0
2026-07-13 20:47:28.787: [INFO] BookmarkNodeAdded, ABU: 0
2026-07-13 20:47:28.788: [INFO] BookmarkNodeAdded, ABU: 0
2026-07-13 20:47:28.789: [INFO] BookmarkNodeAdded, ABU: 0
2026-07-13 20:47:28.790: [INFO] BookmarkNodeAdded, ABU: 0
2026-07-13 20:47:28.792: [INFO] BookmarkNodeAdded, ABU: 0
2026-07-13 20:47:28.793: [INFO] BookmarkNodeAdded, ABU: 0
2026-07-13 20:47:28.794: [INFO] BookmarkNodeAdded, ABU: 0
2026-07-13 20:47:28.796: [INFO] BookmarkNodeAdded, ABU: 0
2026-07-13 20:47:28.797: [INFO] BookmarkNodeAdded, ABU: 0
2026-07-13 20:47:28.798: [INFO] BookmarkNodeAdded, ABU: 0
2026-07-13 20:47:28.800: [INFO] BookmarkNodeAdded, ABU: 0
2026-07-13 20:47:28.801: [INFO] BookmarkNodeAdded, ABU: 0
2026-07-13 20:47:28.802: [INFO] BookmarkNodeAdded, ABU: 0
2026-07-13 20:47:28.803: [INFO] BookmarkNodeAdded, ABU: 0
2026-07-13 20:47:28.805: [INFO] BookmarkNodeAdded, ABU: 0
2026-07-13 20:47:28.806: [INFO] BookmarkNodeAdded, ABU: 0
2026-07-13 20:47:28.807: [INFO] BookmarkNodeAdded, ABU: 0
2026-07-13 20:47:28.808: [INFO] BookmarkNodeAdded, ABU: 0
2026-07-13 20:47:28.810: [INFO] BookmarkNodeAdded, ABU: 0
2026-07-13 20:47:28.811: [INFO] BookmarkNodeAdded, ABU: 0
2026-07-13 20:47:28.812: [INFO] BookmarkNodeAdded, ABU: 0
2026-07-13 20:47:28.813: [INFO] BookmarkNodeAdded, ABU: 0
2026-07-13 20:47:28.815: [INFO] BookmarkNodeAdded, ABU: 0
2026-07-13 20:47:28.816: [INFO] BookmarkNodeAdded, ABU: 0
2026-07-13 20:47:28.817: [INFO] BookmarkNodeAdded, ABU: 0
2026-07-13 20:47:28.818: [INFO] BookmarkNodeAdded, ABU: 0
2026-07-13 20:47:28.819: [INFO] BookmarkNodeAdded, ABU: 0
2026-07-13 20:47:28.820: [INFO] BookmarkNodeAdded, ABU: 0
2026-07-13 20:47:28.821: [INFO] BookmarkNodeAdded, ABU: 0
2026-07-13 20:47:28.822: [INFO] BookmarkNodeAdded, ABU: 0
2026-07-13 20:47:28.823: [INFO] BookmarkNodeAdded, ABU: 0
2026-07-13 20:47:28.825: [INFO] BookmarkNodeAdded, ABU: 0
2026-07-13 20:47:28.826: [INFO] BookmarkNodeAdded, ABU: 0
2026-07-13 20:47:28.828: [INFO] BookmarkNodeAdded, ABU: 0
2026-07-13 20:47:28.829: [INFO] BookmarkNodeAdded, ABU: 0
2026-07-13 20:47:28.830: [INFO] BookmarkNodeAdded, ABU: 0
2026-07-13 20:47:28.832: [INFO] BookmarkNodeAdded, ABU: 0
2026-07-13 20:47:28.833: [INFO] BookmarkNodeAdded, ABU: 0
2026-07-13 20:47:28.834: [INFO] BookmarkNodeAdded, ABU: 0
2026-07-13 20:47:28.835: [INFO] BookmarkNodeAdded, ABU: 0
2026-07-13 20:47:28.837: [INFO] BookmarkNodeAdded, ABU: 0
2026-07-13 20:47:28.838: [INFO] BookmarkNodeAdded, ABU: 0
2026-07-13 20:47:28.839: [INFO] BookmarkNodeAdded, ABU: 0
2026-07-13 20:47:28.840: [INFO] BookmarkNodeAdded, ABU: 0
2026-07-13 20:47:28.842: [INFO] BookmarkNodeAdded, ABU: 0
2026-07-13 20:47:28.843: [INFO] BookmarkNodeAdded, ABU: 0
2026-07-13 20:47:28.845: [INFO] BookmarkNodeAdded, ABU: 0
2026-07-13 20:47:28.846: [INFO] BookmarkNodeAdded, ABU: 0
2026-07-13 20:47:28.847: [INFO] BookmarkNodeAdded, ABU: 0
2026-07-13 20:47:28.848: [INFO] BookmarkNodeAdded, ABU: 0
2026-07-13 20:47:28.849: [INFO] BookmarkNodeAdded, ABU: 0
2026-07-13 20:47:28.850: [INFO] BookmarkNodeAdded, ABU: 0
2026-07-13 20:47:28.852: [INFO] BookmarkNodeAdded, ABU: 0
2026-07-13 20:47:28.853: [INFO] BookmarkNodeAdded, ABU: 0
2026-07-13 20:47:28.854: [INFO] BookmarkNodeAdded, ABU: 0
2026-07-13 20:47:28.855: [INFO] BookmarkNodeAdded, ABU: 0
2026-07-13 20:47:28.856: [INFO] BookmarkNodeAdded, ABU: 0
2026-07-13 20:47:28.857: [INFO] BookmarkNodeAdded, ABU: 0
2026-07-13 20:47:28.859: [INFO] BookmarkNodeAdded, ABU: 0
2026-07-13 20:47:28.860: [INFO] BookmarkNodeAdded, ABU: 0
2026-07-13 20:47:28.862: [INFO] BookmarkNodeAdded, ABU: 0
2026-07-13 20:47:28.863: [INFO] BookmarkNodeAdded, ABU: 0
2026-07-13 20:47:28.864: [INFO] BookmarkNodeAdded, ABU: 0
2026-07-13 20:47:28.865: [INFO] BookmarkNodeAdded, ABU: 0
2026-07-13 20:47:28.867: [INFO] BookmarkNodeAdded, ABU: 0
2026-07-13 20:47:28.868: [INFO] BookmarkNodeAdded, ABU: 0
2026-07-13 20:47:28.869: [INFO] BookmarkNodeAdded, ABU: 0
2026-07-13 20:47:28.871: [INFO] BookmarkNodeAdded, ABU: 0
2026-07-13 20:47:28.872: [INFO] BookmarkNodeAdded, ABU: 0
2026-07-13 20:47:28.873: [INFO] BookmarkNodeAdded, ABU: 0
2026-07-13 20:47:28.874: [INFO] BookmarkNodeAdded, ABU: 0
2026-07-13 20:47:28.875: [INFO] BookmarkNodeAdded, ABU: 0
2026-07-13 20:47:28.877: [INFO] BookmarkNodeAdded, ABU: 0
2026-07-13 20:47:28.878: [INFO] BookmarkNodeAdded, ABU: 0
2026-07-13 20:47:28.879: [INFO] BookmarkNodeAdded, ABU: 0
2026-07-13 20:47:28.881: [INFO] BookmarkNodeAdded, ABU: 0
2026-07-13 20:47:28.883: [INFO] BookmarkNodeAdded, ABU: 0
2026-07-13 20:47:28.884: [INFO] BookmarkNodeAdded, ABU: 0
2026-07-13 20:47:28.886: [INFO] BookmarkNodeAdded, ABU: 0
2026-07-13 20:47:28.887: [INFO] BookmarkNodeAdded, ABU: 0
2026-07-13 20:47:28.888: [INFO] BookmarkNodeAdded, ABU: 0
2026-07-13 20:47:28.889: [INFO] BookmarkNodeAdded, ABU: 0
2026-07-13 20:47:28.890: [INFO] BookmarkNodeAdded, ABU: 0
2026-07-13 20:47:28.892: [INFO] BookmarkNodeAdded, ABU: 0
2026-07-13 20:47:28.893: [INFO] BookmarkNodeAdded, ABU: 0
2026-07-13 20:47:28.895: [INFO] BookmarkNodeAdded, ABU: 0
2026-07-13 20:47:28.896: [INFO] BookmarkNodeAdded, ABU: 0
2026-07-13 20:47:28.897: [INFO] BookmarkNodeAdded, ABU: 0
2026-07-13 20:47:28.898: [INFO] BookmarkNodeAdded, ABU: 0
2026-07-13 20:47:28.899: [INFO] BookmarkNodeAdded, ABU: 0
2026-07-13 20:47:28.901: [INFO] BookmarkNodeAdded, ABU: 0
2026-07-13 20:47:28.902: [INFO] BookmarkNodeAdded, ABU: 0
2026-07-13 20:47:28.903: [INFO] BookmarkNodeAdded, ABU: 0
2026-07-13 20:47:28.904: [INFO] BookmarkNodeAdded, ABU: 0
2026-07-13 20:47:28.905: [INFO] BookmarkNodeAdded, ABU: 0
2026-07-13 20:47:28.906: [INFO] BookmarkNodeAdded, ABU: 0
2026-07-13 20:47:28.907: [INFO] BookmarkNodeAdded, ABU: 0
2026-07-13 20:47:28.908: [INFO] BookmarkNodeAdded, ABU: 0
2026-07-13 20:47:28.909: [INFO] BookmarkNodeAdded, ABU: 0
2026-07-13 20:47:28.910: [INFO] BookmarkNodeAdded, ABU: 0
2026-07-13 20:47:28.912: [INFO] BookmarkNodeAdded, ABU: 0
2026-07-13 20:47:28.913: [INFO] BookmarkNodeAdded, ABU: 0
2026-07-13 20:47:28.914: [INFO] BookmarkNodeAdded, ABU: 0
2026-07-13 20:47:28.915: [INFO] BookmarkNodeAdded, ABU: 0
2026-07-13 20:47:28.916: [INFO] BookmarkNodeAdded, ABU: 0
2026-07-13 20:47:28.917: [INFO] BookmarkNodeAdded, ABU: 0
2026-07-13 20:47:28.919: [INFO] BookmarkNodeAdded, ABU: 0
2026-07-13 20:47:28.920: [INFO] BookmarkNodeAdded, ABU: 0
2026-07-13 20:47:28.921: [INFO] BookmarkNodeAdded, ABU: 0
2026-07-13 20:47:28.922: [INFO] BookmarkNodeAdded, ABU: 0
2026-07-13 20:47:28.923: [INFO] BookmarkNodeAdded, ABU: 0
2026-07-13 20:47:28.924: [INFO] BookmarkNodeAdded, ABU: 0
2026-07-13 20:47:28.926: [INFO] BookmarkNodeAdded, ABU: 0
2026-07-13 20:47:28.927: [INFO] BookmarkNodeAdded, ABU: 0
2026-07-13 20:47:28.928: [INFO] BookmarkNodeAdded, ABU: 0
2026-07-13 20:47:28.930: [INFO] BookmarkNodeAdded, ABU: 0
2026-07-13 20:47:28.931: [INFO] BookmarkNodeAdded, ABU: 0
2026-07-13 20:47:28.931: [INFO] BookmarkNodeAdded, ABU: 0
2026-07-13 20:47:28.932: [INFO] BookmarkNodeAdded, ABU: 0
2026-07-13 20:47:28.933: [INFO] BookmarkNodeAdded, ABU: 0
2026-07-13 20:47:28.934: [INFO] BookmarkNodeAdded, ABU: 0
2026-07-13 20:47:28.935: [INFO] BookmarkNodeAdded, ABU: 0
