{"logTime": "0713/203614", "correlationVector":"wuHMsutjPjzi8EjH58tGCm.1","action":"SyncServerConnectionManagerRequest", "result":"SYNC_SERVER_OK", "context":{"environment":"Prod_westus_prod-s01-081-nam-westus", "migrationStage":"NotStarted", "server":"akswtt10600000z"}}
{"logTime": "0713/203614", "correlationVector":"wuHMsutjPjzi8EjH58tGCm.2","action":"ProcessGetUpdates", "result":"Done", "context":{"dataType":"Encryption Keys", "deleted":"0", "process_failed_to_decrypt":"0", "process_pending_decryption":"0", "process_success":"1", "total":"1"}}
{"logTime": "0713/203614", "correlationVector":"qvzYHzYfG4HMhLiQRp7Kua","action":"SyncServerConnectionManagerRequest", "result":"SYNC_SERVER_OK", "context":{"environment":"", "migrationStage":"", "server":""}}
{"logTime": "0713/203614", "correlationVector":"qvzYHzYfG4HMhLiQRp7Kua.0","action":"EncryptionKeysFetcher.DownloadKeys:", "result":"Success", "context":Key count: 10, Last key timestamp: 2026-07-03T13:55:35Z}
{"logTime": "0713/203614", "correlationVector":"qvzYHzYfG4HMhLiQRp7Kua.1","action":"EncryptionKeysManager::SetEncryptionKeys:", "result":"Success", "context":Key names[10]:[VbrN5/Firx0jgeIhHClOyl+HZXIyLrZw020+K+QxThR+ZELbw3TBAsSgvLC+QyaQmedJm4n0cISVJHmu1SFCYQ==][1skNlUU0ja1XE0uXthpoYkpOeMVYzVHOfNYxfvDvKYuAKBlh5MKKbKx9pcurBh/sIA8YW8oDqchHgVjmBfhrDg==][5z7qP4rQ3cYaFnBLUamKasxxYsmj6cOtFJZ84cq8Ul6BFTaFRlXsqH8USk/EP5EsJSW8nMgpRuSdie22zCNGdQ==][wnguHgPzZVNLqEL/b7+RLsWuvyvvCpf5oYZxEy8EuvwfIYq57rWjKZDWHlaPwwU6NaW8toX1yVIfCh097EQGRA==][OgXFVGMGtEYiyFTf3OVYswrHZDPWrh0FQP8ld+UsMRaDufojLkmEbRiOe2jeVkAb2epO/NcTQWJv0uShsTiroQ==][OqjxAt7Sm9sqb8kShjLZGvdd6R3fw7Vex/SOAB6mbeZMXwDRhZUCAaYlbx0lO+YDf8Nb0siCgEpfVupvdSL+tQ==][Zw+U/UTZZ3Mgph/ttpPGeplqg8mSO86JTORA8Zm6wtlMESsc3YYXDW0KseiK9DJmNFDyWJ7gmM/xvq0/AL3/lA==][MhHHy5UsfRC4NLl08ZzdyiDko9VPdBVclpLutnMFspVbFI+fL7xDyUN5DvjQPJ9AT89cn/nt9HRbv+36p81pUA==][9yl1pcczx+F7qWIlnZl6eznoKvjTK4gUueML1NxtFAK4I4WY9aoW7fNvcCGCuuUOPN5lC9MVksWTHWwDLBmkcA==][lybflhN5e0L4U04H0xUt9oO/b5BjIzHUDowUHhnuCm2ua0dTvf/cmkXYWm7u/eXZ7FVB/J4oOlBs2dw1GLZCIQ==]}
{"logTime": "0713/203614", "correlationVector":"qvzYHzYfG4HMhLiQRp7Kua.2","action":"EncryptionKeysManager::SetEncryptionKeysWithTimestamps:", "result":"Success", "context":Key timestamps[10]:[2022-05-31T21:53:02Z][2022-12-05T17:12:02Z][2023-01-04T20:58:20Z][2023-07-06T12:27:25Z][2024-01-03T20:24:05Z][2024-07-01T21:16:44Z][2025-01-03T17:51:19Z][2025-07-02T23:57:57Z][2025-12-31T00:08:50Z][2026-07-03T13:55:35Z]}
{"logTime": "0713/203614", "correlationVector":"wuHMsutjPjzi8EjH58tGCm","action":"Initial GetUpdates", "result":"", "context":Reason: NEW_CLIENT. cV=wuHMsutjPjzi8EjH58tGCm}
{"logTime": "0713/203614", "correlationVector":"wuHMsutjPjzi8EjH58tGCm.3","action":"GetUpdates Response", "result":"Success", "context":Received 1 update(s). cV=wuHMsutjPjzi8EjH58tGCm.0;server=akswtt10600000z;cloudType=Consumer;environment=Prod_westus_prod-s01-081-nam-westus;migrationStage=NotStarted}
{"logTime": "0713/203614", "correlationVector":"XeTDD2UYxR8MbZ34Vl4qyL","action":"Initial GetUpdates", "result":"", "context":Reason: NEWLY_SUPPORTED_DATATYPE. cV=XeTDD2UYxR8MbZ34Vl4qyL}
{"logTime": "0713/203614", "correlationVector":"XeTDD2UYxR8MbZ34Vl4qyL.1","action":"SyncServerConnectionManagerRequest", "result":"SYNC_SERVER_OK", "context":{"environment":"Prod_westus_prod-s01-081-nam-westus", "migrationStage":"NotStarted", "server":"akswtt10600000r"}}
{"logTime": "0713/203614", "correlationVector":"XeTDD2UYxR8MbZ34Vl4qyL.2","action":"ProcessGetUpdates", "result":"Done", "context":{"dataType":"Passwords", "deleted":"0", "process_failed_to_decrypt":"0", "process_pending_decryption":"0", "process_success":"228", "total":"228"}}
{"logTime": "0713/203614", "correlationVector":"XeTDD2UYxR8MbZ34Vl4qyL.3","action":"ProcessGetUpdates", "result":"Done", "context":{"dataType":"Device Info", "deleted":"0", "process_failed_to_decrypt":"0", "process_pending_decryption":"0", "process_success":"22", "total":"22"}}
{"logTime": "0713/203614", "correlationVector":"XeTDD2UYxR8MbZ34Vl4qyL.4","action":"GetUpdates Response", "result":"Success", "context":Received 250 update(s). cV=XeTDD2UYxR8MbZ34Vl4qyL.0;server=akswtt10600000r;cloudType=Consumer;environment=Prod_westus_prod-s01-081-nam-westus;migrationStage=NotStarted Some updates remain.}
{"logTime": "0713/203614", "correlationVector":"Co1+l6jHqgOib2s0CYPxd9","action":"Initial GetUpdates", "result":"", "context":Reason: NEWLY_SUPPORTED_DATATYPE. cV=Co1+l6jHqgOib2s0CYPxd9}
{"logTime": "0713/203615", "correlationVector":"Co1+l6jHqgOib2s0CYPxd9.1","action":"SyncServerConnectionManagerRequest", "result":"SYNC_SERVER_OK", "context":{"environment":"Prod_westus_prod-s01-081-nam-westus", "migrationStage":"NotStarted", "server":"akswtt10600000t"}}
{"logTime": "0713/203615", "correlationVector":"Co1+l6jHqgOib2s0CYPxd9.2","action":"ProcessGetUpdates", "result":"Done", "context":{"dataType":"Passwords", "deleted":"0", "process_failed_to_decrypt":"0", "process_pending_decryption":"0", "process_success":"250", "total":"250"}}
{"logTime": "0713/203615", "correlationVector":"Co1+l6jHqgOib2s0CYPxd9.3","action":"GetUpdates Response", "result":"Success", "context":Received 250 update(s). cV=Co1+l6jHqgOib2s0CYPxd9.0;server=akswtt10600000t;cloudType=Consumer;environment=Prod_westus_prod-s01-081-nam-westus;migrationStage=NotStarted Some updates remain.}
{"logTime": "0713/203615", "correlationVector":"axYQgZnWS/vJQh1boheQbt","action":"Initial GetUpdates", "result":"", "context":Reason: NEWLY_SUPPORTED_DATATYPE. cV=axYQgZnWS/vJQh1boheQbt}
{"logTime": "0713/203615", "correlationVector":"axYQgZnWS/vJQh1boheQbt.1","action":"SyncServerConnectionManagerRequest", "result":"SYNC_SERVER_OK", "context":{"environment":"Prod_westus_prod-s01-081-nam-westus", "migrationStage":"NotStarted", "server":"akswtt10600000r"}}
{"logTime": "0713/203615", "correlationVector":"axYQgZnWS/vJQh1boheQbt.2","action":"ProcessGetUpdates", "result":"Done", "context":{"dataType":"Passwords", "deleted":"0", "process_failed_to_decrypt":"0", "process_pending_decryption":"0", "process_success":"139", "total":"139"}}
{"logTime": "0713/203615", "correlationVector":"axYQgZnWS/vJQh1boheQbt.3","action":"ProcessGetUpdates", "result":"Done", "context":{"dataType":"Device Info", "deleted":"0", "process_failed_to_decrypt":"0", "process_pending_decryption":"0", "process_success":"3", "total":"3"}}
{"logTime": "0713/203615", "correlationVector":"axYQgZnWS/vJQh1boheQbt.4","action":"GetUpdates Response", "result":"Success", "context":Received 142 update(s). cV=axYQgZnWS/vJQh1boheQbt.0;server=akswtt10600000r;cloudType=Consumer;environment=Prod_westus_prod-s01-081-nam-westus;migrationStage=NotStarted}
{"logTime": "0713/203615", "correlationVector":"RJ7zQ1/pJPC4rfon97Z0Hb","action":"Initial GetUpdates", "result":"", "context":Reason: NEWLY_SUPPORTED_DATATYPE. cV=RJ7zQ1/pJPC4rfon97Z0Hb}
{"logTime": "0713/203615", "correlationVector":"RJ7zQ1/pJPC4rfon97Z0Hb.1","action":"SyncServerConnectionManagerRequest", "result":"SYNC_SERVER_OK", "context":{"environment":"Prod_westus_prod-s01-081-nam-westus", "migrationStage":"NotStarted", "server":"akswtt10600000s"}}
{"logTime": "0713/203615", "correlationVector":"RJ7zQ1/pJPC4rfon97Z0Hb.2","action":"ProcessGetUpdates", "result":"Done", "context":{"dataType":"Bookmarks", "deleted":"0", "process_failed_to_decrypt":"0", "process_pending_decryption":"0", "process_success":"147", "total":"147"}}
{"logTime": "0713/203615", "correlationVector":"RJ7zQ1/pJPC4rfon97Z0Hb.3","action":"ProcessGetUpdates", "result":"Done", "context":{"dataType":"Preferences", "deleted":"0", "process_failed_to_decrypt":"0", "process_pending_decryption":"0", "process_success":"71", "total":"71"}}
{"logTime": "0713/203615", "correlationVector":"RJ7zQ1/pJPC4rfon97Z0Hb.4","action":"ProcessGetUpdates", "result":"Done", "context":{"dataType":"Autofill", "deleted":"0", "process_failed_to_decrypt":"0", "process_pending_decryption":"0", "process_success":"30", "total":"30"}}
{"logTime": "0713/203615", "correlationVector":"RJ7zQ1/pJPC4rfon97Z0Hb.5","action":"ProcessGetUpdates", "result":"Done", "context":{"dataType":"Extensions", "deleted":"0", "process_failed_to_decrypt":"0", "process_pending_decryption":"0", "process_success":"1", "total":"1"}}
{"logTime": "0713/203615", "correlationVector":"RJ7zQ1/pJPC4rfon97Z0Hb.6","action":"ProcessGetUpdates", "result":"Done", "context":{"dataType":"Extension settings", "deleted":"0", "process_failed_to_decrypt":"0", "process_pending_decryption":"0", "process_success":"1", "total":"1"}}
{"logTime": "0713/203615", "correlationVector":"RJ7zQ1/pJPC4rfon97Z0Hb.7","action":"GetUpdates Response", "result":"Success", "context":Received 250 update(s). cV=RJ7zQ1/pJPC4rfon97Z0Hb.0;server=akswtt10600000s;cloudType=Consumer;environment=Prod_westus_prod-s01-081-nam-westus;migrationStage=NotStarted Some updates remain.}
{"logTime": "0713/203615", "correlationVector":"LnM/lLNSF38jYRDAjvv8cn","action":"Initial GetUpdates", "result":"", "context":Reason: NEWLY_SUPPORTED_DATATYPE. cV=LnM/lLNSF38jYRDAjvv8cn}
{"logTime": "0713/203616", "correlationVector":"LnM/lLNSF38jYRDAjvv8cn.1","action":"SyncServerConnectionManagerRequest", "result":"SYNC_SERVER_OK", "context":{"environment":"Prod_westus_prod-s01-081-nam-westus", "migrationStage":"NotStarted", "server":"akswtt10600001a"}}
{"logTime": "0713/203616", "correlationVector":"LnM/lLNSF38jYRDAjvv8cn.2","action":"ProcessGetUpdates", "result":"Done", "context":{"dataType":"Autofill", "deleted":"0", "process_failed_to_decrypt":"0", "process_pending_decryption":"0", "process_success":"250", "total":"250"}}
{"logTime": "0713/203616", "correlationVector":"LnM/lLNSF38jYRDAjvv8cn.3","action":"GetUpdates Response", "result":"Success", "context":Received 250 update(s). cV=LnM/lLNSF38jYRDAjvv8cn.0;server=akswtt10600001a;cloudType=Consumer;environment=Prod_westus_prod-s01-081-nam-westus;migrationStage=NotStarted Some updates remain.}
{"logTime": "0713/203616", "correlationVector":"ISbTHz/6H1uxOtyZrZaU+n","action":"Initial GetUpdates", "result":"", "context":Reason: NEWLY_SUPPORTED_DATATYPE. cV=ISbTHz/6H1uxOtyZrZaU+n}
{"logTime": "0713/203616", "correlationVector":"ISbTHz/6H1uxOtyZrZaU+n.1","action":"SyncServerConnectionManagerRequest", "result":"SYNC_SERVER_OK", "context":{"environment":"Prod_westus_prod-s01-081-nam-westus", "migrationStage":"NotStarted", "server":"akswtt106000004"}}
{"logTime": "0713/203616", "correlationVector":"ISbTHz/6H1uxOtyZrZaU+n.2","action":"ProcessGetUpdates", "result":"Done", "context":{"dataType":"Autofill", "deleted":"0", "process_failed_to_decrypt":"0", "process_pending_decryption":"0", "process_success":"250", "total":"250"}}
{"logTime": "0713/203616", "correlationVector":"ISbTHz/6H1uxOtyZrZaU+n.3","action":"GetUpdates Response", "result":"Success", "context":Received 250 update(s). cV=ISbTHz/6H1uxOtyZrZaU+n.0;server=akswtt106000004;cloudType=Consumer;environment=Prod_westus_prod-s01-081-nam-westus;migrationStage=NotStarted Some updates remain.}
{"logTime": "0713/203616", "correlationVector":"BsHTWFmX6/TUcAHiScVgs5","action":"Initial GetUpdates", "result":"", "context":Reason: NEWLY_SUPPORTED_DATATYPE. cV=BsHTWFmX6/TUcAHiScVgs5}
{"logTime": "0713/203617", "correlationVector":"BsHTWFmX6/TUcAHiScVgs5.1","action":"SyncServerConnectionManagerRequest", "result":"SYNC_SERVER_OK", "context":{"environment":"Prod_westus_prod-s01-081-nam-westus", "migrationStage":"NotStarted", "server":"akswtt106000011"}}
{"logTime": "0713/203617", "correlationVector":"BsHTWFmX6/TUcAHiScVgs5.2","action":"ProcessGetUpdates", "result":"Done", "context":{"dataType":"Autofill", "deleted":"0", "process_failed_to_decrypt":"0", "process_pending_decryption":"0", "process_success":"250", "total":"250"}}
{"logTime": "0713/203617", "correlationVector":"BsHTWFmX6/TUcAHiScVgs5.3","action":"GetUpdates Response", "result":"Success", "context":Received 250 update(s). cV=BsHTWFmX6/TUcAHiScVgs5.0;server=akswtt106000011;cloudType=Consumer;environment=Prod_westus_prod-s01-081-nam-westus;migrationStage=NotStarted Some updates remain.}
{"logTime": "0713/203617", "correlationVector":"EGy9hqXxft7h7O0LzKyPb4","action":"Initial GetUpdates", "result":"", "context":Reason: NEWLY_SUPPORTED_DATATYPE. cV=EGy9hqXxft7h7O0LzKyPb4}
{"logTime": "0713/203617", "correlationVector":"EGy9hqXxft7h7O0LzKyPb4.1","action":"SyncServerConnectionManagerRequest", "result":"SYNC_SERVER_OK", "context":{"environment":"Prod_westus_prod-s01-081-nam-westus", "migrationStage":"NotStarted", "server":"akswtt106000019"}}
{"logTime": "0713/203617", "correlationVector":"EGy9hqXxft7h7O0LzKyPb4.2","action":"ProcessGetUpdates", "result":"Done", "context":{"dataType":"Autofill", "deleted":"0", "process_failed_to_decrypt":"0", "process_pending_decryption":"0", "process_success":"250", "total":"250"}}
{"logTime": "0713/203617", "correlationVector":"EGy9hqXxft7h7O0LzKyPb4.3","action":"GetUpdates Response", "result":"Success", "context":Received 250 update(s). cV=EGy9hqXxft7h7O0LzKyPb4.0;server=akswtt106000019;cloudType=Consumer;environment=Prod_westus_prod-s01-081-nam-westus;migrationStage=NotStarted Some updates remain.}
{"logTime": "0713/203617", "correlationVector":"fQyTYgH7avhPTYu8sfXxce","action":"Initial GetUpdates", "result":"", "context":Reason: NEWLY_SUPPORTED_DATATYPE. cV=fQyTYgH7avhPTYu8sfXxce}
{"logTime": "0713/203617", "correlationVector":"fQyTYgH7avhPTYu8sfXxce","action":"SyncServerConnectionManagerRequest", "result":"CONNECTION_UNAVAILABLE", "context":{"error_type":"net_error_code", "error_value":"-3"}}
