2026-07-13 20:47:21.900: [INFO] OnDoneLoading sync enabled: 0
2026-07-13 20:47:21.961: [INFO] RecordSyncInitDuration has_sync_been_enabled: 0 state: 0
2026-07-13 20:47:22.101: [INFO] VisibilityChanged: 0
2026-07-13 20:47:22.346: [INFO] RecordSyncInitDuration has_sync_been_enabled: 0 state: 0
2026-07-13 20:47:22.349: [INFO] RecordSyncInitDuration has_sync_been_enabled: 0 state: 3
2026-07-13 20:47:22.351: [INFO] Primary account changed.
2026-07-13 20:47:22.351: [INFO] OnPrimaryAccountChanged PrimaryAccountChangeEvent::Type::kSet
2026-07-13 20:47:22.355: [INFO] RecordSyncInitDuration has_sync_been_enabled: 0 state: 3
2026-07-13 20:47:22.381: [INFO] RecordSyncInitDuration has_sync_been_enabled: 0 state: 3
2026-07-13 20:47:23.880: [INFO] BookmarkNodeAdded, ABU: 0
2026-07-13 20:47:23.882: [INFO] BookmarkNodeAdded, ABU: 0
2026-07-13 20:47:23.884: [INFO] BookmarkNodeAdded, ABU: 0
2026-07-13 20:47:23.885: [INFO] BookmarkNodeAdded, ABU: 0
2026-07-13 20:47:23.886: [INFO] BookmarkNodeAdded, ABU: 0
2026-07-13 20:47:23.887: [INFO] BookmarkNodeAdded, ABU: 0
2026-07-13 20:47:23.888: [INFO] BookmarkNodeAdded, ABU: 0
2026-07-13 20:47:23.889: [INFO] BookmarkNodeAdded, ABU: 0
2026-07-13 20:47:23.890: [INFO] BookmarkNodeAdded, ABU: 0
2026-07-13 20:47:23.892: [INFO] BookmarkNodeAdded, ABU: 0
2026-07-13 20:47:23.893: [INFO] BookmarkNodeAdded, ABU: 0
2026-07-13 20:47:23.894: [INFO] BookmarkNodeAdded, ABU: 0
2026-07-13 20:47:23.896: [INFO] BookmarkNodeAdded, ABU: 0
2026-07-13 20:47:23.897: [INFO] BookmarkNodeAdded, ABU: 0
2026-07-13 20:47:23.898: [INFO] BookmarkNodeAdded, ABU: 0
2026-07-13 20:47:23.899: [INFO] BookmarkNodeAdded, ABU: 0
2026-07-13 20:47:23.901: [INFO] BookmarkNodeAdded, ABU: 0
2026-07-13 20:47:23.901: [INFO] BookmarkNodeAdded, ABU: 0
2026-07-13 20:47:23.902: [INFO] BookmarkNodeAdded, ABU: 0
2026-07-13 20:47:23.904: [INFO] BookmarkNodeAdded, ABU: 0
2026-07-13 20:47:23.905: [INFO] BookmarkNodeAdded, ABU: 0
2026-07-13 20:47:23.906: [INFO] BookmarkNodeAdded, ABU: 0
2026-07-13 20:47:23.907: [INFO] BookmarkNodeAdded, ABU: 0
2026-07-13 20:47:23.908: [INFO] BookmarkNodeAdded, ABU: 0
2026-07-13 20:47:23.910: [INFO] BookmarkNodeAdded, ABU: 0
2026-07-13 20:47:23.911: [INFO] BookmarkNodeAdded, ABU: 0
2026-07-13 20:47:23.912: [INFO] BookmarkNodeAdded, ABU: 0
2026-07-13 20:47:23.913: [INFO] BookmarkNodeAdded, ABU: 0
2026-07-13 20:47:23.913: [INFO] BookmarkNodeAdded, ABU: 0
2026-07-13 20:47:23.914: [INFO] BookmarkNodeAdded, ABU: 0
2026-07-13 20:47:23.915: [INFO] BookmarkNodeAdded, ABU: 0
2026-07-13 20:47:23.915: [INFO] BookmarkNodeAdded, ABU: 0
2026-07-13 20:47:23.916: [INFO] BookmarkNodeAdded, ABU: 0
2026-07-13 20:47:23.916: [INFO] BookmarkNodeAdded, ABU: 0
2026-07-13 20:47:23.917: [INFO] BookmarkNodeAdded, ABU: 0
2026-07-13 20:47:23.918: [INFO] BookmarkNodeAdded, ABU: 0
2026-07-13 20:47:23.918: [INFO] BookmarkNodeAdded, ABU: 0
2026-07-13 20:47:23.919: [INFO] BookmarkNodeAdded, ABU: 0
2026-07-13 20:47:23.919: [INFO] BookmarkNodeAdded, ABU: 0
2026-07-13 20:47:23.920: [INFO] BookmarkNodeAdded, ABU: 0
2026-07-13 20:47:23.921: [INFO] BookmarkNodeAdded, ABU: 0
2026-07-13 20:47:23.921: [INFO] BookmarkNodeAdded, ABU: 0
2026-07-13 20:47:23.922: [INFO] BookmarkNodeAdded, ABU: 0
2026-07-13 20:47:23.922: [INFO] BookmarkNodeAdded, ABU: 0
2026-07-13 20:47:23.923: [INFO] BookmarkNodeAdded, ABU: 0
2026-07-13 20:47:23.924: [INFO] BookmarkNodeAdded, ABU: 0
2026-07-13 20:47:23.926: [INFO] BookmarkNodeAdded, ABU: 0
2026-07-13 20:47:23.928: [INFO] BookmarkNodeAdded, ABU: 0
2026-07-13 20:47:23.929: [INFO] BookmarkNodeAdded, ABU: 0
2026-07-13 20:47:23.931: [INFO] BookmarkNodeAdded, ABU: 0
2026-07-13 20:47:23.932: [INFO] BookmarkNodeAdded, ABU: 0
2026-07-13 20:47:23.933: [INFO] BookmarkNodeAdded, ABU: 0
2026-07-13 20:47:23.934: [INFO] BookmarkNodeAdded, ABU: 0
2026-07-13 20:47:23.935: [INFO] BookmarkNodeAdded, ABU: 0
2026-07-13 20:47:23.936: [INFO] BookmarkNodeAdded, ABU: 0
2026-07-13 20:47:23.937: [INFO] BookmarkNodeAdded, ABU: 0
2026-07-13 20:47:23.937: [INFO] BookmarkNodeAdded, ABU: 0
2026-07-13 20:47:23.938: [INFO] BookmarkNodeAdded, ABU: 0
2026-07-13 20:47:23.938: [INFO] BookmarkNodeAdded, ABU: 0
2026-07-13 20:47:23.939: [INFO] BookmarkNodeAdded, ABU: 0
2026-07-13 20:47:23.940: [INFO] BookmarkNodeAdded, ABU: 0
2026-07-13 20:47:23.941: [INFO] BookmarkNodeAdded, ABU: 0
2026-07-13 20:47:23.943: [INFO] BookmarkNodeAdded, ABU: 0
2026-07-13 20:47:23.944: [INFO] BookmarkNodeAdded, ABU: 0
2026-07-13 20:47:23.945: [INFO] BookmarkNodeAdded, ABU: 0
2026-07-13 20:47:23.946: [INFO] BookmarkNodeAdded, ABU: 0
2026-07-13 20:47:23.947: [INFO] BookmarkNodeAdded, ABU: 0
2026-07-13 20:47:23.947: [INFO] BookmarkNodeAdded, ABU: 0
2026-07-13 20:47:23.948: [INFO] BookmarkNodeAdded, ABU: 0
2026-07-13 20:47:23.948: [INFO] BookmarkNodeAdded, ABU: 0
2026-07-13 20:47:23.949: [INFO] BookmarkNodeAdded, ABU: 0
2026-07-13 20:47:23.950: [INFO] BookmarkNodeAdded, ABU: 0
2026-07-13 20:47:23.950: [INFO] BookmarkNodeAdded, ABU: 0
2026-07-13 20:47:23.951: [INFO] BookmarkNodeAdded, ABU: 0
2026-07-13 20:47:23.951: [INFO] BookmarkNodeAdded, ABU: 0
2026-07-13 20:47:23.952: [INFO] BookmarkNodeAdded, ABU: 0
2026-07-13 20:47:23.952: [INFO] BookmarkNodeAdded, ABU: 0
2026-07-13 20:47:23.953: [INFO] BookmarkNodeAdded, ABU: 0
2026-07-13 20:47:23.953: [INFO] BookmarkNodeAdded, ABU: 0
2026-07-13 20:47:23.954: [INFO] BookmarkNodeAdded, ABU: 0
2026-07-13 20:47:23.954: [INFO] BookmarkNodeAdded, ABU: 0
2026-07-13 20:47:23.955: [INFO] BookmarkNodeAdded, ABU: 0
2026-07-13 20:47:23.956: [INFO] BookmarkNodeAdded, ABU: 0
2026-07-13 20:47:23.956: [INFO] BookmarkNodeAdded, ABU: 0
2026-07-13 20:47:23.957: [INFO] BookmarkNodeAdded, ABU: 0
2026-07-13 20:47:23.958: [INFO] BookmarkNodeAdded, ABU: 0
2026-07-13 20:47:23.959: [INFO] BookmarkNodeAdded, ABU: 0
2026-07-13 20:47:23.960: [INFO] BookmarkNodeAdded, ABU: 0
2026-07-13 20:47:23.961: [INFO] BookmarkNodeAdded, ABU: 0
2026-07-13 20:47:23.962: [INFO] BookmarkNodeAdded, ABU: 0
2026-07-13 20:47:23.962: [INFO] BookmarkNodeAdded, ABU: 0
2026-07-13 20:47:23.963: [INFO] BookmarkNodeAdded, ABU: 0
2026-07-13 20:47:23.964: [INFO] BookmarkNodeAdded, ABU: 0
2026-07-13 20:47:23.964: [INFO] BookmarkNodeAdded, ABU: 0
2026-07-13 20:47:23.965: [INFO] BookmarkNodeAdded, ABU: 0
2026-07-13 20:47:23.966: [INFO] BookmarkNodeAdded, ABU: 0
2026-07-13 20:47:23.966: [INFO] BookmarkNodeAdded, ABU: 0
2026-07-13 20:47:23.967: [INFO] BookmarkNodeAdded, ABU: 0
2026-07-13 20:47:23.967: [INFO] BookmarkNodeAdded, ABU: 0
2026-07-13 20:47:23.968: [INFO] BookmarkNodeAdded, ABU: 0
2026-07-13 20:47:23.968: [INFO] BookmarkNodeAdded, ABU: 0
2026-07-13 20:47:23.969: [INFO] BookmarkNodeAdded, ABU: 0
2026-07-13 20:47:23.969: [INFO] BookmarkNodeAdded, ABU: 0
2026-07-13 20:47:23.970: [INFO] BookmarkNodeAdded, ABU: 0
2026-07-13 20:47:23.971: [INFO] BookmarkNodeAdded, ABU: 0
2026-07-13 20:47:23.971: [INFO] BookmarkNodeAdded, ABU: 0
2026-07-13 20:47:23.972: [INFO] BookmarkNodeAdded, ABU: 0
2026-07-13 20:47:23.972: [INFO] BookmarkNodeAdded, ABU: 0
2026-07-13 20:47:23.973: [INFO] BookmarkNodeAdded, ABU: 0
2026-07-13 20:47:23.973: [INFO] BookmarkNodeAdded, ABU: 0
2026-07-13 20:47:23.974: [INFO] BookmarkNodeAdded, ABU: 0
2026-07-13 20:47:23.975: [INFO] BookmarkNodeAdded, ABU: 0
2026-07-13 20:47:23.976: [INFO] BookmarkNodeAdded, ABU: 0
2026-07-13 20:47:23.977: [INFO] BookmarkNodeAdded, ABU: 0
2026-07-13 20:47:23.978: [INFO] BookmarkNodeAdded, ABU: 0
2026-07-13 20:47:23.979: [INFO] BookmarkNodeAdded, ABU: 0
2026-07-13 20:47:23.979: [INFO] BookmarkNodeAdded, ABU: 0
2026-07-13 20:47:23.980: [INFO] BookmarkNodeAdded, ABU: 0
2026-07-13 20:47:23.981: [INFO] BookmarkNodeAdded, ABU: 0
2026-07-13 20:47:23.981: [INFO] BookmarkNodeAdded, ABU: 0
2026-07-13 20:47:23.982: [INFO] BookmarkNodeAdded, ABU: 0
2026-07-13 20:47:23.982: [INFO] BookmarkNodeAdded, ABU: 0
2026-07-13 20:47:23.983: [INFO] BookmarkNodeAdded, ABU: 0
2026-07-13 20:47:23.983: [INFO] BookmarkNodeAdded, ABU: 0
2026-07-13 20:47:23.984: [INFO] BookmarkNodeAdded, ABU: 0
2026-07-13 20:47:23.985: [INFO] BookmarkNodeAdded, ABU: 0
2026-07-13 20:47:23.985: [INFO] BookmarkNodeAdded, ABU: 0
2026-07-13 20:47:23.986: [INFO] BookmarkNodeAdded, ABU: 0
2026-07-13 20:47:23.986: [INFO] BookmarkNodeAdded, ABU: 0
2026-07-13 20:47:23.987: [INFO] BookmarkNodeAdded, ABU: 0
2026-07-13 20:47:23.987: [INFO] BookmarkNodeAdded, ABU: 0
2026-07-13 20:47:23.988: [INFO] BookmarkNodeAdded, ABU: 0
2026-07-13 20:47:23.989: [INFO] BookmarkNodeAdded, ABU: 0
2026-07-13 20:47:23.989: [INFO] BookmarkNodeAdded, ABU: 0
2026-07-13 20:47:23.990: [INFO] BookmarkNodeAdded, ABU: 0
2026-07-13 20:47:23.990: [INFO] BookmarkNodeAdded, ABU: 0
2026-07-13 20:47:23.991: [INFO] BookmarkNodeAdded, ABU: 0
2026-07-13 20:47:23.992: [INFO] BookmarkNodeAdded, ABU: 0
2026-07-13 20:47:23.993: [INFO] BookmarkNodeAdded, ABU: 0
2026-07-13 20:47:23.993: [INFO] BookmarkNodeAdded, ABU: 0
2026-07-13 20:47:23.994: [INFO] BookmarkNodeAdded, ABU: 0
2026-07-13 20:47:23.995: [INFO] BookmarkNodeAdded, ABU: 0
2026-07-13 20:47:23.995: [INFO] BookmarkNodeAdded, ABU: 0
2026-07-13 20:47:23.996: [INFO] BookmarkNodeAdded, ABU: 0
2026-07-13 20:47:23.997: [INFO] BookmarkNodeAdded, ABU: 0
2026-07-13 20:47:23.998: [INFO] BookmarkNodeAdded, ABU: 0
2026-07-13 20:47:23.999: [INFO] BookmarkNodeAdded, ABU: 0
2026-07-13 20:47:24.000: [INFO] BookmarkNodeAdded, ABU: 0
2026-07-13 20:47:24.000: [INFO] BookmarkNodeAdded, ABU: 0
2026-07-13 20:47:24.001: [INFO] BookmarkNodeAdded, ABU: 0
2026-07-13 20:47:24.002: [INFO] BookmarkNodeAdded, ABU: 0
2026-07-13 20:47:24.003: [INFO] BookmarkNodeAdded, ABU: 0
2026-07-13 20:47:24.004: [INFO] BookmarkNodeAdded, ABU: 0
2026-07-13 20:47:24.004: [INFO] BookmarkNodeAdded, ABU: 0
2026-07-13 20:47:24.005: [INFO] BookmarkNodeAdded, ABU: 0
2026-07-13 20:47:24.006: [INFO] BookmarkNodeAdded, ABU: 0
2026-07-13 20:47:24.006: [INFO] BookmarkNodeAdded, ABU: 0
2026-07-13 20:47:24.007: [INFO] BookmarkNodeAdded, ABU: 0
2026-07-13 20:47:24.007: [INFO] BookmarkNodeAdded, ABU: 0
2026-07-13 20:47:24.610: [INFO] Sync initialization duration: 2174ms
