{"logTime": "0713/204722", "correlationVector":"7/H0lwHvQ61TyX5SrCI8vP.1","action":"SyncServerConnectionManagerRequest", "result":"SYNC_SERVER_OK", "context":{"environment":"Prod_westus_prod-s01-081-nam-westus", "migrationStage":"NotStarted", "server":"akswtt10600000i"}}
{"logTime": "0713/204722", "correlationVector":"7/H0lwHvQ61TyX5SrCI8vP.2","action":"ProcessGetUpdates", "result":"Done", "context":{"dataType":"Encryption Keys", "deleted":"0", "process_failed_to_decrypt":"0", "process_pending_decryption":"0", "process_success":"1", "total":"1"}}
{"logTime": "0713/204722", "correlationVector":"4cvgYy45hUoGgUj118XU9N","action":"SyncServerConnectionManagerRequest", "result":"SYNC_SERVER_ERROR", "context":{"environment":"", "error_type":"http_status_code", "error_value":"400", "migrationStage":"", "server":""}}
{"logTime": "0713/204722", "correlationVector":"7/H0lwHvQ61TyX5SrCI8vP","action":"Initial GetUpdates", "result":"", "context":Reason: NEW_CLIENT. cV=7/H0lwHvQ61TyX5SrCI8vP}
{"logTime": "0713/204722", "correlationVector":"7/H0lwHvQ61TyX5SrCI8vP.3","action":"GetUpdates Response", "result":"Success", "context":Received 1 update(s). cV=7/H0lwHvQ61TyX5SrCI8vP.0;server=akswtt10600000i;cloudType=Consumer;environment=Prod_westus_prod-s01-081-nam-westus;migrationStage=NotStarted}
{"logTime": "0713/204722", "correlationVector":"AKX1EdGS31R3r18GJni6QV","action":"Initial GetUpdates", "result":"", "context":Reason: NEW_CLIENT. cV=AKX1EdGS31R3r18GJni6QV}
{"logTime": "0713/204723", "correlationVector":"AKX1EdGS31R3r18GJni6QV.1","action":"SyncServerConnectionManagerRequest", "result":"SYNC_SERVER_OK", "context":{"environment":"Prod_westus_prod-s01-081-nam-westus", "migrationStage":"NotStarted", "server":"akswtt10600000a"}}
{"logTime": "0713/204723", "correlationVector":"AKX1EdGS31R3r18GJni6QV.2","action":"ProcessGetUpdates", "result":"Done", "context":{"dataType":"Device Info", "deleted":"0", "process_failed_to_decrypt":"0", "process_pending_decryption":"0", "process_success":"25", "total":"25"}}
{"logTime": "0713/204723", "correlationVector":"AKX1EdGS31R3r18GJni6QV.3","action":"GetUpdates Response", "result":"Success", "context":Received 25 update(s). cV=AKX1EdGS31R3r18GJni6QV.0;server=akswtt10600000a;cloudType=Consumer;environment=Prod_westus_prod-s01-081-nam-westus;migrationStage=NotStarted}
{"logTime": "0713/204723", "correlationVector":"xvm4XfsGICsffNzH0JqVim","action":"SyncServerConnectionManagerRequest", "result":"SYNC_SERVER_ERROR", "context":{"environment":"", "error_type":"http_status_code", "error_value":"400", "migrationStage":"", "server":""}}
{"logTime": "0713/204723", "correlationVector":"HCCD/kWZAQvDV4pRfa5J0M","action":"Initial GetUpdates", "result":"", "context":Reason: NEW_CLIENT. cV=HCCD/kWZAQvDV4pRfa5J0M}
{"logTime": "0713/204723", "correlationVector":"HCCD/kWZAQvDV4pRfa5J0M.1","action":"SyncServerConnectionManagerRequest", "result":"SYNC_SERVER_OK", "context":{"environment":"Prod_westus_prod-s01-081-nam-westus", "migrationStage":"NotStarted", "server":"akswtt106000000"}}
{"logTime": "0713/204723", "correlationVector":"HCCD/kWZAQvDV4pRfa5J0M.2","action":"ProcessGetUpdates", "result":"Done", "context":{"dataType":"Bookmarks", "deleted":"0", "process_failed_to_decrypt":"0", "process_pending_decryption":"0", "process_success":"154", "total":"154"}}
{"logTime": "0713/204723", "correlationVector":"HCCD/kWZAQvDV4pRfa5J0M.3","action":"ProcessGetUpdates", "result":"Done", "context":{"dataType":"Preferences", "deleted":"0", "process_failed_to_decrypt":"0", "process_pending_decryption":"0", "process_success":"78", "total":"78"}}
{"logTime": "0713/204723", "correlationVector":"HCCD/kWZAQvDV4pRfa5J0M.4","action":"ProcessGetUpdates", "result":"Done", "context":{"dataType":"Extensions", "deleted":"0", "process_failed_to_decrypt":"0", "process_pending_decryption":"0", "process_success":"1", "total":"1"}}
{"logTime": "0713/204723", "correlationVector":"HCCD/kWZAQvDV4pRfa5J0M.5","action":"ProcessGetUpdates", "result":"Done", "context":{"dataType":"Extension settings", "deleted":"0", "process_failed_to_decrypt":"0", "process_pending_decryption":"0", "process_success":"1", "total":"1"}}
{"logTime": "0713/204723", "correlationVector":"HCCD/kWZAQvDV4pRfa5J0M.6","action":"ProcessGetUpdates", "result":"Done", "context":{"dataType":"Edge Hub App Usage", "deleted":"0", "process_failed_to_decrypt":"0", "process_pending_decryption":"0", "process_success":"1", "total":"1"}}
{"logTime": "0713/204723", "correlationVector":"HCCD/kWZAQvDV4pRfa5J0M.7","action":"GetUpdates Response", "result":"Success", "context":Received 235 update(s). cV=HCCD/kWZAQvDV4pRfa5J0M.0;server=akswtt106000000;cloudType=Consumer;environment=Prod_westus_prod-s01-081-nam-westus;migrationStage=NotStarted Some updates remain.}
{"logTime": "0713/204723", "correlationVector":"sNaItnDtW+sGcdAbEL7riy","action":"Initial GetUpdates", "result":"", "context":Reason: NEW_CLIENT. cV=sNaItnDtW+sGcdAbEL7riy}
{"logTime": "0713/204723", "correlationVector":"sNaItnDtW+sGcdAbEL7riy.1","action":"SyncServerConnectionManagerRequest", "result":"SYNC_SERVER_OK", "context":{"environment":"Prod_westus_prod-s01-081-nam-westus", "migrationStage":"NotStarted", "server":"akswtt10600000i"}}
{"logTime": "0713/204723", "correlationVector":"sNaItnDtW+sGcdAbEL7riy.2","action":"ProcessGetUpdates", "result":"Done", "context":{"dataType":"Bookmarks", "deleted":"0", "process_failed_to_decrypt":"0", "process_pending_decryption":"0", "process_success":"11", "total":"11"}}
{"logTime": "0713/204723", "correlationVector":"sNaItnDtW+sGcdAbEL7riy.3","action":"ProcessGetUpdates", "result":"Done", "context":{"dataType":"Preferences", "deleted":"0", "process_failed_to_decrypt":"0", "process_pending_decryption":"0", "process_success":"20", "total":"20"}}
{"logTime": "0713/204723", "correlationVector":"sNaItnDtW+sGcdAbEL7riy.4","action":"ProcessGetUpdates", "result":"Done", "context":{"dataType":"Extensions", "deleted":"0", "process_failed_to_decrypt":"0", "process_pending_decryption":"0", "process_success":"8", "total":"8"}}
{"logTime": "0713/204723", "correlationVector":"sNaItnDtW+sGcdAbEL7riy.5","action":"ProcessGetUpdates", "result":"Done", "context":{"dataType":"Sessions", "deleted":"0", "process_failed_to_decrypt":"0", "process_pending_decryption":"0", "process_success":"5", "total":"5"}}
{"logTime": "0713/204723", "correlationVector":"sNaItnDtW+sGcdAbEL7riy.6","action":"ProcessGetUpdates", "result":"Done", "context":{"dataType":"Edge Hub App Usage", "deleted":"0", "process_failed_to_decrypt":"0", "process_pending_decryption":"0", "process_success":"7", "total":"7"}}
{"logTime": "0713/204723", "correlationVector":"sNaItnDtW+sGcdAbEL7riy.7","action":"GetUpdates Response", "result":"Success", "context":Received 51 update(s). cV=sNaItnDtW+sGcdAbEL7riy.0;server=akswtt10600000i;cloudType=Consumer;environment=Prod_westus_prod-s01-081-nam-westus;migrationStage=NotStarted}
{"logTime": "0713/204724", "correlationVector":"ySeOWaZedVguA1n28bVVbk","action":"SyncServerConnectionManagerRequest", "result":"SYNC_SERVER_ERROR", "context":{"environment":"", "error_type":"http_status_code", "error_value":"400", "migrationStage":"", "server":""}}
{"logTime": "0713/204724", "correlationVector":"IEY8LR5lBFBZ8kIP3avkS2","action":"Initial GetUpdates", "result":"", "context":Reason: NEW_CLIENT. cV=IEY8LR5lBFBZ8kIP3avkS2}
{"logTime": "0713/204724", "correlationVector":"IEY8LR5lBFBZ8kIP3avkS2.1","action":"SyncServerConnectionManagerRequest", "result":"SYNC_SERVER_OK", "context":{"environment":"Prod_westus_prod-s01-081-nam-westus", "migrationStage":"NotStarted", "server":"akswtt10600000b"}}
{"logTime": "0713/204724", "correlationVector":"IEY8LR5lBFBZ8kIP3avkS2.2","action":"ProcessGetUpdates", "result":"Done", "context":{"dataType":"History", "deleted":"0", "process_failed_to_decrypt":"0", "process_pending_decryption":"0", "process_success":"39", "total":"39"}}
{"logTime": "0713/204724", "correlationVector":"IEY8LR5lBFBZ8kIP3avkS2.3","action":"GetUpdates Response", "result":"Success", "context":Received 39 update(s). cV=IEY8LR5lBFBZ8kIP3avkS2.0;server=akswtt10600000b;cloudType=Consumer;environment=Prod_westus_prod-s01-081-nam-westus;migrationStage=NotStarted}
