{"logTime": "0713/203518", "correlationVector":"PZJY9D1TMouQ88qiuIFVjx.1","action":"SyncServerConnectionManagerRequest", "result":"SYNC_SERVER_OK", "context":{"environment":"Prod_westus_prod-s01-081-nam-westus", "migrationStage":"NotStarted", "server":"akswtt106000015"}}
{"logTime": "0713/203518", "correlationVector":"PZJY9D1TMouQ88qiuIFVjx.2","action":"ProcessGetUpdates", "result":"Done", "context":{"dataType":"Encryption Keys", "deleted":"0", "process_failed_to_decrypt":"0", "process_pending_decryption":"0", "process_success":"1", "total":"1"}}
{"logTime": "0713/203518", "correlationVector":"sQrgzccI/AU5iGQVQSMlNF","action":"SyncServerConnectionManagerRequest", "result":"SYNC_SERVER_OK", "context":{"environment":"", "migrationStage":"", "server":""}}
{"logTime": "0713/203518", "correlationVector":"sQrgzccI/AU5iGQVQSMlNF.0","action":"EncryptionKeysFetcher.DownloadKeys:", "result":"Success", "context":Key count: 10, Last key timestamp: 2026-07-03T13:55:35Z}
{"logTime": "0713/203518", "correlationVector":"sQrgzccI/AU5iGQVQSMlNF.1","action":"EncryptionKeysManager::SetEncryptionKeys:", "result":"Success", "context":Key names[10]:[VbrN5/Firx0jgeIhHClOyl+HZXIyLrZw020+K+QxThR+ZELbw3TBAsSgvLC+QyaQmedJm4n0cISVJHmu1SFCYQ==][1skNlUU0ja1XE0uXthpoYkpOeMVYzVHOfNYxfvDvKYuAKBlh5MKKbKx9pcurBh/sIA8YW8oDqchHgVjmBfhrDg==][5z7qP4rQ3cYaFnBLUamKasxxYsmj6cOtFJZ84cq8Ul6BFTaFRlXsqH8USk/EP5EsJSW8nMgpRuSdie22zCNGdQ==][wnguHgPzZVNLqEL/b7+RLsWuvyvvCpf5oYZxEy8EuvwfIYq57rWjKZDWHlaPwwU6NaW8toX1yVIfCh097EQGRA==][OgXFVGMGtEYiyFTf3OVYswrHZDPWrh0FQP8ld+UsMRaDufojLkmEbRiOe2jeVkAb2epO/NcTQWJv0uShsTiroQ==][OqjxAt7Sm9sqb8kShjLZGvdd6R3fw7Vex/SOAB6mbeZMXwDRhZUCAaYlbx0lO+YDf8Nb0siCgEpfVupvdSL+tQ==][Zw+U/UTZZ3Mgph/ttpPGeplqg8mSO86JTORA8Zm6wtlMESsc3YYXDW0KseiK9DJmNFDyWJ7gmM/xvq0/AL3/lA==][MhHHy5UsfRC4NLl08ZzdyiDko9VPdBVclpLutnMFspVbFI+fL7xDyUN5DvjQPJ9AT89cn/nt9HRbv+36p81pUA==][9yl1pcczx+F7qWIlnZl6eznoKvjTK4gUueML1NxtFAK4I4WY9aoW7fNvcCGCuuUOPN5lC9MVksWTHWwDLBmkcA==][lybflhN5e0L4U04H0xUt9oO/b5BjIzHUDowUHhnuCm2ua0dTvf/cmkXYWm7u/eXZ7FVB/J4oOlBs2dw1GLZCIQ==]}
{"logTime": "0713/203518", "correlationVector":"sQrgzccI/AU5iGQVQSMlNF.2","action":"EncryptionKeysManager::SetEncryptionKeysWithTimestamps:", "result":"Success", "context":Key timestamps[10]:[2022-05-31T21:53:02Z][2022-12-05T17:12:02Z][2023-01-04T20:58:20Z][2023-07-06T12:27:25Z][2024-01-03T20:24:05Z][2024-07-01T21:16:44Z][2025-01-03T17:51:19Z][2025-07-02T23:57:57Z][2025-12-31T00:08:50Z][2026-07-03T13:55:35Z]}
{"logTime": "0713/203518", "correlationVector":"PZJY9D1TMouQ88qiuIFVjx","action":"Initial GetUpdates", "result":"", "context":Reason: NEW_CLIENT. cV=PZJY9D1TMouQ88qiuIFVjx}
{"logTime": "0713/203518", "correlationVector":"PZJY9D1TMouQ88qiuIFVjx.3","action":"GetUpdates Response", "result":"Success", "context":Received 1 update(s). cV=PZJY9D1TMouQ88qiuIFVjx.0;server=akswtt106000015;cloudType=Consumer;environment=Prod_westus_prod-s01-081-nam-westus;migrationStage=NotStarted}
{"logTime": "0713/203518", "correlationVector":"70Tt0b6CKq2QHAH3w/ocWy","action":"Initial GetUpdates", "result":"", "context":Reason: NEWLY_SUPPORTED_DATATYPE. cV=70Tt0b6CKq2QHAH3w/ocWy}
{"logTime": "0713/203519", "correlationVector":"70Tt0b6CKq2QHAH3w/ocWy.1","action":"SyncServerConnectionManagerRequest", "result":"SYNC_SERVER_OK", "context":{"environment":"Prod_westus_prod-s01-081-nam-westus", "migrationStage":"NotStarted", "server":"akswtt106000003"}}
{"logTime": "0713/203519", "correlationVector":"70Tt0b6CKq2QHAH3w/ocWy.2","action":"ProcessGetUpdates", "result":"Done", "context":{"dataType":"Passwords", "deleted":"0", "process_failed_to_decrypt":"0", "process_pending_decryption":"0", "process_success":"228", "total":"228"}}
{"logTime": "0713/203519", "correlationVector":"70Tt0b6CKq2QHAH3w/ocWy.3","action":"ProcessGetUpdates", "result":"Done", "context":{"dataType":"Device Info", "deleted":"0", "process_failed_to_decrypt":"0", "process_pending_decryption":"0", "process_success":"22", "total":"22"}}
{"logTime": "0713/203519", "correlationVector":"70Tt0b6CKq2QHAH3w/ocWy.4","action":"GetUpdates Response", "result":"Success", "context":Received 250 update(s). cV=70Tt0b6CKq2QHAH3w/ocWy.0;server=akswtt106000003;cloudType=Consumer;environment=Prod_westus_prod-s01-081-nam-westus;migrationStage=NotStarted Some updates remain.}
{"logTime": "0713/203519", "correlationVector":"X4sYAn54gNVZkuyLzkyitb","action":"Initial GetUpdates", "result":"", "context":Reason: NEWLY_SUPPORTED_DATATYPE. cV=X4sYAn54gNVZkuyLzkyitb}
{"logTime": "0713/203519", "correlationVector":"X4sYAn54gNVZkuyLzkyitb.1","action":"SyncServerConnectionManagerRequest", "result":"SYNC_SERVER_OK", "context":{"environment":"Prod_westus_prod-s01-081-nam-westus", "migrationStage":"NotStarted", "server":"akswtt10600000q"}}
{"logTime": "0713/203519", "correlationVector":"X4sYAn54gNVZkuyLzkyitb.2","action":"ProcessGetUpdates", "result":"Done", "context":{"dataType":"Passwords", "deleted":"0", "process_failed_to_decrypt":"0", "process_pending_decryption":"0", "process_success":"250", "total":"250"}}
{"logTime": "0713/203519", "correlationVector":"X4sYAn54gNVZkuyLzkyitb.3","action":"GetUpdates Response", "result":"Success", "context":Received 250 update(s). cV=X4sYAn54gNVZkuyLzkyitb.0;server=akswtt10600000q;cloudType=Consumer;environment=Prod_westus_prod-s01-081-nam-westus;migrationStage=NotStarted Some updates remain.}
{"logTime": "0713/203519", "correlationVector":"XgrrIQruSFSkXC6mX4CEWI","action":"Initial GetUpdates", "result":"", "context":Reason: NEWLY_SUPPORTED_DATATYPE. cV=XgrrIQruSFSkXC6mX4CEWI}
{"logTime": "0713/203519", "correlationVector":"XgrrIQruSFSkXC6mX4CEWI.1","action":"SyncServerConnectionManagerRequest", "result":"SYNC_SERVER_OK", "context":{"environment":"Prod_westus_prod-s01-081-nam-westus", "migrationStage":"NotStarted", "server":"akswtt10600001t"}}
{"logTime": "0713/203519", "correlationVector":"XgrrIQruSFSkXC6mX4CEWI.2","action":"ProcessGetUpdates", "result":"Done", "context":{"dataType":"Passwords", "deleted":"0", "process_failed_to_decrypt":"0", "process_pending_decryption":"0", "process_success":"139", "total":"139"}}
{"logTime": "0713/203519", "correlationVector":"XgrrIQruSFSkXC6mX4CEWI.3","action":"ProcessGetUpdates", "result":"Done", "context":{"dataType":"Device Info", "deleted":"0", "process_failed_to_decrypt":"0", "process_pending_decryption":"0", "process_success":"3", "total":"3"}}
{"logTime": "0713/203519", "correlationVector":"XgrrIQruSFSkXC6mX4CEWI.4","action":"GetUpdates Response", "result":"Success", "context":Received 142 update(s). cV=XgrrIQruSFSkXC6mX4CEWI.0;server=akswtt10600001t;cloudType=Consumer;environment=Prod_westus_prod-s01-081-nam-westus;migrationStage=NotStarted}
{"logTime": "0713/203519", "correlationVector":"eYGHI9O6B3qg0wg9wALvVJ","action":"Initial GetUpdates", "result":"", "context":Reason: NEWLY_SUPPORTED_DATATYPE. cV=eYGHI9O6B3qg0wg9wALvVJ}
{"logTime": "0713/203519", "correlationVector":"eYGHI9O6B3qg0wg9wALvVJ.1","action":"SyncServerConnectionManagerRequest", "result":"SYNC_SERVER_OK", "context":{"environment":"Prod_westus_prod-s01-081-nam-westus", "migrationStage":"NotStarted", "server":"akswtt10600001n"}}
{"logTime": "0713/203519", "correlationVector":"eYGHI9O6B3qg0wg9wALvVJ.2","action":"ProcessGetUpdates", "result":"Done", "context":{"dataType":"Bookmarks", "deleted":"0", "process_failed_to_decrypt":"0", "process_pending_decryption":"0", "process_success":"147", "total":"147"}}
{"logTime": "0713/203519", "correlationVector":"eYGHI9O6B3qg0wg9wALvVJ.3","action":"ProcessGetUpdates", "result":"Done", "context":{"dataType":"Preferences", "deleted":"0", "process_failed_to_decrypt":"0", "process_pending_decryption":"0", "process_success":"71", "total":"71"}}
{"logTime": "0713/203519", "correlationVector":"eYGHI9O6B3qg0wg9wALvVJ.4","action":"ProcessGetUpdates", "result":"Done", "context":{"dataType":"Autofill", "deleted":"0", "process_failed_to_decrypt":"0", "process_pending_decryption":"0", "process_success":"30", "total":"30"}}
{"logTime": "0713/203519", "correlationVector":"eYGHI9O6B3qg0wg9wALvVJ.5","action":"ProcessGetUpdates", "result":"Done", "context":{"dataType":"Extensions", "deleted":"0", "process_failed_to_decrypt":"0", "process_pending_decryption":"0", "process_success":"1", "total":"1"}}
{"logTime": "0713/203519", "correlationVector":"eYGHI9O6B3qg0wg9wALvVJ.6","action":"ProcessGetUpdates", "result":"Done", "context":{"dataType":"Extension settings", "deleted":"0", "process_failed_to_decrypt":"0", "process_pending_decryption":"0", "process_success":"1", "total":"1"}}
{"logTime": "0713/203520", "correlationVector":"eYGHI9O6B3qg0wg9wALvVJ.7","action":"GetUpdates Response", "result":"Success", "context":Received 250 update(s). cV=eYGHI9O6B3qg0wg9wALvVJ.0;server=akswtt10600001n;cloudType=Consumer;environment=Prod_westus_prod-s01-081-nam-westus;migrationStage=NotStarted Some updates remain.}
{"logTime": "0713/203520", "correlationVector":"awWzMW9IzUfggU7RrwMCi8","action":"Initial GetUpdates", "result":"", "context":Reason: NEWLY_SUPPORTED_DATATYPE. cV=awWzMW9IzUfggU7RrwMCi8}
{"logTime": "0713/203520", "correlationVector":"awWzMW9IzUfggU7RrwMCi8.1","action":"SyncServerConnectionManagerRequest", "result":"SYNC_SERVER_OK", "context":{"environment":"Prod_westus_prod-s01-081-nam-westus", "migrationStage":"NotStarted", "server":"akswtt106000003"}}
{"logTime": "0713/203520", "correlationVector":"awWzMW9IzUfggU7RrwMCi8.2","action":"ProcessGetUpdates", "result":"Done", "context":{"dataType":"Autofill", "deleted":"0", "process_failed_to_decrypt":"0", "process_pending_decryption":"0", "process_success":"250", "total":"250"}}
{"logTime": "0713/203520", "correlationVector":"awWzMW9IzUfggU7RrwMCi8.3","action":"GetUpdates Response", "result":"Success", "context":Received 250 update(s). cV=awWzMW9IzUfggU7RrwMCi8.0;server=akswtt106000003;cloudType=Consumer;environment=Prod_westus_prod-s01-081-nam-westus;migrationStage=NotStarted Some updates remain.}
{"logTime": "0713/203520", "correlationVector":"xDmz3f/06WO43J5VmsCRng","action":"Initial GetUpdates", "result":"", "context":Reason: NEWLY_SUPPORTED_DATATYPE. cV=xDmz3f/06WO43J5VmsCRng}
{"logTime": "0713/203521", "correlationVector":"xDmz3f/06WO43J5VmsCRng.1","action":"SyncServerConnectionManagerRequest", "result":"SYNC_SERVER_OK", "context":{"environment":"Prod_westus_prod-s01-081-nam-westus", "migrationStage":"NotStarted", "server":"akswtt106000017"}}
{"logTime": "0713/203521", "correlationVector":"xDmz3f/06WO43J5VmsCRng.2","action":"ProcessGetUpdates", "result":"Done", "context":{"dataType":"Autofill", "deleted":"0", "process_failed_to_decrypt":"0", "process_pending_decryption":"0", "process_success":"250", "total":"250"}}
{"logTime": "0713/203521", "correlationVector":"xDmz3f/06WO43J5VmsCRng.3","action":"GetUpdates Response", "result":"Success", "context":Received 250 update(s). cV=xDmz3f/06WO43J5VmsCRng.0;server=akswtt106000017;cloudType=Consumer;environment=Prod_westus_prod-s01-081-nam-westus;migrationStage=NotStarted Some updates remain.}
{"logTime": "0713/203521", "correlationVector":"X2I3Z3xJk0hCYrAVx3SreO","action":"Initial GetUpdates", "result":"", "context":Reason: NEWLY_SUPPORTED_DATATYPE. cV=X2I3Z3xJk0hCYrAVx3SreO}
{"logTime": "0713/203522", "correlationVector":"X2I3Z3xJk0hCYrAVx3SreO.1","action":"SyncServerConnectionManagerRequest", "result":"SYNC_SERVER_OK", "context":{"environment":"Prod_westus_prod-s01-081-nam-westus", "migrationStage":"NotStarted", "server":"akswtt106000016"}}
{"logTime": "0713/203522", "correlationVector":"X2I3Z3xJk0hCYrAVx3SreO.2","action":"ProcessGetUpdates", "result":"Done", "context":{"dataType":"Autofill", "deleted":"0", "process_failed_to_decrypt":"0", "process_pending_decryption":"0", "process_success":"250", "total":"250"}}
{"logTime": "0713/203522", "correlationVector":"X2I3Z3xJk0hCYrAVx3SreO.3","action":"GetUpdates Response", "result":"Success", "context":Received 250 update(s). cV=X2I3Z3xJk0hCYrAVx3SreO.0;server=akswtt106000016;cloudType=Consumer;environment=Prod_westus_prod-s01-081-nam-westus;migrationStage=NotStarted Some updates remain.}
{"logTime": "0713/203522", "correlationVector":"5Iv8xeswCYBTtVYNChEpZL","action":"Initial GetUpdates", "result":"", "context":Reason: NEWLY_SUPPORTED_DATATYPE. cV=5Iv8xeswCYBTtVYNChEpZL}
