{"logTime": "0713/205339", "correlationVector":"CIYGtnbD7FGoyf+2ekn0NH.1","action":"SyncServerConnectionManagerRequest", "result":"SYNC_SERVER_OK", "context":{"environment":"Prod_westus_prod-s01-081-nam-westus", "migrationStage":"NotStarted", "server":"akswtt10600000o"}}
{"logTime": "0713/205339", "correlationVector":"CIYGtnbD7FGoyf+2ekn0NH.2","action":"ProcessGetUpdates", "result":"Done", "context":{"dataType":"Encryption Keys", "deleted":"0", "process_failed_to_decrypt":"0", "process_pending_decryption":"0", "process_success":"1", "total":"1"}}
{"logTime": "0713/205339", "correlationVector":"QnMynVwFZ1T/u5RcsrYX1N","action":"SyncServerConnectionManagerRequest", "result":"SYNC_SERVER_OK", "context":{"environment":"", "migrationStage":"", "server":""}}
{"logTime": "0713/205339", "correlationVector":"QnMynVwFZ1T/u5RcsrYX1N.0","action":"EncryptionKeysFetcher.DownloadKeys:", "result":"Success", "context":Key count: 10, Last key timestamp: 2026-07-03T13:55:35Z}
{"logTime": "0713/205339", "correlationVector":"QnMynVwFZ1T/u5RcsrYX1N.1","action":"EncryptionKeysManager::SetEncryptionKeys:", "result":"Success", "context":Key names[10]:[VbrN5/Firx0jgeIhHClOyl+HZXIyLrZw020+K+QxThR+ZELbw3TBAsSgvLC+QyaQmedJm4n0cISVJHmu1SFCYQ==][1skNlUU0ja1XE0uXthpoYkpOeMVYzVHOfNYxfvDvKYuAKBlh5MKKbKx9pcurBh/sIA8YW8oDqchHgVjmBfhrDg==][5z7qP4rQ3cYaFnBLUamKasxxYsmj6cOtFJZ84cq8Ul6BFTaFRlXsqH8USk/EP5EsJSW8nMgpRuSdie22zCNGdQ==][wnguHgPzZVNLqEL/b7+RLsWuvyvvCpf5oYZxEy8EuvwfIYq57rWjKZDWHlaPwwU6NaW8toX1yVIfCh097EQGRA==][OgXFVGMGtEYiyFTf3OVYswrHZDPWrh0FQP8ld+UsMRaDufojLkmEbRiOe2jeVkAb2epO/NcTQWJv0uShsTiroQ==][OqjxAt7Sm9sqb8kShjLZGvdd6R3fw7Vex/SOAB6mbeZMXwDRhZUCAaYlbx0lO+YDf8Nb0siCgEpfVupvdSL+tQ==][Zw+U/UTZZ3Mgph/ttpPGeplqg8mSO86JTORA8Zm6wtlMESsc3YYXDW0KseiK9DJmNFDyWJ7gmM/xvq0/AL3/lA==][MhHHy5UsfRC4NLl08ZzdyiDko9VPdBVclpLutnMFspVbFI+fL7xDyUN5DvjQPJ9AT89cn/nt9HRbv+36p81pUA==][9yl1pcczx+F7qWIlnZl6eznoKvjTK4gUueML1NxtFAK4I4WY9aoW7fNvcCGCuuUOPN5lC9MVksWTHWwDLBmkcA==][lybflhN5e0L4U04H0xUt9oO/b5BjIzHUDowUHhnuCm2ua0dTvf/cmkXYWm7u/eXZ7FVB/J4oOlBs2dw1GLZCIQ==]}
{"logTime": "0713/205339", "correlationVector":"QnMynVwFZ1T/u5RcsrYX1N.2","action":"EncryptionKeysManager::SetEncryptionKeysWithTimestamps:", "result":"Success", "context":Key timestamps[10]:[2022-05-31T21:53:02Z][2022-12-05T17:12:02Z][2023-01-04T20:58:20Z][2023-07-06T12:27:25Z][2024-01-03T20:24:05Z][2024-07-01T21:16:44Z][2025-01-03T17:51:19Z][2025-07-02T23:57:57Z][2025-12-31T00:08:50Z][2026-07-03T13:55:35Z]}
{"logTime": "0713/205339", "correlationVector":"CIYGtnbD7FGoyf+2ekn0NH","action":"Initial GetUpdates", "result":"", "context":Reason: NEW_CLIENT. cV=CIYGtnbD7FGoyf+2ekn0NH}
{"logTime": "0713/205339", "correlationVector":"CIYGtnbD7FGoyf+2ekn0NH.3","action":"GetUpdates Response", "result":"Success", "context":Received 1 update(s). cV=CIYGtnbD7FGoyf+2ekn0NH.0;server=akswtt10600000o;cloudType=Consumer;environment=Prod_westus_prod-s01-081-nam-westus;migrationStage=NotStarted}
{"logTime": "0713/205339", "correlationVector":"keKpty+wxTkQUhWWdCQRew","action":"Initial GetUpdates", "result":"", "context":Reason: NEWLY_SUPPORTED_DATATYPE. cV=keKpty+wxTkQUhWWdCQRew}
{"logTime": "0713/205339", "correlationVector":"keKpty+wxTkQUhWWdCQRew.1","action":"SyncServerConnectionManagerRequest", "result":"SYNC_SERVER_OK", "context":{"environment":"Prod_westus_prod-s01-081-nam-westus", "migrationStage":"NotStarted", "server":"akswtt10600001n"}}
{"logTime": "0713/205339", "correlationVector":"keKpty+wxTkQUhWWdCQRew.2","action":"ProcessGetUpdates", "result":"Done", "context":{"dataType":"Passwords", "deleted":"0", "process_failed_to_decrypt":"0", "process_pending_decryption":"0", "process_success":"228", "total":"228"}}
{"logTime": "0713/205339", "correlationVector":"keKpty+wxTkQUhWWdCQRew.3","action":"ProcessGetUpdates", "result":"Done", "context":{"dataType":"Device Info", "deleted":"0", "process_failed_to_decrypt":"0", "process_pending_decryption":"0", "process_success":"22", "total":"22"}}
{"logTime": "0713/205339", "correlationVector":"keKpty+wxTkQUhWWdCQRew.4","action":"GetUpdates Response", "result":"Success", "context":Received 250 update(s). cV=keKpty+wxTkQUhWWdCQRew.0;server=akswtt10600001n;cloudType=Consumer;environment=Prod_westus_prod-s01-081-nam-westus;migrationStage=NotStarted Some updates remain.}
{"logTime": "0713/205339", "correlationVector":"zzLcnsvKajk91OQC94y7QM","action":"Initial GetUpdates", "result":"", "context":Reason: NEWLY_SUPPORTED_DATATYPE. cV=zzLcnsvKajk91OQC94y7QM}
{"logTime": "0713/205340", "correlationVector":"zzLcnsvKajk91OQC94y7QM.1","action":"SyncServerConnectionManagerRequest", "result":"SYNC_SERVER_OK", "context":{"environment":"Prod_westus_prod-s01-081-nam-westus", "migrationStage":"NotStarted", "server":"akswtt10600001i"}}
{"logTime": "0713/205340", "correlationVector":"zzLcnsvKajk91OQC94y7QM.2","action":"ProcessGetUpdates", "result":"Done", "context":{"dataType":"Passwords", "deleted":"0", "process_failed_to_decrypt":"0", "process_pending_decryption":"0", "process_success":"250", "total":"250"}}
{"logTime": "0713/205340", "correlationVector":"zzLcnsvKajk91OQC94y7QM.3","action":"GetUpdates Response", "result":"Success", "context":Received 250 update(s). cV=zzLcnsvKajk91OQC94y7QM.0;server=akswtt10600001i;cloudType=Consumer;environment=Prod_westus_prod-s01-081-nam-westus;migrationStage=NotStarted Some updates remain.}
{"logTime": "0713/205340", "correlationVector":"yyntXTTPO6kBSTHECEOF9E","action":"Initial GetUpdates", "result":"", "context":Reason: NEWLY_SUPPORTED_DATATYPE. cV=yyntXTTPO6kBSTHECEOF9E}
{"logTime": "0713/205340", "correlationVector":"yyntXTTPO6kBSTHECEOF9E.1","action":"SyncServerConnectionManagerRequest", "result":"SYNC_SERVER_OK", "context":{"environment":"Prod_westus_prod-s01-081-nam-westus", "migrationStage":"NotStarted", "server":"akswtt106000006"}}
{"logTime": "0713/205340", "correlationVector":"yyntXTTPO6kBSTHECEOF9E.2","action":"ProcessGetUpdates", "result":"Done", "context":{"dataType":"Passwords", "deleted":"0", "process_failed_to_decrypt":"0", "process_pending_decryption":"0", "process_success":"139", "total":"139"}}
{"logTime": "0713/205340", "correlationVector":"yyntXTTPO6kBSTHECEOF9E.3","action":"ProcessGetUpdates", "result":"Done", "context":{"dataType":"Device Info", "deleted":"0", "process_failed_to_decrypt":"0", "process_pending_decryption":"0", "process_success":"3", "total":"3"}}
{"logTime": "0713/205340", "correlationVector":"yyntXTTPO6kBSTHECEOF9E.4","action":"GetUpdates Response", "result":"Success", "context":Received 142 update(s). cV=yyntXTTPO6kBSTHECEOF9E.0;server=akswtt106000006;cloudType=Consumer;environment=Prod_westus_prod-s01-081-nam-westus;migrationStage=NotStarted}
{"logTime": "0713/205340", "correlationVector":"g5ushlE96Jqm+ECuxWhN32","action":"Initial GetUpdates", "result":"", "context":Reason: NEWLY_SUPPORTED_DATATYPE. cV=g5ushlE96Jqm+ECuxWhN32}
{"logTime": "0713/205340", "correlationVector":"g5ushlE96Jqm+ECuxWhN32.1","action":"SyncServerConnectionManagerRequest", "result":"SYNC_SERVER_OK", "context":{"environment":"Prod_westus_prod-s01-081-nam-westus", "migrationStage":"NotStarted", "server":"akswtt10600001f"}}
{"logTime": "0713/205340", "correlationVector":"g5ushlE96Jqm+ECuxWhN32.2","action":"ProcessGetUpdates", "result":"Done", "context":{"dataType":"Bookmarks", "deleted":"0", "process_failed_to_decrypt":"0", "process_pending_decryption":"0", "process_success":"147", "total":"147"}}
{"logTime": "0713/205340", "correlationVector":"g5ushlE96Jqm+ECuxWhN32.3","action":"ProcessGetUpdates", "result":"Done", "context":{"dataType":"Preferences", "deleted":"0", "process_failed_to_decrypt":"0", "process_pending_decryption":"0", "process_success":"71", "total":"71"}}
{"logTime": "0713/205340", "correlationVector":"g5ushlE96Jqm+ECuxWhN32.4","action":"ProcessGetUpdates", "result":"Done", "context":{"dataType":"Autofill", "deleted":"0", "process_failed_to_decrypt":"0", "process_pending_decryption":"0", "process_success":"30", "total":"30"}}
{"logTime": "0713/205340", "correlationVector":"g5ushlE96Jqm+ECuxWhN32.5","action":"ProcessGetUpdates", "result":"Done", "context":{"dataType":"Extensions", "deleted":"0", "process_failed_to_decrypt":"0", "process_pending_decryption":"0", "process_success":"1", "total":"1"}}
{"logTime": "0713/205340", "correlationVector":"g5ushlE96Jqm+ECuxWhN32.6","action":"ProcessGetUpdates", "result":"Done", "context":{"dataType":"Extension settings", "deleted":"0", "process_failed_to_decrypt":"0", "process_pending_decryption":"0", "process_success":"1", "total":"1"}}
{"logTime": "0713/205340", "correlationVector":"g5ushlE96Jqm+ECuxWhN32.7","action":"GetUpdates Response", "result":"Success", "context":Received 250 update(s). cV=g5ushlE96Jqm+ECuxWhN32.0;server=akswtt10600001f;cloudType=Consumer;environment=Prod_westus_prod-s01-081-nam-westus;migrationStage=NotStarted Some updates remain.}
{"logTime": "0713/205340", "correlationVector":"fr5BKnslZNGYSRkTDHBZS6","action":"Initial GetUpdates", "result":"", "context":Reason: NEWLY_SUPPORTED_DATATYPE. cV=fr5BKnslZNGYSRkTDHBZS6}
{"logTime": "0713/205341", "correlationVector":"fr5BKnslZNGYSRkTDHBZS6.1","action":"SyncServerConnectionManagerRequest", "result":"SYNC_SERVER_OK", "context":{"environment":"Prod_westus_prod-s01-081-nam-westus", "migrationStage":"NotStarted", "server":"akswtt106000002"}}
{"logTime": "0713/205341", "correlationVector":"fr5BKnslZNGYSRkTDHBZS6.2","action":"ProcessGetUpdates", "result":"Done", "context":{"dataType":"Autofill", "deleted":"0", "process_failed_to_decrypt":"0", "process_pending_decryption":"0", "process_success":"250", "total":"250"}}
{"logTime": "0713/205341", "correlationVector":"fr5BKnslZNGYSRkTDHBZS6.3","action":"GetUpdates Response", "result":"Success", "context":Received 250 update(s). cV=fr5BKnslZNGYSRkTDHBZS6.0;server=akswtt106000002;cloudType=Consumer;environment=Prod_westus_prod-s01-081-nam-westus;migrationStage=NotStarted Some updates remain.}
{"logTime": "0713/205341", "correlationVector":"150ptIzY0JaFTctXUz5R92","action":"Initial GetUpdates", "result":"", "context":Reason: NEWLY_SUPPORTED_DATATYPE. cV=150ptIzY0JaFTctXUz5R92}
{"logTime": "0713/205341", "correlationVector":"150ptIzY0JaFTctXUz5R92.1","action":"SyncServerConnectionManagerRequest", "result":"SYNC_SERVER_OK", "context":{"environment":"Prod_westus_prod-s01-081-nam-westus", "migrationStage":"NotStarted", "server":"akswtt10600000a"}}
{"logTime": "0713/205341", "correlationVector":"150ptIzY0JaFTctXUz5R92.2","action":"ProcessGetUpdates", "result":"Done", "context":{"dataType":"Autofill", "deleted":"0", "process_failed_to_decrypt":"0", "process_pending_decryption":"0", "process_success":"250", "total":"250"}}
{"logTime": "0713/205341", "correlationVector":"150ptIzY0JaFTctXUz5R92.3","action":"GetUpdates Response", "result":"Success", "context":Received 250 update(s). cV=150ptIzY0JaFTctXUz5R92.0;server=akswtt10600000a;cloudType=Consumer;environment=Prod_westus_prod-s01-081-nam-westus;migrationStage=NotStarted Some updates remain.}
{"logTime": "0713/205341", "correlationVector":"18NAcu2CkGailrFJNqy6Z+","action":"Initial GetUpdates", "result":"", "context":Reason: NEWLY_SUPPORTED_DATATYPE. cV=18NAcu2CkGailrFJNqy6Z+}
{"logTime": "0713/205341", "correlationVector":"18NAcu2CkGailrFJNqy6Z+.1","action":"SyncServerConnectionManagerRequest", "result":"SYNC_SERVER_OK", "context":{"environment":"Prod_westus_prod-s01-081-nam-westus", "migrationStage":"NotStarted", "server":"akswtt106000004"}}
{"logTime": "0713/205341", "correlationVector":"18NAcu2CkGailrFJNqy6Z+.2","action":"ProcessGetUpdates", "result":"Done", "context":{"dataType":"Autofill", "deleted":"0", "process_failed_to_decrypt":"0", "process_pending_decryption":"0", "process_success":"250", "total":"250"}}
{"logTime": "0713/205341", "correlationVector":"ph3CL8Z9YweC0UZCpj4vN9","action":"SyncServerConnectionManagerRequest", "result":"CONNECTION_UNAVAILABLE", "context":{"error_type":"net_error_code", "error_value":"-3"}}
{"logTime": "0713/205343", "correlationVector":"ggl4h/A6/orwOqzq8IWil3","action":"Initial GetUpdates", "result":"", "context":Reason: NEWLY_SUPPORTED_DATATYPE. cV=ggl4h/A6/orwOqzq8IWil3}
{"logTime": "0713/205343", "correlationVector":"ggl4h/A6/orwOqzq8IWil3.1","action":"SyncServerConnectionManagerRequest", "result":"SYNC_SERVER_OK", "context":{"environment":"Prod_westus_prod-s01-081-nam-westus", "migrationStage":"NotStarted", "server":"akswtt10600000r"}}
{"logTime": "0713/205343", "correlationVector":"ggl4h/A6/orwOqzq8IWil3.2","action":"ProcessGetUpdates", "result":"Done", "context":{"dataType":"Bookmarks", "deleted":"0", "process_failed_to_decrypt":"0", "process_pending_decryption":"0", "process_success":"147", "total":"147"}}
{"logTime": "0713/205343", "correlationVector":"ggl4h/A6/orwOqzq8IWil3.3","action":"ProcessGetUpdates", "result":"Done", "context":{"dataType":"Preferences", "deleted":"0", "process_failed_to_decrypt":"0", "process_pending_decryption":"0", "process_success":"71", "total":"71"}}
{"logTime": "0713/205343", "correlationVector":"ggl4h/A6/orwOqzq8IWil3.4","action":"ProcessGetUpdates", "result":"Done", "context":{"dataType":"Autofill", "deleted":"0", "process_failed_to_decrypt":"0", "process_pending_decryption":"0", "process_success":"30", "total":"30"}}
{"logTime": "0713/205343", "correlationVector":"ggl4h/A6/orwOqzq8IWil3.5","action":"ProcessGetUpdates", "result":"Done", "context":{"dataType":"Extensions", "deleted":"0", "process_failed_to_decrypt":"0", "process_pending_decryption":"0", "process_success":"1", "total":"1"}}
{"logTime": "0713/205343", "correlationVector":"ggl4h/A6/orwOqzq8IWil3.6","action":"ProcessGetUpdates", "result":"Done", "context":{"dataType":"Extension settings", "deleted":"0", "process_failed_to_decrypt":"0", "process_pending_decryption":"0", "process_success":"1", "total":"1"}}
{"logTime": "0713/205343", "correlationVector":"ggl4h/A6/orwOqzq8IWil3.7","action":"GetUpdates Response", "result":"Success", "context":Received 250 update(s). cV=ggl4h/A6/orwOqzq8IWil3.0;server=akswtt10600000r;cloudType=Consumer;environment=Prod_westus_prod-s01-081-nam-westus;migrationStage=NotStarted Some updates remain.}
{"logTime": "0713/205343", "correlationVector":"K/hWlZlNISP4gMovcCfWhB","action":"Initial GetUpdates", "result":"", "context":Reason: NEWLY_SUPPORTED_DATATYPE. cV=K/hWlZlNISP4gMovcCfWhB}
{"logTime": "0713/205344", "correlationVector":"K/hWlZlNISP4gMovcCfWhB.1","action":"SyncServerConnectionManagerRequest", "result":"SYNC_SERVER_OK", "context":{"environment":"Prod_westus_prod-s01-081-nam-westus", "migrationStage":"NotStarted", "server":"akswtt106000018"}}
{"logTime": "0713/205344", "correlationVector":"K/hWlZlNISP4gMovcCfWhB.2","action":"ProcessGetUpdates", "result":"Done", "context":{"dataType":"Autofill", "deleted":"0", "process_failed_to_decrypt":"0", "process_pending_decryption":"0", "process_success":"250", "total":"250"}}
{"logTime": "0713/205344", "correlationVector":"K/hWlZlNISP4gMovcCfWhB.3","action":"GetUpdates Response", "result":"Success", "context":Received 250 update(s). cV=K/hWlZlNISP4gMovcCfWhB.0;server=akswtt106000018;cloudType=Consumer;environment=Prod_westus_prod-s01-081-nam-westus;migrationStage=NotStarted Some updates remain.}
{"logTime": "0713/205344", "correlationVector":"MDBCaP8H8Kr9O98AHszNWD","action":"Initial GetUpdates", "result":"", "context":Reason: NEWLY_SUPPORTED_DATATYPE. cV=MDBCaP8H8Kr9O98AHszNWD}
{"logTime": "0713/205344", "correlationVector":"MDBCaP8H8Kr9O98AHszNWD.1","action":"SyncServerConnectionManagerRequest", "result":"SYNC_SERVER_OK", "context":{"environment":"Prod_westus_prod-s01-081-nam-westus", "migrationStage":"NotStarted", "server":"akswtt10600000p"}}
{"logTime": "0713/205344", "correlationVector":"MDBCaP8H8Kr9O98AHszNWD.2","action":"ProcessGetUpdates", "result":"Done", "context":{"dataType":"Autofill", "deleted":"0", "process_failed_to_decrypt":"0", "process_pending_decryption":"0", "process_success":"250", "total":"250"}}
{"logTime": "0713/205344", "correlationVector":"MDBCaP8H8Kr9O98AHszNWD.3","action":"GetUpdates Response", "result":"Success", "context":Received 250 update(s). cV=MDBCaP8H8Kr9O98AHszNWD.0;server=akswtt10600000p;cloudType=Consumer;environment=Prod_westus_prod-s01-081-nam-westus;migrationStage=NotStarted Some updates remain.}
{"logTime": "0713/205344", "correlationVector":"IUyWeJFmynXJUsq7qdHeaT","action":"Initial GetUpdates", "result":"", "context":Reason: NEWLY_SUPPORTED_DATATYPE. cV=IUyWeJFmynXJUsq7qdHeaT}
{"logTime": "0713/205344", "correlationVector":"IUyWeJFmynXJUsq7qdHeaT.1","action":"SyncServerConnectionManagerRequest", "result":"SYNC_SERVER_OK", "context":{"environment":"Prod_westus_prod-s01-081-nam-westus", "migrationStage":"NotStarted", "server":"akswtt106000009"}}
{"logTime": "0713/205344", "correlationVector":"IUyWeJFmynXJUsq7qdHeaT.2","action":"ProcessGetUpdates", "result":"Done", "context":{"dataType":"Autofill", "deleted":"0", "process_failed_to_decrypt":"0", "process_pending_decryption":"0", "process_success":"250", "total":"250"}}
{"logTime": "0713/205344", "correlationVector":"IUyWeJFmynXJUsq7qdHeaT.3","action":"GetUpdates Response", "result":"Success", "context":Received 250 update(s). cV=IUyWeJFmynXJUsq7qdHeaT.0;server=akswtt106000009;cloudType=Consumer;environment=Prod_westus_prod-s01-081-nam-westus;migrationStage=NotStarted Some updates remain.}
{"logTime": "0713/205344", "correlationVector":"IjIEiZsnBS8ZuM0N9GA7Ct","action":"Initial GetUpdates", "result":"", "context":Reason: NEWLY_SUPPORTED_DATATYPE. cV=IjIEiZsnBS8ZuM0N9GA7Ct}
{"logTime": "0713/205345", "correlationVector":"IjIEiZsnBS8ZuM0N9GA7Ct.1","action":"SyncServerConnectionManagerRequest", "result":"SYNC_SERVER_OK", "context":{"environment":"Prod_westus_prod-s01-081-nam-westus", "migrationStage":"NotStarted", "server":"akswtt10600001h"}}
{"logTime": "0713/205345", "correlationVector":"IjIEiZsnBS8ZuM0N9GA7Ct.2","action":"ProcessGetUpdates", "result":"Done", "context":{"dataType":"Autofill", "deleted":"0", "process_failed_to_decrypt":"0", "process_pending_decryption":"0", "process_success":"250", "total":"250"}}
{"logTime": "0713/205345", "correlationVector":"IjIEiZsnBS8ZuM0N9GA7Ct.3","action":"GetUpdates Response", "result":"Success", "context":Received 250 update(s). cV=IjIEiZsnBS8ZuM0N9GA7Ct.0;server=akswtt10600001h;cloudType=Consumer;environment=Prod_westus_prod-s01-081-nam-westus;migrationStage=NotStarted Some updates remain.}
{"logTime": "0713/205345", "correlationVector":"oX3Sm9hVFEbRHjP2Rz6TjV","action":"Initial GetUpdates", "result":"", "context":Reason: NEWLY_SUPPORTED_DATATYPE. cV=oX3Sm9hVFEbRHjP2Rz6TjV}
{"logTime": "0713/205345", "correlationVector":"oX3Sm9hVFEbRHjP2Rz6TjV.1","action":"SyncServerConnectionManagerRequest", "result":"SYNC_SERVER_OK", "context":{"environment":"Prod_westus_prod-s01-081-nam-westus", "migrationStage":"NotStarted", "server":"akswtt10600000m"}}
{"logTime": "0713/205345", "correlationVector":"oX3Sm9hVFEbRHjP2Rz6TjV.2","action":"ProcessGetUpdates", "result":"Done", "context":{"dataType":"Autofill", "deleted":"0", "process_failed_to_decrypt":"0", "process_pending_decryption":"0", "process_success":"250", "total":"250"}}
{"logTime": "0713/205345", "correlationVector":"oX3Sm9hVFEbRHjP2Rz6TjV.3","action":"GetUpdates Response", "result":"Success", "context":Received 250 update(s). cV=oX3Sm9hVFEbRHjP2Rz6TjV.0;server=akswtt10600000m;cloudType=Consumer;environment=Prod_westus_prod-s01-081-nam-westus;migrationStage=NotStarted Some updates remain.}
{"logTime": "0713/205345", "correlationVector":"zrJErVReMtyI8vKoTYj1yY","action":"Initial GetUpdates", "result":"", "context":Reason: NEWLY_SUPPORTED_DATATYPE. cV=zrJErVReMtyI8vKoTYj1yY}
{"logTime": "0713/205345", "correlationVector":"zrJErVReMtyI8vKoTYj1yY.1","action":"SyncServerConnectionManagerRequest", "result":"SYNC_SERVER_OK", "context":{"environment":"Prod_westus_prod-s01-081-nam-westus", "migrationStage":"NotStarted", "server":"akswtt10600001h"}}
{"logTime": "0713/205345", "correlationVector":"zrJErVReMtyI8vKoTYj1yY.2","action":"ProcessGetUpdates", "result":"Done", "context":{"dataType":"Autofill", "deleted":"0", "process_failed_to_decrypt":"0", "process_pending_decryption":"0", "process_success":"250", "total":"250"}}
{"logTime": "0713/205345", "correlationVector":"zrJErVReMtyI8vKoTYj1yY.3","action":"GetUpdates Response", "result":"Success", "context":Received 250 update(s). cV=zrJErVReMtyI8vKoTYj1yY.0;server=akswtt10600001h;cloudType=Consumer;environment=Prod_westus_prod-s01-081-nam-westus;migrationStage=NotStarted Some updates remain.}
{"logTime": "0713/205345", "correlationVector":"rj6tQMshCG2pqEY+hof5DD","action":"Initial GetUpdates", "result":"", "context":Reason: NEWLY_SUPPORTED_DATATYPE. cV=rj6tQMshCG2pqEY+hof5DD}
{"logTime": "0713/205346", "correlationVector":"rj6tQMshCG2pqEY+hof5DD.1","action":"SyncServerConnectionManagerRequest", "result":"SYNC_SERVER_OK", "context":{"environment":"Prod_westus_prod-s01-081-nam-westus", "migrationStage":"NotStarted", "server":"akswtt10600000r"}}
{"logTime": "0713/205346", "correlationVector":"rj6tQMshCG2pqEY+hof5DD.2","action":"ProcessGetUpdates", "result":"Done", "context":{"dataType":"Autofill", "deleted":"0", "process_failed_to_decrypt":"0", "process_pending_decryption":"0", "process_success":"250", "total":"250"}}
{"logTime": "0713/205346", "correlationVector":"rj6tQMshCG2pqEY+hof5DD.3","action":"GetUpdates Response", "result":"Success", "context":Received 250 update(s). cV=rj6tQMshCG2pqEY+hof5DD.0;server=akswtt10600000r;cloudType=Consumer;environment=Prod_westus_prod-s01-081-nam-westus;migrationStage=NotStarted Some updates remain.}
{"logTime": "0713/205346", "correlationVector":"kH817hCpiYDSCS0Kzks6U9","action":"Initial GetUpdates", "result":"", "context":Reason: NEWLY_SUPPORTED_DATATYPE. cV=kH817hCpiYDSCS0Kzks6U9}
{"logTime": "0713/205346", "correlationVector":"kH817hCpiYDSCS0Kzks6U9.1","action":"SyncServerConnectionManagerRequest", "result":"SYNC_SERVER_OK", "context":{"environment":"Prod_westus_prod-s01-081-nam-westus", "migrationStage":"NotStarted", "server":"akswtt106000004"}}
{"logTime": "0713/205346", "correlationVector":"kH817hCpiYDSCS0Kzks6U9.2","action":"ProcessGetUpdates", "result":"Done", "context":{"dataType":"Autofill", "deleted":"0", "process_failed_to_decrypt":"0", "process_pending_decryption":"0", "process_success":"250", "total":"250"}}
{"logTime": "0713/205346", "correlationVector":"kH817hCpiYDSCS0Kzks6U9.3","action":"GetUpdates Response", "result":"Success", "context":Received 250 update(s). cV=kH817hCpiYDSCS0Kzks6U9.0;server=akswtt106000004;cloudType=Consumer;environment=Prod_westus_prod-s01-081-nam-westus;migrationStage=NotStarted Some updates remain.}
{"logTime": "0713/205346", "correlationVector":"/IahAv6XUvr6Uvl0ZiIeDg","action":"Initial GetUpdates", "result":"", "context":Reason: NEWLY_SUPPORTED_DATATYPE. cV=/IahAv6XUvr6Uvl0ZiIeDg}
{"logTime": "0713/205346", "correlationVector":"/IahAv6XUvr6Uvl0ZiIeDg","action":"SyncServerConnectionManagerRequest", "result":"CONNECTION_UNAVAILABLE", "context":{"error_type":"net_error_code", "error_value":"-3"}}
