{"logTime": "0713/204727", "correlationVector":"7p+bqv/DjhbB2uTJ5EvLi1.1","action":"SyncServerConnectionManagerRequest", "result":"SYNC_SERVER_OK", "context":{"environment":"Prod_westus_prod-s01-081-nam-westus", "migrationStage":"NotStarted", "server":"akswtt106000009"}}
{"logTime": "0713/204727", "correlationVector":"7p+bqv/DjhbB2uTJ5EvLi1.2","action":"ProcessGetUpdates", "result":"Done", "context":{"dataType":"Encryption Keys", "deleted":"0", "process_failed_to_decrypt":"0", "process_pending_decryption":"0", "process_success":"1", "total":"1"}}
{"logTime": "0713/204727", "correlationVector":"R8t5qW5cLS0swm+7oRkqTW","action":"SyncServerConnectionManagerRequest", "result":"SYNC_SERVER_ERROR", "context":{"environment":"", "error_type":"http_status_code", "error_value":"400", "migrationStage":"", "server":""}}
{"logTime": "0713/204727", "correlationVector":"7p+bqv/DjhbB2uTJ5EvLi1","action":"Initial GetUpdates", "result":"", "context":Reason: NEW_CLIENT. cV=7p+bqv/DjhbB2uTJ5EvLi1}
{"logTime": "0713/204727", "correlationVector":"7p+bqv/DjhbB2uTJ5EvLi1.3","action":"GetUpdates Response", "result":"Success", "context":Received 1 update(s). cV=7p+bqv/DjhbB2uTJ5EvLi1.0;server=akswtt106000009;cloudType=Consumer;environment=Prod_westus_prod-s01-081-nam-westus;migrationStage=NotStarted}
{"logTime": "0713/204727", "correlationVector":"JVbCdlY2hi8klgui6OVLq3","action":"Initial GetUpdates", "result":"", "context":Reason: NEW_CLIENT. cV=JVbCdlY2hi8klgui6OVLq3}
{"logTime": "0713/204727", "correlationVector":"JVbCdlY2hi8klgui6OVLq3.1","action":"SyncServerConnectionManagerRequest", "result":"SYNC_SERVER_OK", "context":{"environment":"Prod_westus_prod-s01-081-nam-westus", "migrationStage":"NotStarted", "server":"akswtt10600001r"}}
{"logTime": "0713/204727", "correlationVector":"JVbCdlY2hi8klgui6OVLq3.2","action":"ProcessGetUpdates", "result":"Done", "context":{"dataType":"Device Info", "deleted":"0", "process_failed_to_decrypt":"0", "process_pending_decryption":"0", "process_success":"25", "total":"25"}}
{"logTime": "0713/204727", "correlationVector":"JVbCdlY2hi8klgui6OVLq3.3","action":"GetUpdates Response", "result":"Success", "context":Received 25 update(s). cV=JVbCdlY2hi8klgui6OVLq3.0;server=akswtt10600001r;cloudType=Consumer;environment=Prod_westus_prod-s01-081-nam-westus;migrationStage=NotStarted}
{"logTime": "0713/204728", "correlationVector":"OSOXiSMDN4+RdIRTYjnMNj","action":"SyncServerConnectionManagerRequest", "result":"SYNC_SERVER_ERROR", "context":{"environment":"", "error_type":"http_status_code", "error_value":"400", "migrationStage":"", "server":""}}
{"logTime": "0713/204728", "correlationVector":"KgOObWKBrwLXnWAcdZ7Vdd","action":"Initial GetUpdates", "result":"", "context":Reason: NEW_CLIENT. cV=KgOObWKBrwLXnWAcdZ7Vdd}
{"logTime": "0713/204728", "correlationVector":"KgOObWKBrwLXnWAcdZ7Vdd.1","action":"SyncServerConnectionManagerRequest", "result":"SYNC_SERVER_OK", "context":{"environment":"Prod_westus_prod-s01-081-nam-westus", "migrationStage":"NotStarted", "server":"akswtt10600000s"}}
{"logTime": "0713/204728", "correlationVector":"KgOObWKBrwLXnWAcdZ7Vdd.2","action":"ProcessGetUpdates", "result":"Done", "context":{"dataType":"Bookmarks", "deleted":"0", "process_failed_to_decrypt":"0", "process_pending_decryption":"0", "process_success":"154", "total":"154"}}
{"logTime": "0713/204728", "correlationVector":"KgOObWKBrwLXnWAcdZ7Vdd.3","action":"ProcessGetUpdates", "result":"Done", "context":{"dataType":"Preferences", "deleted":"0", "process_failed_to_decrypt":"0", "process_pending_decryption":"0", "process_success":"78", "total":"78"}}
{"logTime": "0713/204728", "correlationVector":"KgOObWKBrwLXnWAcdZ7Vdd.4","action":"ProcessGetUpdates", "result":"Done", "context":{"dataType":"Extensions", "deleted":"0", "process_failed_to_decrypt":"0", "process_pending_decryption":"0", "process_success":"1", "total":"1"}}
{"logTime": "0713/204728", "correlationVector":"KgOObWKBrwLXnWAcdZ7Vdd.5","action":"ProcessGetUpdates", "result":"Done", "context":{"dataType":"Extension settings", "deleted":"0", "process_failed_to_decrypt":"0", "process_pending_decryption":"0", "process_success":"1", "total":"1"}}
{"logTime": "0713/204728", "correlationVector":"KgOObWKBrwLXnWAcdZ7Vdd.6","action":"ProcessGetUpdates", "result":"Done", "context":{"dataType":"Edge Hub App Usage", "deleted":"0", "process_failed_to_decrypt":"0", "process_pending_decryption":"0", "process_success":"1", "total":"1"}}
{"logTime": "0713/204728", "correlationVector":"KgOObWKBrwLXnWAcdZ7Vdd.7","action":"GetUpdates Response", "result":"Success", "context":Received 235 update(s). cV=KgOObWKBrwLXnWAcdZ7Vdd.0;server=akswtt10600000s;cloudType=Consumer;environment=Prod_westus_prod-s01-081-nam-westus;migrationStage=NotStarted Some updates remain.}
{"logTime": "0713/204728", "correlationVector":"Syue+M57JV0JkfP6F7acNw","action":"Initial GetUpdates", "result":"", "context":Reason: NEW_CLIENT. cV=Syue+M57JV0JkfP6F7acNw}
{"logTime": "0713/204728", "correlationVector":"Syue+M57JV0JkfP6F7acNw.1","action":"SyncServerConnectionManagerRequest", "result":"SYNC_SERVER_OK", "context":{"environment":"Prod_westus_prod-s01-081-nam-westus", "migrationStage":"NotStarted", "server":"akswtt106000013"}}
{"logTime": "0713/204728", "correlationVector":"Syue+M57JV0JkfP6F7acNw.2","action":"ProcessGetUpdates", "result":"Done", "context":{"dataType":"Bookmarks", "deleted":"0", "process_failed_to_decrypt":"0", "process_pending_decryption":"0", "process_success":"11", "total":"11"}}
{"logTime": "0713/204728", "correlationVector":"Syue+M57JV0JkfP6F7acNw.3","action":"ProcessGetUpdates", "result":"Done", "context":{"dataType":"Preferences", "deleted":"0", "process_failed_to_decrypt":"0", "process_pending_decryption":"0", "process_success":"20", "total":"20"}}
{"logTime": "0713/204728", "correlationVector":"Syue+M57JV0JkfP6F7acNw.4","action":"ProcessGetUpdates", "result":"Done", "context":{"dataType":"Extensions", "deleted":"0", "process_failed_to_decrypt":"0", "process_pending_decryption":"0", "process_success":"8", "total":"8"}}
{"logTime": "0713/204728", "correlationVector":"Syue+M57JV0JkfP6F7acNw.5","action":"ProcessGetUpdates", "result":"Done", "context":{"dataType":"Sessions", "deleted":"0", "process_failed_to_decrypt":"0", "process_pending_decryption":"0", "process_success":"5", "total":"5"}}
{"logTime": "0713/204728", "correlationVector":"Syue+M57JV0JkfP6F7acNw.6","action":"ProcessGetUpdates", "result":"Done", "context":{"dataType":"Edge Hub App Usage", "deleted":"0", "process_failed_to_decrypt":"0", "process_pending_decryption":"0", "process_success":"7", "total":"7"}}
{"logTime": "0713/204728", "correlationVector":"Syue+M57JV0JkfP6F7acNw.7","action":"GetUpdates Response", "result":"Success", "context":Received 51 update(s). cV=Syue+M57JV0JkfP6F7acNw.0;server=akswtt106000013;cloudType=Consumer;environment=Prod_westus_prod-s01-081-nam-westus;migrationStage=NotStarted}
{"logTime": "0713/204729", "correlationVector":"MOkbMl8D1//P+DlLldMBsU","action":"SyncServerConnectionManagerRequest", "result":"SYNC_SERVER_ERROR", "context":{"environment":"", "error_type":"http_status_code", "error_value":"400", "migrationStage":"", "server":""}}
{"logTime": "0713/204729", "correlationVector":"+uR0sFQ3DDCv1h4YRoR6rb","action":"Initial GetUpdates", "result":"", "context":Reason: NEW_CLIENT. cV=+uR0sFQ3DDCv1h4YRoR6rb}
{"logTime": "0713/204729", "correlationVector":"+uR0sFQ3DDCv1h4YRoR6rb","action":"SyncServerConnectionManagerRequest", "result":"CONNECTION_UNAVAILABLE", "context":{"error_type":"net_error_code", "error_value":"-3"}}
