{"logTime": "0713/204731", "correlationVector":"13ob9a/TyJBDZDSHD2n0yl.1","action":"SyncServerConnectionManagerRequest", "result":"SYNC_SERVER_OK", "context":{"environment":"Prod_westus_prod-s01-081-nam-westus", "migrationStage":"NotStarted", "server":"akswtt106000015"}}
{"logTime": "0713/204731", "correlationVector":"13ob9a/TyJBDZDSHD2n0yl.2","action":"ProcessGetUpdates", "result":"Done", "context":{"dataType":"Encryption Keys", "deleted":"0", "process_failed_to_decrypt":"0", "process_pending_decryption":"0", "process_success":"1", "total":"1"}}
{"logTime": "0713/204732", "correlationVector":"sNUyyAZkxFXZx4ariVzn3I","action":"SyncServerConnectionManagerRequest", "result":"SYNC_SERVER_ERROR", "context":{"environment":"", "error_type":"http_status_code", "error_value":"400", "migrationStage":"", "server":""}}
{"logTime": "0713/204732", "correlationVector":"13ob9a/TyJBDZDSHD2n0yl","action":"Initial GetUpdates", "result":"", "context":Reason: NEW_CLIENT. cV=13ob9a/TyJBDZDSHD2n0yl}
{"logTime": "0713/204732", "correlationVector":"13ob9a/TyJBDZDSHD2n0yl.3","action":"GetUpdates Response", "result":"Success", "context":Received 1 update(s). cV=13ob9a/TyJBDZDSHD2n0yl.0;server=akswtt106000015;cloudType=Consumer;environment=Prod_westus_prod-s01-081-nam-westus;migrationStage=NotStarted}
{"logTime": "0713/204732", "correlationVector":"/HhIb8IWDjlDXqm4gbRut9","action":"Initial GetUpdates", "result":"", "context":Reason: NEW_CLIENT. cV=/HhIb8IWDjlDXqm4gbRut9}
{"logTime": "0713/204732", "correlationVector":"/HhIb8IWDjlDXqm4gbRut9.1","action":"SyncServerConnectionManagerRequest", "result":"SYNC_SERVER_OK", "context":{"environment":"Prod_westus_prod-s01-081-nam-westus", "migrationStage":"NotStarted", "server":"akswtt106000011"}}
{"logTime": "0713/204732", "correlationVector":"/HhIb8IWDjlDXqm4gbRut9.2","action":"ProcessGetUpdates", "result":"Done", "context":{"dataType":"Device Info", "deleted":"0", "process_failed_to_decrypt":"0", "process_pending_decryption":"0", "process_success":"25", "total":"25"}}
{"logTime": "0713/204732", "correlationVector":"/HhIb8IWDjlDXqm4gbRut9.3","action":"GetUpdates Response", "result":"Success", "context":Received 25 update(s). cV=/HhIb8IWDjlDXqm4gbRut9.0;server=akswtt106000011;cloudType=Consumer;environment=Prod_westus_prod-s01-081-nam-westus;migrationStage=NotStarted}
{"logTime": "0713/204732", "correlationVector":"hZEMOP/wcel3F8LEkWAfMO","action":"SyncServerConnectionManagerRequest", "result":"SYNC_SERVER_ERROR", "context":{"environment":"", "error_type":"http_status_code", "error_value":"400", "migrationStage":"", "server":""}}
{"logTime": "0713/204732", "correlationVector":"yFU04jJh1qRYTNoHeqoLFE","action":"Initial GetUpdates", "result":"", "context":Reason: NEW_CLIENT. cV=yFU04jJh1qRYTNoHeqoLFE}
{"logTime": "0713/204733", "correlationVector":"yFU04jJh1qRYTNoHeqoLFE.1","action":"SyncServerConnectionManagerRequest", "result":"SYNC_SERVER_OK", "context":{"environment":"Prod_westus_prod-s01-081-nam-westus", "migrationStage":"NotStarted", "server":"akswtt10600000m"}}
{"logTime": "0713/204733", "correlationVector":"yFU04jJh1qRYTNoHeqoLFE.2","action":"ProcessGetUpdates", "result":"Done", "context":{"dataType":"Bookmarks", "deleted":"0", "process_failed_to_decrypt":"0", "process_pending_decryption":"0", "process_success":"154", "total":"154"}}
{"logTime": "0713/204733", "correlationVector":"yFU04jJh1qRYTNoHeqoLFE.3","action":"ProcessGetUpdates", "result":"Done", "context":{"dataType":"Preferences", "deleted":"0", "process_failed_to_decrypt":"0", "process_pending_decryption":"0", "process_success":"78", "total":"78"}}
{"logTime": "0713/204733", "correlationVector":"yFU04jJh1qRYTNoHeqoLFE.4","action":"ProcessGetUpdates", "result":"Done", "context":{"dataType":"Extensions", "deleted":"0", "process_failed_to_decrypt":"0", "process_pending_decryption":"0", "process_success":"1", "total":"1"}}
{"logTime": "0713/204733", "correlationVector":"yFU04jJh1qRYTNoHeqoLFE.5","action":"ProcessGetUpdates", "result":"Done", "context":{"dataType":"Extension settings", "deleted":"0", "process_failed_to_decrypt":"0", "process_pending_decryption":"0", "process_success":"1", "total":"1"}}
{"logTime": "0713/204733", "correlationVector":"yFU04jJh1qRYTNoHeqoLFE.6","action":"ProcessGetUpdates", "result":"Done", "context":{"dataType":"Edge Hub App Usage", "deleted":"0", "process_failed_to_decrypt":"0", "process_pending_decryption":"0", "process_success":"1", "total":"1"}}
{"logTime": "0713/204733", "correlationVector":"yFU04jJh1qRYTNoHeqoLFE.7","action":"GetUpdates Response", "result":"Success", "context":Received 235 update(s). cV=yFU04jJh1qRYTNoHeqoLFE.0;server=akswtt10600000m;cloudType=Consumer;environment=Prod_westus_prod-s01-081-nam-westus;migrationStage=NotStarted Some updates remain.}
{"logTime": "0713/204733", "correlationVector":"9Or4dBp0qEGT3oOXqtlEtO","action":"Initial GetUpdates", "result":"", "context":Reason: NEW_CLIENT. cV=9Or4dBp0qEGT3oOXqtlEtO}
{"logTime": "0713/204733", "correlationVector":"9Or4dBp0qEGT3oOXqtlEtO.1","action":"SyncServerConnectionManagerRequest", "result":"SYNC_SERVER_OK", "context":{"environment":"Prod_westus_prod-s01-081-nam-westus", "migrationStage":"NotStarted", "server":"akswtt10600000n"}}
{"logTime": "0713/204733", "correlationVector":"9Or4dBp0qEGT3oOXqtlEtO.2","action":"ProcessGetUpdates", "result":"Done", "context":{"dataType":"Bookmarks", "deleted":"0", "process_failed_to_decrypt":"0", "process_pending_decryption":"0", "process_success":"11", "total":"11"}}
{"logTime": "0713/204733", "correlationVector":"9Or4dBp0qEGT3oOXqtlEtO.3","action":"ProcessGetUpdates", "result":"Done", "context":{"dataType":"Preferences", "deleted":"0", "process_failed_to_decrypt":"0", "process_pending_decryption":"0", "process_success":"20", "total":"20"}}
{"logTime": "0713/204733", "correlationVector":"9Or4dBp0qEGT3oOXqtlEtO.4","action":"ProcessGetUpdates", "result":"Done", "context":{"dataType":"Extensions", "deleted":"0", "process_failed_to_decrypt":"0", "process_pending_decryption":"0", "process_success":"8", "total":"8"}}
{"logTime": "0713/204733", "correlationVector":"9Or4dBp0qEGT3oOXqtlEtO.5","action":"ProcessGetUpdates", "result":"Done", "context":{"dataType":"Sessions", "deleted":"0", "process_failed_to_decrypt":"0", "process_pending_decryption":"0", "process_success":"5", "total":"5"}}
{"logTime": "0713/204733", "correlationVector":"9Or4dBp0qEGT3oOXqtlEtO.6","action":"ProcessGetUpdates", "result":"Done", "context":{"dataType":"Edge Hub App Usage", "deleted":"0", "process_failed_to_decrypt":"0", "process_pending_decryption":"0", "process_success":"7", "total":"7"}}
{"logTime": "0713/204733", "correlationVector":"9Or4dBp0qEGT3oOXqtlEtO.7","action":"GetUpdates Response", "result":"Success", "context":Received 51 update(s). cV=9Or4dBp0qEGT3oOXqtlEtO.0;server=akswtt10600000n;cloudType=Consumer;environment=Prod_westus_prod-s01-081-nam-westus;migrationStage=NotStarted}
{"logTime": "0713/204733", "correlationVector":"dTgE+xr2UmBmz9slmfai0l","action":"SyncServerConnectionManagerRequest", "result":"SYNC_SERVER_ERROR", "context":{"environment":"", "error_type":"http_status_code", "error_value":"400", "migrationStage":"", "server":""}}
{"logTime": "0713/204733", "correlationVector":"E4etwdx3cDHr2egj2BrMQk","action":"Initial GetUpdates", "result":"", "context":Reason: NEW_CLIENT. cV=E4etwdx3cDHr2egj2BrMQk}
{"logTime": "0713/204733", "correlationVector":"E4etwdx3cDHr2egj2BrMQk","action":"SyncServerConnectionManagerRequest", "result":"CONNECTION_UNAVAILABLE", "context":{"error_type":"net_error_code", "error_value":"-3"}}
