{"logTime": "0713/204614", "correlationVector":"E3ke7bNtXyWF04ZfM7jXz4.1","action":"SyncServerConnectionManagerRequest", "result":"SYNC_SERVER_OK", "context":{"environment":"Prod_westus_prod-s01-081-nam-westus", "migrationStage":"NotStarted", "server":"akswtt10600001v"}}
{"logTime": "0713/204614", "correlationVector":"E3ke7bNtXyWF04ZfM7jXz4.2","action":"ProcessGetUpdates", "result":"Done", "context":{"dataType":"Encryption Keys", "deleted":"0", "process_failed_to_decrypt":"0", "process_pending_decryption":"0", "process_success":"1", "total":"1"}}
{"logTime": "0713/204614", "correlationVector":"3L9TK0KjXdaYi+1WTkGb9E","action":"SyncServerConnectionManagerRequest", "result":"SYNC_SERVER_OK", "context":{"environment":"", "migrationStage":"", "server":""}}
{"logTime": "0713/204614", "correlationVector":"3L9TK0KjXdaYi+1WTkGb9E.0","action":"EncryptionKeysFetcher.DownloadKeys:", "result":"Success", "context":Key count: 10, Last key timestamp: 2026-07-03T13:55:35Z}
{"logTime": "0713/204614", "correlationVector":"3L9TK0KjXdaYi+1WTkGb9E.1","action":"EncryptionKeysManager::SetEncryptionKeys:", "result":"Success", "context":Key names[10]:[VbrN5/Firx0jgeIhHClOyl+HZXIyLrZw020+K+QxThR+ZELbw3TBAsSgvLC+QyaQmedJm4n0cISVJHmu1SFCYQ==][1skNlUU0ja1XE0uXthpoYkpOeMVYzVHOfNYxfvDvKYuAKBlh5MKKbKx9pcurBh/sIA8YW8oDqchHgVjmBfhrDg==][5z7qP4rQ3cYaFnBLUamKasxxYsmj6cOtFJZ84cq8Ul6BFTaFRlXsqH8USk/EP5EsJSW8nMgpRuSdie22zCNGdQ==][wnguHgPzZVNLqEL/b7+RLsWuvyvvCpf5oYZxEy8EuvwfIYq57rWjKZDWHlaPwwU6NaW8toX1yVIfCh097EQGRA==][OgXFVGMGtEYiyFTf3OVYswrHZDPWrh0FQP8ld+UsMRaDufojLkmEbRiOe2jeVkAb2epO/NcTQWJv0uShsTiroQ==][OqjxAt7Sm9sqb8kShjLZGvdd6R3fw7Vex/SOAB6mbeZMXwDRhZUCAaYlbx0lO+YDf8Nb0siCgEpfVupvdSL+tQ==][Zw+U/UTZZ3Mgph/ttpPGeplqg8mSO86JTORA8Zm6wtlMESsc3YYXDW0KseiK9DJmNFDyWJ7gmM/xvq0/AL3/lA==][MhHHy5UsfRC4NLl08ZzdyiDko9VPdBVclpLutnMFspVbFI+fL7xDyUN5DvjQPJ9AT89cn/nt9HRbv+36p81pUA==][9yl1pcczx+F7qWIlnZl6eznoKvjTK4gUueML1NxtFAK4I4WY9aoW7fNvcCGCuuUOPN5lC9MVksWTHWwDLBmkcA==][lybflhN5e0L4U04H0xUt9oO/b5BjIzHUDowUHhnuCm2ua0dTvf/cmkXYWm7u/eXZ7FVB/J4oOlBs2dw1GLZCIQ==]}
{"logTime": "0713/204614", "correlationVector":"3L9TK0KjXdaYi+1WTkGb9E.2","action":"EncryptionKeysManager::SetEncryptionKeysWithTimestamps:", "result":"Success", "context":Key timestamps[10]:[2022-05-31T21:53:02Z][2022-12-05T17:12:02Z][2023-01-04T20:58:20Z][2023-07-06T12:27:25Z][2024-01-03T20:24:05Z][2024-07-01T21:16:44Z][2025-01-03T17:51:19Z][2025-07-02T23:57:57Z][2025-12-31T00:08:50Z][2026-07-03T13:55:35Z]}
{"logTime": "0713/204614", "correlationVector":"E3ke7bNtXyWF04ZfM7jXz4","action":"Initial GetUpdates", "result":"", "context":Reason: NEW_CLIENT. cV=E3ke7bNtXyWF04ZfM7jXz4}
{"logTime": "0713/204614", "correlationVector":"E3ke7bNtXyWF04ZfM7jXz4.3","action":"GetUpdates Response", "result":"Success", "context":Received 1 update(s). cV=E3ke7bNtXyWF04ZfM7jXz4.0;server=akswtt10600001v;cloudType=Consumer;environment=Prod_westus_prod-s01-081-nam-westus;migrationStage=NotStarted}
{"logTime": "0713/204614", "correlationVector":"tJyJ5bvwZb3jG30/iXvd5E","action":"Initial GetUpdates", "result":"", "context":Reason: NEWLY_SUPPORTED_DATATYPE. cV=tJyJ5bvwZb3jG30/iXvd5E}
{"logTime": "0713/204615", "correlationVector":"tJyJ5bvwZb3jG30/iXvd5E.1","action":"SyncServerConnectionManagerRequest", "result":"SYNC_SERVER_OK", "context":{"environment":"Prod_westus_prod-s01-081-nam-westus", "migrationStage":"NotStarted", "server":"akswtt10600000s"}}
{"logTime": "0713/204615", "correlationVector":"tJyJ5bvwZb3jG30/iXvd5E.2","action":"ProcessGetUpdates", "result":"Done", "context":{"dataType":"Passwords", "deleted":"0", "process_failed_to_decrypt":"0", "process_pending_decryption":"0", "process_success":"228", "total":"228"}}
{"logTime": "0713/204615", "correlationVector":"tJyJ5bvwZb3jG30/iXvd5E.3","action":"ProcessGetUpdates", "result":"Done", "context":{"dataType":"Device Info", "deleted":"0", "process_failed_to_decrypt":"0", "process_pending_decryption":"0", "process_success":"22", "total":"22"}}
{"logTime": "0713/204615", "correlationVector":"tJyJ5bvwZb3jG30/iXvd5E.4","action":"GetUpdates Response", "result":"Success", "context":Received 250 update(s). cV=tJyJ5bvwZb3jG30/iXvd5E.0;server=akswtt10600000s;cloudType=Consumer;environment=Prod_westus_prod-s01-081-nam-westus;migrationStage=NotStarted Some updates remain.}
{"logTime": "0713/204615", "correlationVector":"gah/Pli5ZZCS89cCfD98qq","action":"Initial GetUpdates", "result":"", "context":Reason: NEWLY_SUPPORTED_DATATYPE. cV=gah/Pli5ZZCS89cCfD98qq}
{"logTime": "0713/204615", "correlationVector":"gah/Pli5ZZCS89cCfD98qq.1","action":"SyncServerConnectionManagerRequest", "result":"SYNC_SERVER_OK", "context":{"environment":"Prod_westus_prod-s01-081-nam-westus", "migrationStage":"NotStarted", "server":"akswtt106000019"}}
{"logTime": "0713/204615", "correlationVector":"gah/Pli5ZZCS89cCfD98qq.2","action":"ProcessGetUpdates", "result":"Done", "context":{"dataType":"Passwords", "deleted":"0", "process_failed_to_decrypt":"0", "process_pending_decryption":"0", "process_success":"250", "total":"250"}}
{"logTime": "0713/204615", "correlationVector":"gah/Pli5ZZCS89cCfD98qq.3","action":"GetUpdates Response", "result":"Success", "context":Received 250 update(s). cV=gah/Pli5ZZCS89cCfD98qq.0;server=akswtt106000019;cloudType=Consumer;environment=Prod_westus_prod-s01-081-nam-westus;migrationStage=NotStarted Some updates remain.}
{"logTime": "0713/204615", "correlationVector":"hQ+AhMcY95qQd1d+acCAVk","action":"Initial GetUpdates", "result":"", "context":Reason: NEWLY_SUPPORTED_DATATYPE. cV=hQ+AhMcY95qQd1d+acCAVk}
{"logTime": "0713/204615", "correlationVector":"hQ+AhMcY95qQd1d+acCAVk.1","action":"SyncServerConnectionManagerRequest", "result":"SYNC_SERVER_OK", "context":{"environment":"Prod_westus_prod-s01-081-nam-westus", "migrationStage":"NotStarted", "server":"akswtt10600001f"}}
{"logTime": "0713/204615", "correlationVector":"hQ+AhMcY95qQd1d+acCAVk.2","action":"ProcessGetUpdates", "result":"Done", "context":{"dataType":"Passwords", "deleted":"0", "process_failed_to_decrypt":"0", "process_pending_decryption":"0", "process_success":"139", "total":"139"}}
{"logTime": "0713/204615", "correlationVector":"hQ+AhMcY95qQd1d+acCAVk.3","action":"ProcessGetUpdates", "result":"Done", "context":{"dataType":"Device Info", "deleted":"0", "process_failed_to_decrypt":"0", "process_pending_decryption":"0", "process_success":"3", "total":"3"}}
{"logTime": "0713/204615", "correlationVector":"hQ+AhMcY95qQd1d+acCAVk.4","action":"GetUpdates Response", "result":"Success", "context":Received 142 update(s). cV=hQ+AhMcY95qQd1d+acCAVk.0;server=akswtt10600001f;cloudType=Consumer;environment=Prod_westus_prod-s01-081-nam-westus;migrationStage=NotStarted}
{"logTime": "0713/204615", "correlationVector":"d0j82QiQb7fakGN2rAwHIV","action":"Initial GetUpdates", "result":"", "context":Reason: NEWLY_SUPPORTED_DATATYPE. cV=d0j82QiQb7fakGN2rAwHIV}
{"logTime": "0713/204616", "correlationVector":"d0j82QiQb7fakGN2rAwHIV.1","action":"SyncServerConnectionManagerRequest", "result":"SYNC_SERVER_OK", "context":{"environment":"Prod_westus_prod-s01-081-nam-westus", "migrationStage":"NotStarted", "server":"akswtt106000014"}}
{"logTime": "0713/204616", "correlationVector":"d0j82QiQb7fakGN2rAwHIV.2","action":"ProcessGetUpdates", "result":"Done", "context":{"dataType":"Bookmarks", "deleted":"0", "process_failed_to_decrypt":"0", "process_pending_decryption":"0", "process_success":"147", "total":"147"}}
{"logTime": "0713/204616", "correlationVector":"d0j82QiQb7fakGN2rAwHIV.3","action":"ProcessGetUpdates", "result":"Done", "context":{"dataType":"Preferences", "deleted":"0", "process_failed_to_decrypt":"0", "process_pending_decryption":"0", "process_success":"71", "total":"71"}}
{"logTime": "0713/204616", "correlationVector":"d0j82QiQb7fakGN2rAwHIV.4","action":"ProcessGetUpdates", "result":"Done", "context":{"dataType":"Autofill", "deleted":"0", "process_failed_to_decrypt":"0", "process_pending_decryption":"0", "process_success":"30", "total":"30"}}
{"logTime": "0713/204616", "correlationVector":"d0j82QiQb7fakGN2rAwHIV.5","action":"ProcessGetUpdates", "result":"Done", "context":{"dataType":"Extensions", "deleted":"0", "process_failed_to_decrypt":"0", "process_pending_decryption":"0", "process_success":"1", "total":"1"}}
{"logTime": "0713/204616", "correlationVector":"d0j82QiQb7fakGN2rAwHIV.6","action":"ProcessGetUpdates", "result":"Done", "context":{"dataType":"Extension settings", "deleted":"0", "process_failed_to_decrypt":"0", "process_pending_decryption":"0", "process_success":"1", "total":"1"}}
{"logTime": "0713/204616", "correlationVector":"d0j82QiQb7fakGN2rAwHIV.7","action":"GetUpdates Response", "result":"Success", "context":Received 250 update(s). cV=d0j82QiQb7fakGN2rAwHIV.0;server=akswtt106000014;cloudType=Consumer;environment=Prod_westus_prod-s01-081-nam-westus;migrationStage=NotStarted Some updates remain.}
{"logTime": "0713/204616", "correlationVector":"uXtUw5fFk53WBNTpTZafAu","action":"Initial GetUpdates", "result":"", "context":Reason: NEWLY_SUPPORTED_DATATYPE. cV=uXtUw5fFk53WBNTpTZafAu}
{"logTime": "0713/204616", "correlationVector":"uXtUw5fFk53WBNTpTZafAu.1","action":"SyncServerConnectionManagerRequest", "result":"SYNC_SERVER_OK", "context":{"environment":"Prod_westus_prod-s01-081-nam-westus", "migrationStage":"NotStarted", "server":"akswtt106000018"}}
{"logTime": "0713/204616", "correlationVector":"uXtUw5fFk53WBNTpTZafAu.2","action":"ProcessGetUpdates", "result":"Done", "context":{"dataType":"Autofill", "deleted":"0", "process_failed_to_decrypt":"0", "process_pending_decryption":"0", "process_success":"250", "total":"250"}}
{"logTime": "0713/204616", "correlationVector":"uXtUw5fFk53WBNTpTZafAu.3","action":"GetUpdates Response", "result":"Success", "context":Received 250 update(s). cV=uXtUw5fFk53WBNTpTZafAu.0;server=akswtt106000018;cloudType=Consumer;environment=Prod_westus_prod-s01-081-nam-westus;migrationStage=NotStarted Some updates remain.}
{"logTime": "0713/204616", "correlationVector":"ZEU2KOY9M1EG785MwHZkKj","action":"Initial GetUpdates", "result":"", "context":Reason: NEWLY_SUPPORTED_DATATYPE. cV=ZEU2KOY9M1EG785MwHZkKj}
{"logTime": "0713/204617", "correlationVector":"ZEU2KOY9M1EG785MwHZkKj.1","action":"SyncServerConnectionManagerRequest", "result":"SYNC_SERVER_OK", "context":{"environment":"Prod_westus_prod-s01-081-nam-westus", "migrationStage":"NotStarted", "server":"akswtt106000012"}}
{"logTime": "0713/204617", "correlationVector":"ZEU2KOY9M1EG785MwHZkKj.2","action":"ProcessGetUpdates", "result":"Done", "context":{"dataType":"Autofill", "deleted":"0", "process_failed_to_decrypt":"0", "process_pending_decryption":"0", "process_success":"250", "total":"250"}}
{"logTime": "0713/204617", "correlationVector":"ZEU2KOY9M1EG785MwHZkKj.3","action":"GetUpdates Response", "result":"Success", "context":Received 250 update(s). cV=ZEU2KOY9M1EG785MwHZkKj.0;server=akswtt106000012;cloudType=Consumer;environment=Prod_westus_prod-s01-081-nam-westus;migrationStage=NotStarted Some updates remain.}
{"logTime": "0713/204617", "correlationVector":"aEplM0NqEVFadNODIY9+cc","action":"Initial GetUpdates", "result":"", "context":Reason: NEWLY_SUPPORTED_DATATYPE. cV=aEplM0NqEVFadNODIY9+cc}
{"logTime": "0713/204617", "correlationVector":"aEplM0NqEVFadNODIY9+cc.1","action":"SyncServerConnectionManagerRequest", "result":"SYNC_SERVER_OK", "context":{"environment":"Prod_westus_prod-s01-081-nam-westus", "migrationStage":"NotStarted", "server":"akswtt106000013"}}
{"logTime": "0713/204617", "correlationVector":"aEplM0NqEVFadNODIY9+cc.2","action":"ProcessGetUpdates", "result":"Done", "context":{"dataType":"Autofill", "deleted":"0", "process_failed_to_decrypt":"0", "process_pending_decryption":"0", "process_success":"250", "total":"250"}}
{"logTime": "0713/204618", "correlationVector":"aEplM0NqEVFadNODIY9+cc.3","action":"GetUpdates Response", "result":"Success", "context":Received 250 update(s). cV=aEplM0NqEVFadNODIY9+cc.0;server=akswtt106000013;cloudType=Consumer;environment=Prod_westus_prod-s01-081-nam-westus;migrationStage=NotStarted Some updates remain.}
{"logTime": "0713/204618", "correlationVector":"ic9jnGjCz6uT9G7vLENjNm","action":"Initial GetUpdates", "result":"", "context":Reason: NEWLY_SUPPORTED_DATATYPE. cV=ic9jnGjCz6uT9G7vLENjNm}
{"logTime": "0713/204618", "correlationVector":"ic9jnGjCz6uT9G7vLENjNm","action":"SyncServerConnectionManagerRequest", "result":"CONNECTION_UNAVAILABLE", "context":{"error_type":"net_error_code", "error_value":"-3"}}
